2021-02-28 17:14:29,354 [main] INFO  o.s.b.t.c.SpringBootTestContextBootstrapper        - Neither @ContextConfiguration nor @ContextHierarchy found for test class [com.java.phonebook.PhonebookwebappApplicationTests], using SpringBootContextLoader
2021-02-28 17:14:29,392 [main] INFO  o.s.t.c.support.AbstractContextLoader              - Could not detect default resource locations for test class [com.java.phonebook.PhonebookwebappApplicationTests]: no resource found for suffixes {-context.xml, Context.groovy}.
2021-02-28 17:14:29,409 [main] INFO  o.s.t.c.s.AnnotationConfigContextLoaderUtils       - Could not detect default configuration classes for test class [com.java.phonebook.PhonebookwebappApplicationTests]: PhonebookwebappApplicationTests does not declare any static, non-private, non-final, nested classes annotated with @Configuration.
2021-02-28 17:14:29,959 [main] INFO  o.s.b.t.c.SpringBootTestContextBootstrapper        - Found @SpringBootConfiguration com.java.phonebook.PhonebookwebappApplication for test class com.java.phonebook.PhonebookwebappApplicationTests
2021-02-28 17:14:30,304 [main] INFO  o.s.b.t.c.SpringBootTestContextBootstrapper        - Loaded default TestExecutionListener class names from location [META-INF/spring.factories]: [org.springframework.boot.test.mock.mockito.MockitoTestExecutionListener, org.springframework.boot.test.mock.mockito.ResetMocksTestExecutionListener, org.springframework.boot.test.autoconfigure.restdocs.RestDocsTestExecutionListener, org.springframework.boot.test.autoconfigure.web.client.MockRestServiceServerResetTestExecutionListener, org.springframework.boot.test.autoconfigure.web.servlet.MockMvcPrintOnlyOnFailureTestExecutionListener, org.springframework.boot.test.autoconfigure.web.servlet.WebDriverTestExecutionListener, org.springframework.boot.test.autoconfigure.webservices.client.MockWebServiceServerTestExecutionListener, org.springframework.test.context.web.ServletTestExecutionListener, org.springframework.test.context.support.DirtiesContextBeforeModesTestExecutionListener, org.springframework.test.context.event.ApplicationEventsTestExecutionListener, org.springframework.test.context.support.DependencyInjectionTestExecutionListener, org.springframework.test.context.support.DirtiesContextTestExecutionListener, org.springframework.test.context.transaction.TransactionalTestExecutionListener, org.springframework.test.context.jdbc.SqlScriptsTestExecutionListener, org.springframework.test.context.event.EventPublishingTestExecutionListener]
2021-02-28 17:14:30,372 [main] INFO  o.s.b.t.c.SpringBootTestContextBootstrapper        - Using TestExecutionListeners: [org.springframework.test.context.web.ServletTestExecutionListener@733c423e, org.springframework.test.context.support.DirtiesContextBeforeModesTestExecutionListener@4b629f13, org.springframework.test.context.event.ApplicationEventsTestExecutionListener@70925b45, org.springframework.boot.test.mock.mockito.MockitoTestExecutionListener@1b9ea3e3, org.springframework.boot.test.autoconfigure.SpringBootDependencyInjectionTestExecutionListener@aa22f1c, org.springframework.test.context.support.DirtiesContextTestExecutionListener@55e7a35c, org.springframework.test.context.transaction.TransactionalTestExecutionListener@37cd92d6, org.springframework.test.context.jdbc.SqlScriptsTestExecutionListener@5922ae77, org.springframework.test.context.event.EventPublishingTestExecutionListener@4263b080, org.springframework.boot.test.mock.mockito.ResetMocksTestExecutionListener@2af616d3, org.springframework.boot.test.autoconfigure.restdocs.RestDocsTestExecutionListener@71f67a79, org.springframework.boot.test.autoconfigure.web.client.MockRestServiceServerResetTestExecutionListener@3deb2326, org.springframework.boot.test.autoconfigure.web.servlet.MockMvcPrintOnlyOnFailureTestExecutionListener@62d363ab, org.springframework.boot.test.autoconfigure.web.servlet.WebDriverTestExecutionListener@7889a1ac, org.springframework.boot.test.autoconfigure.webservices.client.MockWebServiceServerTestExecutionListener@3aee3976]
2021-02-28 17:14:31,313 [main] INFO  c.j.p.PhonebookwebappApplicationTests              - Starting PhonebookwebappApplicationTests using Java 11.0.10 on DESKTOP-A5TPVQF with PID 15444 (started by anave in E:\java projects\Phonebookwebapp)
2021-02-28 17:14:31,321 [main] INFO  c.j.p.PhonebookwebappApplicationTests              - No active profile set, falling back to default profiles: default
2021-02-28 17:14:33,986 [main] INFO  o.s.d.r.c.RepositoryConfigurationDelegate          - Bootstrapping Spring Data JPA repositories in DEFAULT mode.
2021-02-28 17:14:34,240 [main] INFO  o.s.d.r.c.RepositoryConfigurationDelegate          - Finished Spring Data repository scanning in 238 ms. Found 1 JPA repository interfaces.
2021-02-28 17:14:36,028 [main] INFO  com.zaxxer.hikari.HikariDataSource                 - HikariPool-1 - Starting...
2021-02-28 17:14:36,563 [main] INFO  com.zaxxer.hikari.HikariDataSource                 - HikariPool-1 - Start completed.
2021-02-28 17:14:36,866 [main] INFO  o.hibernate.jpa.internal.util.LogHelper            - HHH000204: Processing PersistenceUnitInfo [name: default]
2021-02-28 17:14:37,029 [main] INFO  org.hibernate.Version                              - HHH000412: Hibernate ORM core version 5.4.27.Final
2021-02-28 17:14:37,489 [main] INFO  org.hibernate.annotations.common.Version           - HCANN000001: Hibernate Commons Annotations {5.1.2.Final}
2021-02-28 17:14:38,692 [main] INFO  org.hibernate.dialect.Dialect                      - HHH000400: Using dialect: org.hibernate.dialect.H2Dialect
2021-02-28 17:14:39,294 [main] INFO  org.hibernate.tuple.PojoInstantiator               - HHH000182: No default (no-argument) constructor for class: com.java.phonebook.entity.Contact (class must be instantiated by Interceptor)
2021-02-28 17:14:39,867 [main] INFO  o.h.e.t.j.p.i.JtaPlatformInitiator                 - HHH000490: Using JtaPlatform implementation: [org.hibernate.engine.transaction.jta.platform.internal.NoJtaPlatform]
2021-02-28 17:14:39,911 [main] INFO  o.s.o.j.LocalContainerEntityManagerFactoryBean     - Initialized JPA EntityManagerFactory for persistence unit 'default'
2021-02-28 17:14:40,988 [main] WARN  o.s.b.a.o.j.JpaBaseConfiguration$JpaWebConfiguration - spring.jpa.open-in-view is enabled by default. Therefore, database queries may be performed during view rendering. Explicitly configure spring.jpa.open-in-view to disable this warning
2021-02-28 17:14:41,541 [main] INFO  o.s.b.a.h2.H2ConsoleAutoConfiguration              - H2 console available at '/h2-console'. Database available at 'jdbc:h2:mem:testdb'
2021-02-28 17:14:41,939 [main] INFO  o.s.b.a.e.web.EndpointLinksResolver                - Exposing 2 endpoint(s) beneath base path '/actuator'
2021-02-28 17:14:42,800 [main] INFO  o.s.s.concurrent.ThreadPoolTaskExecutor            - Initializing ExecutorService 'applicationTaskExecutor'
2021-02-28 17:14:43,329 [main] INFO  s.d.s.w.p.DocumentationPluginsBootstrapper         - Context refreshed
2021-02-28 17:14:43,360 [main] INFO  s.d.s.w.p.DocumentationPluginsBootstrapper         - Found 1 custom documentation plugin(s)
2021-02-28 17:14:43,371 [main] INFO  s.d.s.w.s.ApiListingReferenceScanner               - Scanning for api listing references
2021-02-28 17:14:43,564 [main] INFO  c.j.p.PhonebookwebappApplicationTests              - Started PhonebookwebappApplicationTests in 13.103 seconds (JVM running for 19.229)
2021-02-28 17:14:44,141 [SpringContextShutdownHook] INFO  o.s.s.concurrent.ThreadPoolTaskExecutor            - Shutting down ExecutorService 'applicationTaskExecutor'
2021-02-28 17:14:44,157 [SpringContextShutdownHook] INFO  o.s.o.j.LocalContainerEntityManagerFactoryBean     - Closing JPA EntityManagerFactory for persistence unit 'default'
2021-02-28 17:14:44,158 [SpringContextShutdownHook] INFO  o.h.t.s.i.SchemaDropperImpl$DelayedDropActionImpl  - HHH000477: Starting delayed evictData of schema as part of SessionFactory shut-down'
2021-02-28 17:14:44,187 [SpringContextShutdownHook] INFO  com.zaxxer.hikari.HikariDataSource                 - HikariPool-1 - Shutdown initiated...
2021-02-28 17:14:44,194 [SpringContextShutdownHook] INFO  com.zaxxer.hikari.HikariDataSource                 - HikariPool-1 - Shutdown completed.
2021-02-28 19:42:45,840 [main] INFO  o.s.b.t.c.SpringBootTestContextBootstrapper        - Neither @ContextConfiguration nor @ContextHierarchy found for test class [com.java.phonebook.PhonebookwebappApplicationTests], using SpringBootContextLoader
2021-02-28 19:42:45,850 [main] INFO  o.s.t.c.support.AbstractContextLoader              - Could not detect default resource locations for test class [com.java.phonebook.PhonebookwebappApplicationTests]: no resource found for suffixes {-context.xml, Context.groovy}.
2021-02-28 19:42:45,851 [main] INFO  o.s.t.c.s.AnnotationConfigContextLoaderUtils       - Could not detect default configuration classes for test class [com.java.phonebook.PhonebookwebappApplicationTests]: PhonebookwebappApplicationTests does not declare any static, non-private, non-final, nested classes annotated with @Configuration.
2021-02-28 19:42:46,384 [main] INFO  o.s.b.t.c.SpringBootTestContextBootstrapper        - Found @SpringBootConfiguration com.java.phonebook.PhonebookwebappApplication for test class com.java.phonebook.PhonebookwebappApplicationTests
2021-02-28 19:42:46,733 [main] INFO  o.s.b.t.c.SpringBootTestContextBootstrapper        - Loaded default TestExecutionListener class names from location [META-INF/spring.factories]: [org.springframework.boot.test.mock.mockito.MockitoTestExecutionListener, org.springframework.boot.test.mock.mockito.ResetMocksTestExecutionListener, org.springframework.boot.test.autoconfigure.restdocs.RestDocsTestExecutionListener, org.springframework.boot.test.autoconfigure.web.client.MockRestServiceServerResetTestExecutionListener, org.springframework.boot.test.autoconfigure.web.servlet.MockMvcPrintOnlyOnFailureTestExecutionListener, org.springframework.boot.test.autoconfigure.web.servlet.WebDriverTestExecutionListener, org.springframework.boot.test.autoconfigure.webservices.client.MockWebServiceServerTestExecutionListener, org.springframework.test.context.web.ServletTestExecutionListener, org.springframework.test.context.support.DirtiesContextBeforeModesTestExecutionListener, org.springframework.test.context.event.ApplicationEventsTestExecutionListener, org.springframework.test.context.support.DependencyInjectionTestExecutionListener, org.springframework.test.context.support.DirtiesContextTestExecutionListener, org.springframework.test.context.transaction.TransactionalTestExecutionListener, org.springframework.test.context.jdbc.SqlScriptsTestExecutionListener, org.springframework.test.context.event.EventPublishingTestExecutionListener]
2021-02-28 19:42:46,797 [main] INFO  o.s.b.t.c.SpringBootTestContextBootstrapper        - Using TestExecutionListeners: [org.springframework.test.context.web.ServletTestExecutionListener@bc57b40, org.springframework.test.context.support.DirtiesContextBeforeModesTestExecutionListener@1b5bc39d, org.springframework.test.context.event.ApplicationEventsTestExecutionListener@655a5d9c, org.springframework.boot.test.mock.mockito.MockitoTestExecutionListener@1494b84d, org.springframework.boot.test.autoconfigure.SpringBootDependencyInjectionTestExecutionListener@34abdee4, org.springframework.test.context.support.DirtiesContextTestExecutionListener@71a9b4c7, org.springframework.test.context.transaction.TransactionalTestExecutionListener@4628b1d3, org.springframework.test.context.jdbc.SqlScriptsTestExecutionListener@77cf3f8b, org.springframework.test.context.event.EventPublishingTestExecutionListener@1df98368, org.springframework.boot.test.mock.mockito.ResetMocksTestExecutionListener@21ca139c, org.springframework.boot.test.autoconfigure.restdocs.RestDocsTestExecutionListener@226f885f, org.springframework.boot.test.autoconfigure.web.client.MockRestServiceServerResetTestExecutionListener@2cd2c8fe, org.springframework.boot.test.autoconfigure.web.servlet.MockMvcPrintOnlyOnFailureTestExecutionListener@7d61eccf, org.springframework.boot.test.autoconfigure.web.servlet.WebDriverTestExecutionListener@cc6460c, org.springframework.boot.test.autoconfigure.webservices.client.MockWebServiceServerTestExecutionListener@52350abb]
2021-02-28 19:42:47,959 [main] INFO  c.j.p.PhonebookwebappApplicationTests              - Starting PhonebookwebappApplicationTests using Java 11.0.10 on DESKTOP-A5TPVQF with PID 16940 (started by anave in E:\java projects\Phonebookwebapp)
2021-02-28 19:42:47,969 [main] INFO  c.j.p.PhonebookwebappApplicationTests              - No active profile set, falling back to default profiles: default
2021-02-28 19:42:50,514 [main] INFO  o.s.d.r.c.RepositoryConfigurationDelegate          - Bootstrapping Spring Data JPA repositories in DEFAULT mode.
2021-02-28 19:42:50,647 [main] INFO  o.s.d.r.c.RepositoryConfigurationDelegate          - Finished Spring Data repository scanning in 118 ms. Found 1 JPA repository interfaces.
2021-02-28 19:42:52,140 [main] INFO  com.zaxxer.hikari.HikariDataSource                 - HikariPool-1 - Starting...
2021-02-28 19:42:52,490 [main] INFO  com.zaxxer.hikari.HikariDataSource                 - HikariPool-1 - Start completed.
2021-02-28 19:42:52,651 [main] INFO  o.hibernate.jpa.internal.util.LogHelper            - HHH000204: Processing PersistenceUnitInfo [name: default]
2021-02-28 19:42:52,764 [main] INFO  org.hibernate.Version                              - HHH000412: Hibernate ORM core version 5.4.27.Final
2021-02-28 19:42:53,224 [main] INFO  org.hibernate.annotations.common.Version           - HCANN000001: Hibernate Commons Annotations {5.1.2.Final}
2021-02-28 19:42:53,711 [main] INFO  org.hibernate.dialect.Dialect                      - HHH000400: Using dialect: org.hibernate.dialect.H2Dialect
2021-02-28 19:42:54,239 [main] INFO  org.hibernate.tuple.PojoInstantiator               - HHH000182: No default (no-argument) constructor for class: com.java.phonebook.entity.Contact (class must be instantiated by Interceptor)
2021-02-28 19:42:54,764 [main] INFO  o.h.e.t.j.p.i.JtaPlatformInitiator                 - HHH000490: Using JtaPlatform implementation: [org.hibernate.engine.transaction.jta.platform.internal.NoJtaPlatform]
2021-02-28 19:42:54,781 [main] INFO  o.s.o.j.LocalContainerEntityManagerFactoryBean     - Initialized JPA EntityManagerFactory for persistence unit 'default'
2021-02-28 19:42:55,784 [main] WARN  o.s.b.a.o.j.JpaBaseConfiguration$JpaWebConfiguration - spring.jpa.open-in-view is enabled by default. Therefore, database queries may be performed during view rendering. Explicitly configure spring.jpa.open-in-view to disable this warning
2021-02-28 19:42:56,221 [main] INFO  o.s.b.a.h2.H2ConsoleAutoConfiguration              - H2 console available at '/h2-console'. Database available at 'jdbc:h2:mem:testdb'
2021-02-28 19:42:56,552 [main] INFO  o.s.b.a.e.web.EndpointLinksResolver                - Exposing 2 endpoint(s) beneath base path '/actuator'
2021-02-28 19:42:57,175 [main] INFO  o.s.s.concurrent.ThreadPoolTaskExecutor            - Initializing ExecutorService 'applicationTaskExecutor'
2021-02-28 19:42:57,756 [main] INFO  s.d.s.w.p.DocumentationPluginsBootstrapper         - Context refreshed
2021-02-28 19:42:57,779 [main] INFO  s.d.s.w.p.DocumentationPluginsBootstrapper         - Found 1 custom documentation plugin(s)
2021-02-28 19:42:57,793 [main] INFO  s.d.s.w.s.ApiListingReferenceScanner               - Scanning for api listing references
2021-02-28 19:42:57,969 [main] INFO  c.j.p.PhonebookwebappApplicationTests              - Started PhonebookwebappApplicationTests in 11.055 seconds (JVM running for 16.152)
2021-02-28 19:42:58,566 [SpringContextShutdownHook] INFO  o.s.s.concurrent.ThreadPoolTaskExecutor            - Shutting down ExecutorService 'applicationTaskExecutor'
2021-02-28 19:42:58,571 [SpringContextShutdownHook] INFO  o.s.o.j.LocalContainerEntityManagerFactoryBean     - Closing JPA EntityManagerFactory for persistence unit 'default'
2021-02-28 19:42:58,572 [SpringContextShutdownHook] INFO  o.h.t.s.i.SchemaDropperImpl$DelayedDropActionImpl  - HHH000477: Starting delayed evictData of schema as part of SessionFactory shut-down'
2021-02-28 19:42:58,580 [SpringContextShutdownHook] INFO  com.zaxxer.hikari.HikariDataSource                 - HikariPool-1 - Shutdown initiated...
2021-02-28 19:42:58,585 [SpringContextShutdownHook] INFO  com.zaxxer.hikari.HikariDataSource                 - HikariPool-1 - Shutdown completed.
2021-02-28 19:44:50,483 [main] INFO  o.s.b.t.c.SpringBootTestContextBootstrapper        - Neither @ContextConfiguration nor @ContextHierarchy found for test class [com.java.phonebook.PhonebookwebappApplicationTests], using SpringBootContextLoader
2021-02-28 19:44:50,491 [main] INFO  o.s.t.c.support.AbstractContextLoader              - Could not detect default resource locations for test class [com.java.phonebook.PhonebookwebappApplicationTests]: no resource found for suffixes {-context.xml, Context.groovy}.
2021-02-28 19:44:50,492 [main] INFO  o.s.t.c.s.AnnotationConfigContextLoaderUtils       - Could not detect default configuration classes for test class [com.java.phonebook.PhonebookwebappApplicationTests]: PhonebookwebappApplicationTests does not declare any static, non-private, non-final, nested classes annotated with @Configuration.
2021-02-28 19:44:50,617 [main] INFO  o.s.b.t.c.SpringBootTestContextBootstrapper        - Found @SpringBootConfiguration com.java.phonebook.PhonebookwebappApplication for test class com.java.phonebook.PhonebookwebappApplicationTests
2021-02-28 19:44:50,753 [main] INFO  o.s.b.t.c.SpringBootTestContextBootstrapper        - Loaded default TestExecutionListener class names from location [META-INF/spring.factories]: [org.springframework.boot.test.mock.mockito.MockitoTestExecutionListener, org.springframework.boot.test.mock.mockito.ResetMocksTestExecutionListener, org.springframework.boot.test.autoconfigure.restdocs.RestDocsTestExecutionListener, org.springframework.boot.test.autoconfigure.web.client.MockRestServiceServerResetTestExecutionListener, org.springframework.boot.test.autoconfigure.web.servlet.MockMvcPrintOnlyOnFailureTestExecutionListener, org.springframework.boot.test.autoconfigure.web.servlet.WebDriverTestExecutionListener, org.springframework.boot.test.autoconfigure.webservices.client.MockWebServiceServerTestExecutionListener, org.springframework.test.context.web.ServletTestExecutionListener, org.springframework.test.context.support.DirtiesContextBeforeModesTestExecutionListener, org.springframework.test.context.event.ApplicationEventsTestExecutionListener, org.springframework.test.context.support.DependencyInjectionTestExecutionListener, org.springframework.test.context.support.DirtiesContextTestExecutionListener, org.springframework.test.context.transaction.TransactionalTestExecutionListener, org.springframework.test.context.jdbc.SqlScriptsTestExecutionListener, org.springframework.test.context.event.EventPublishingTestExecutionListener]
2021-02-28 19:44:50,773 [main] INFO  o.s.b.t.c.SpringBootTestContextBootstrapper        - Using TestExecutionListeners: [org.springframework.test.context.web.ServletTestExecutionListener@bc57b40, org.springframework.test.context.support.DirtiesContextBeforeModesTestExecutionListener@1b5bc39d, org.springframework.test.context.event.ApplicationEventsTestExecutionListener@655a5d9c, org.springframework.boot.test.mock.mockito.MockitoTestExecutionListener@1494b84d, org.springframework.boot.test.autoconfigure.SpringBootDependencyInjectionTestExecutionListener@34abdee4, org.springframework.test.context.support.DirtiesContextTestExecutionListener@71a9b4c7, org.springframework.test.context.transaction.TransactionalTestExecutionListener@4628b1d3, org.springframework.test.context.jdbc.SqlScriptsTestExecutionListener@77cf3f8b, org.springframework.test.context.event.EventPublishingTestExecutionListener@1df98368, org.springframework.boot.test.mock.mockito.ResetMocksTestExecutionListener@21ca139c, org.springframework.boot.test.autoconfigure.restdocs.RestDocsTestExecutionListener@226f885f, org.springframework.boot.test.autoconfigure.web.client.MockRestServiceServerResetTestExecutionListener@2cd2c8fe, org.springframework.boot.test.autoconfigure.web.servlet.MockMvcPrintOnlyOnFailureTestExecutionListener@7d61eccf, org.springframework.boot.test.autoconfigure.web.servlet.WebDriverTestExecutionListener@cc6460c, org.springframework.boot.test.autoconfigure.webservices.client.MockWebServiceServerTestExecutionListener@52350abb]
2021-02-28 19:44:51,273 [main] INFO  c.j.p.PhonebookwebappApplicationTests              - Starting PhonebookwebappApplicationTests using Java 11.0.10 on DESKTOP-A5TPVQF with PID 6944 (started by anave in E:\java projects\Phonebookwebapp)
2021-02-28 19:44:51,276 [main] INFO  c.j.p.PhonebookwebappApplicationTests              - No active profile set, falling back to default profiles: default
2021-02-28 19:44:52,560 [main] INFO  o.s.d.r.c.RepositoryConfigurationDelegate          - Bootstrapping Spring Data JPA repositories in DEFAULT mode.
2021-02-28 19:44:52,711 [main] INFO  o.s.d.r.c.RepositoryConfigurationDelegate          - Finished Spring Data repository scanning in 126 ms. Found 1 JPA repository interfaces.
2021-02-28 19:44:53,755 [main] INFO  com.zaxxer.hikari.HikariDataSource                 - HikariPool-1 - Starting...
2021-02-28 19:44:53,998 [main] INFO  com.zaxxer.hikari.HikariDataSource                 - HikariPool-1 - Start completed.
2021-02-28 19:44:54,105 [main] INFO  o.hibernate.jpa.internal.util.LogHelper            - HHH000204: Processing PersistenceUnitInfo [name: default]
2021-02-28 19:44:54,243 [main] INFO  org.hibernate.Version                              - HHH000412: Hibernate ORM core version 5.4.27.Final
2021-02-28 19:44:54,730 [main] INFO  org.hibernate.annotations.common.Version           - HCANN000001: Hibernate Commons Annotations {5.1.2.Final}
2021-02-28 19:44:55,289 [main] INFO  org.hibernate.dialect.Dialect                      - HHH000400: Using dialect: org.hibernate.dialect.H2Dialect
2021-02-28 19:44:55,860 [main] INFO  org.hibernate.tuple.PojoInstantiator               - HHH000182: No default (no-argument) constructor for class: com.java.phonebook.entity.Contact (class must be instantiated by Interceptor)
2021-02-28 19:44:56,367 [main] INFO  o.h.e.t.j.p.i.JtaPlatformInitiator                 - HHH000490: Using JtaPlatform implementation: [org.hibernate.engine.transaction.jta.platform.internal.NoJtaPlatform]
2021-02-28 19:44:56,378 [main] INFO  o.s.o.j.LocalContainerEntityManagerFactoryBean     - Initialized JPA EntityManagerFactory for persistence unit 'default'
2021-02-28 19:44:57,124 [main] WARN  o.s.b.a.o.j.JpaBaseConfiguration$JpaWebConfiguration - spring.jpa.open-in-view is enabled by default. Therefore, database queries may be performed during view rendering. Explicitly configure spring.jpa.open-in-view to disable this warning
2021-02-28 19:44:57,506 [main] INFO  o.s.b.a.h2.H2ConsoleAutoConfiguration              - H2 console available at '/h2-console'. Database available at 'jdbc:h2:mem:testdb'
2021-02-28 19:44:57,780 [main] INFO  o.s.b.a.e.web.EndpointLinksResolver                - Exposing 2 endpoint(s) beneath base path '/actuator'
2021-02-28 19:44:58,525 [main] INFO  o.s.s.concurrent.ThreadPoolTaskExecutor            - Initializing ExecutorService 'applicationTaskExecutor'
2021-02-28 19:44:59,070 [main] INFO  s.d.s.w.p.DocumentationPluginsBootstrapper         - Context refreshed
2021-02-28 19:44:59,094 [main] INFO  s.d.s.w.p.DocumentationPluginsBootstrapper         - Found 1 custom documentation plugin(s)
2021-02-28 19:44:59,106 [main] INFO  s.d.s.w.s.ApiListingReferenceScanner               - Scanning for api listing references
2021-02-28 19:44:59,298 [main] INFO  c.j.p.PhonebookwebappApplicationTests              - Started PhonebookwebappApplicationTests in 8.479 seconds (JVM running for 11.475)
2021-02-28 19:44:59,678 [SpringContextShutdownHook] INFO  o.s.s.concurrent.ThreadPoolTaskExecutor            - Shutting down ExecutorService 'applicationTaskExecutor'
2021-02-28 19:44:59,693 [SpringContextShutdownHook] INFO  o.s.o.j.LocalContainerEntityManagerFactoryBean     - Closing JPA EntityManagerFactory for persistence unit 'default'
2021-02-28 19:44:59,694 [SpringContextShutdownHook] INFO  o.h.t.s.i.SchemaDropperImpl$DelayedDropActionImpl  - HHH000477: Starting delayed evictData of schema as part of SessionFactory shut-down'
2021-02-28 19:44:59,771 [SpringContextShutdownHook] WARN  o.h.t.s.i.e.GenerationTargetToDatabase             - HHH000335: Unable to log SQLWarnings : org.h2.jdbc.JdbcSQLNonTransientConnectionException: Database is already closed (to disable automatic closing at VM shutdown, add ";DB_CLOSE_ON_EXIT=FALSE" to the db URL) [90121-200]
org.h2.jdbc.JdbcSQLNonTransientConnectionException: Database is already closed (to disable automatic closing at VM shutdown, add ";DB_CLOSE_ON_EXIT=FALSE" to the db URL) [90121-200]
	at org.h2.message.DbException.getJdbcSQLException(DbException.java:622)
	at org.h2.message.DbException.getJdbcSQLException(DbException.java:429)
	at org.h2.message.DbException.get(DbException.java:205)
	at org.h2.message.DbException.get(DbException.java:181)
	at org.h2.message.DbException.get(DbException.java:170)
	at org.h2.jdbc.JdbcConnection.checkClosed(JdbcConnection.java:1514)
	at org.h2.jdbc.JdbcStatement.checkClosed(JdbcStatement.java:1211)
	at org.h2.jdbc.JdbcStatement.checkClosed(JdbcStatement.java:1185)
	at org.h2.jdbc.JdbcStatement.getWarnings(JdbcStatement.java:349)
	at com.zaxxer.hikari.pool.HikariProxyStatement.getWarnings(HikariProxyStatement.java)
	at org.hibernate.tool.schema.internal.exec.GenerationTargetToDatabase.accept(GenerationTargetToDatabase.java:57)
	at org.hibernate.tool.schema.internal.SchemaDropperImpl$DelayedDropActionImpl.perform(SchemaDropperImpl.java:542)
	at org.hibernate.internal.SessionFactoryImpl.close(SessionFactoryImpl.java:796)
	at java.base/jdk.internal.reflect.NativeMethodAccessorImpl.invoke0(Native Method)
	at java.base/jdk.internal.reflect.NativeMethodAccessorImpl.invoke(NativeMethodAccessorImpl.java:62)
	at java.base/jdk.internal.reflect.DelegatingMethodAccessorImpl.invoke(DelegatingMethodAccessorImpl.java:43)
	at java.base/java.lang.reflect.Method.invoke(Method.java:566)
	at org.springframework.orm.jpa.AbstractEntityManagerFactoryBean.invokeProxyMethod(AbstractEntityManagerFactoryBean.java:519)
	at org.springframework.orm.jpa.AbstractEntityManagerFactoryBean$ManagedEntityManagerFactoryInvocationHandler.invoke(AbstractEntityManagerFactoryBean.java:734)
	at com.sun.proxy.$Proxy114.close(Unknown Source)
	at org.springframework.orm.jpa.AbstractEntityManagerFactoryBean.destroy(AbstractEntityManagerFactoryBean.java:653)
	at org.springframework.beans.factory.support.DisposableBeanAdapter.destroy(DisposableBeanAdapter.java:258)
	at org.springframework.beans.factory.support.DefaultSingletonBeanRegistry.destroyBean(DefaultSingletonBeanRegistry.java:587)
	at org.springframework.beans.factory.support.DefaultSingletonBeanRegistry.destroySingleton(DefaultSingletonBeanRegistry.java:559)
	at org.springframework.beans.factory.support.DefaultListableBeanFactory.destroySingleton(DefaultListableBeanFactory.java:1152)
	at org.springframework.beans.factory.support.DefaultSingletonBeanRegistry.destroySingletons(DefaultSingletonBeanRegistry.java:520)
	at org.springframework.beans.factory.support.DefaultListableBeanFactory.destroySingletons(DefaultListableBeanFactory.java:1145)
	at org.springframework.context.support.AbstractApplicationContext.destroyBeans(AbstractApplicationContext.java:1111)
	at org.springframework.context.support.AbstractApplicationContext.doClose(AbstractApplicationContext.java:1080)
	at org.springframework.context.support.AbstractApplicationContext$1.run(AbstractApplicationContext.java:996)
2021-02-28 19:44:59,773 [SpringContextShutdownHook] ERROR o.h.t.s.i.SchemaDropperImpl$DelayedDropActionImpl  - HHH000478: Unsuccessful: drop sequence if exists hibernate_sequence
2021-02-28 19:44:59,797 [SpringContextShutdownHook] WARN  o.h.engine.jdbc.spi.SqlExceptionHelper             - SQL Error: 90121, SQLState: 90121
2021-02-28 19:44:59,799 [SpringContextShutdownHook] ERROR o.h.engine.jdbc.spi.SqlExceptionHelper             - Database is already closed (to disable automatic closing at VM shutdown, add ";DB_CLOSE_ON_EXIT=FALSE" to the db URL) [90121-200]
2021-02-28 19:44:59,805 [SpringContextShutdownHook] WARN  o.s.b.f.support.DisposableBeanAdapter              - Invocation of destroy method failed on bean with name 'entityManagerFactory': org.hibernate.exception.JDBCConnectionException: Unable to release JDBC Connection used for DDL execution
2021-02-28 19:44:59,811 [SpringContextShutdownHook] INFO  com.zaxxer.hikari.HikariDataSource                 - HikariPool-1 - Shutdown initiated...
2021-02-28 19:44:59,819 [SpringContextShutdownHook] INFO  com.zaxxer.hikari.HikariDataSource                 - HikariPool-1 - Shutdown completed.
2021-02-28 19:52:27,513 [main] INFO  c.j.phonebook.PhonebookwebappApplication           - Starting PhonebookwebappApplication using Java 11.0.10 on DESKTOP-A5TPVQF with PID 7744 (E:\java projects\Phonebookwebapp\target\classes started by anave in E:\java projects\Phonebookwebapp)
2021-02-28 19:52:27,557 [main] INFO  c.j.phonebook.PhonebookwebappApplication           - No active profile set, falling back to default profiles: default
2021-02-28 19:52:30,637 [main] INFO  o.s.d.r.c.RepositoryConfigurationDelegate          - Bootstrapping Spring Data JPA repositories in DEFAULT mode.
2021-02-28 19:52:30,875 [main] INFO  o.s.d.r.c.RepositoryConfigurationDelegate          - Finished Spring Data repository scanning in 226 ms. Found 1 JPA repository interfaces.
2021-02-28 19:52:33,322 [main] INFO  o.s.b.w.embedded.tomcat.TomcatWebServer            - Tomcat initialized with port(s): 8080 (http)
2021-02-28 19:52:33,377 [main] INFO  o.apache.coyote.http11.Http11NioProtocol           - Initializing ProtocolHandler ["http-nio-8080"]
2021-02-28 19:52:33,378 [main] INFO  org.apache.catalina.core.StandardService           - Starting service [Tomcat]
2021-02-28 19:52:33,379 [main] INFO  org.apache.catalina.core.StandardEngine            - Starting Servlet engine: [Apache Tomcat/9.0.41]
2021-02-28 19:52:33,710 [main] INFO  o.a.c.c.C.[Tomcat].[localhost].[/]                 - Initializing Spring embedded WebApplicationContext
2021-02-28 19:52:33,711 [main] INFO  o.s.b.w.s.c.ServletWebServerApplicationContext     - Root WebApplicationContext: initialization completed in 5869 ms
2021-02-28 19:52:34,303 [main] INFO  com.zaxxer.hikari.HikariDataSource                 - HikariPool-1 - Starting...
2021-02-28 19:52:35,012 [main] INFO  com.zaxxer.hikari.HikariDataSource                 - HikariPool-1 - Start completed.
2021-02-28 19:52:35,022 [main] INFO  o.s.b.a.h2.H2ConsoleAutoConfiguration              - H2 console available at '/h2-console'. Database available at 'jdbc:h2:mem:testdb'
2021-02-28 19:52:35,666 [main] INFO  o.hibernate.jpa.internal.util.LogHelper            - HHH000204: Processing PersistenceUnitInfo [name: default]
2021-02-28 19:52:36,003 [main] INFO  org.hibernate.Version                              - HHH000412: Hibernate ORM core version 5.4.27.Final
2021-02-28 19:52:36,850 [main] INFO  org.hibernate.annotations.common.Version           - HCANN000001: Hibernate Commons Annotations {5.1.2.Final}
2021-02-28 19:52:37,147 [main] INFO  org.hibernate.dialect.Dialect                      - HHH000400: Using dialect: org.hibernate.dialect.H2Dialect
2021-02-28 19:52:37,939 [main] INFO  org.hibernate.tuple.PojoInstantiator               - HHH000182: No default (no-argument) constructor for class: com.java.phonebook.entity.Contact (class must be instantiated by Interceptor)
2021-02-28 19:52:38,543 [main] INFO  o.h.e.t.j.p.i.JtaPlatformInitiator                 - HHH000490: Using JtaPlatform implementation: [org.hibernate.engine.transaction.jta.platform.internal.NoJtaPlatform]
2021-02-28 19:52:38,553 [main] INFO  o.s.o.j.LocalContainerEntityManagerFactoryBean     - Initialized JPA EntityManagerFactory for persistence unit 'default'
2021-02-28 19:52:39,818 [main] WARN  o.s.b.a.o.j.JpaBaseConfiguration$JpaWebConfiguration - spring.jpa.open-in-view is enabled by default. Therefore, database queries may be performed during view rendering. Explicitly configure spring.jpa.open-in-view to disable this warning
2021-02-28 19:52:41,058 [main] INFO  o.s.b.a.e.web.EndpointLinksResolver                - Exposing 2 endpoint(s) beneath base path '/actuator'
2021-02-28 19:52:41,597 [main] INFO  o.s.s.concurrent.ThreadPoolTaskExecutor            - Initializing ExecutorService 'applicationTaskExecutor'
2021-02-28 19:52:42,055 [main] INFO  o.apache.coyote.http11.Http11NioProtocol           - Starting ProtocolHandler ["http-nio-8080"]
2021-02-28 19:52:43,779 [main] INFO  o.s.b.w.embedded.tomcat.TomcatWebServer            - Tomcat started on port(s): 8080 (http) with context path ''
2021-02-28 19:52:43,781 [main] INFO  s.d.s.w.p.DocumentationPluginsBootstrapper         - Context refreshed
2021-02-28 19:52:44,173 [main] INFO  s.d.s.w.p.DocumentationPluginsBootstrapper         - Found 1 custom documentation plugin(s)
2021-02-28 19:52:44,209 [main] INFO  s.d.s.w.s.ApiListingReferenceScanner               - Scanning for api listing references
2021-02-28 19:52:44,505 [main] INFO  c.j.phonebook.PhonebookwebappApplication           - Started PhonebookwebappApplication in 18.272 seconds (JVM running for 23.534)
2021-02-28 19:52:45,024 [RMI TCP Connection(3)-127.0.0.1] INFO  o.a.c.c.C.[Tomcat].[localhost].[/]                 - Initializing Spring DispatcherServlet 'dispatcherServlet'
2021-02-28 19:52:45,025 [RMI TCP Connection(3)-127.0.0.1] INFO  o.s.web.servlet.DispatcherServlet                  - Initializing Servlet 'dispatcherServlet'
2021-02-28 19:52:45,028 [RMI TCP Connection(3)-127.0.0.1] INFO  o.s.web.servlet.DispatcherServlet                  - Completed initialization in 2 ms
2021-02-28 19:53:26,288 [main] INFO  o.s.b.t.c.SpringBootTestContextBootstrapper        - Neither @ContextConfiguration nor @ContextHierarchy found for test class [com.java.phonebook.PhonebookwebappApplicationTests], using SpringBootContextLoader
2021-02-28 19:53:26,316 [main] INFO  o.s.t.c.support.AbstractContextLoader              - Could not detect default resource locations for test class [com.java.phonebook.PhonebookwebappApplicationTests]: no resource found for suffixes {-context.xml, Context.groovy}.
2021-02-28 19:53:26,319 [main] INFO  o.s.t.c.s.AnnotationConfigContextLoaderUtils       - Could not detect default configuration classes for test class [com.java.phonebook.PhonebookwebappApplicationTests]: PhonebookwebappApplicationTests does not declare any static, non-private, non-final, nested classes annotated with @Configuration.
2021-02-28 19:53:26,506 [main] INFO  o.s.b.t.c.SpringBootTestContextBootstrapper        - Found @SpringBootConfiguration com.java.phonebook.PhonebookwebappApplication for test class com.java.phonebook.PhonebookwebappApplicationTests
2021-02-28 19:53:26,674 [main] INFO  o.s.b.t.c.SpringBootTestContextBootstrapper        - Loaded default TestExecutionListener class names from location [META-INF/spring.factories]: [org.springframework.boot.test.mock.mockito.MockitoTestExecutionListener, org.springframework.boot.test.mock.mockito.ResetMocksTestExecutionListener, org.springframework.boot.test.autoconfigure.restdocs.RestDocsTestExecutionListener, org.springframework.boot.test.autoconfigure.web.client.MockRestServiceServerResetTestExecutionListener, org.springframework.boot.test.autoconfigure.web.servlet.MockMvcPrintOnlyOnFailureTestExecutionListener, org.springframework.boot.test.autoconfigure.web.servlet.WebDriverTestExecutionListener, org.springframework.boot.test.autoconfigure.webservices.client.MockWebServiceServerTestExecutionListener, org.springframework.test.context.web.ServletTestExecutionListener, org.springframework.test.context.support.DirtiesContextBeforeModesTestExecutionListener, org.springframework.test.context.event.ApplicationEventsTestExecutionListener, org.springframework.test.context.support.DependencyInjectionTestExecutionListener, org.springframework.test.context.support.DirtiesContextTestExecutionListener, org.springframework.test.context.transaction.TransactionalTestExecutionListener, org.springframework.test.context.jdbc.SqlScriptsTestExecutionListener, org.springframework.test.context.event.EventPublishingTestExecutionListener]
2021-02-28 19:53:26,699 [main] INFO  o.s.b.t.c.SpringBootTestContextBootstrapper        - Using TestExecutionListeners: [org.springframework.test.context.web.ServletTestExecutionListener@687a762c, org.springframework.test.context.support.DirtiesContextBeforeModesTestExecutionListener@1a2e2935, org.springframework.test.context.event.ApplicationEventsTestExecutionListener@733c423e, org.springframework.boot.test.mock.mockito.MockitoTestExecutionListener@4b629f13, org.springframework.boot.test.autoconfigure.SpringBootDependencyInjectionTestExecutionListener@70925b45, org.springframework.test.context.support.DirtiesContextTestExecutionListener@1b9ea3e3, org.springframework.test.context.transaction.TransactionalTestExecutionListener@aa22f1c, org.springframework.test.context.jdbc.SqlScriptsTestExecutionListener@55e7a35c, org.springframework.test.context.event.EventPublishingTestExecutionListener@37cd92d6, org.springframework.boot.test.mock.mockito.ResetMocksTestExecutionListener@5922ae77, org.springframework.boot.test.autoconfigure.restdocs.RestDocsTestExecutionListener@4263b080, org.springframework.boot.test.autoconfigure.web.client.MockRestServiceServerResetTestExecutionListener@2af616d3, org.springframework.boot.test.autoconfigure.web.servlet.MockMvcPrintOnlyOnFailureTestExecutionListener@71f67a79, org.springframework.boot.test.autoconfigure.web.servlet.WebDriverTestExecutionListener@3deb2326, org.springframework.boot.test.autoconfigure.webservices.client.MockWebServiceServerTestExecutionListener@62d363ab]
2021-02-28 19:53:27,338 [main] INFO  c.j.p.PhonebookwebappApplicationTests              - Starting PhonebookwebappApplicationTests using Java 11.0.10 on DESKTOP-A5TPVQF with PID 6564 (started by anave in E:\java projects\Phonebookwebapp)
2021-02-28 19:53:27,341 [main] INFO  c.j.p.PhonebookwebappApplicationTests              - No active profile set, falling back to default profiles: default
2021-02-28 19:53:28,662 [main] INFO  o.s.d.r.c.RepositoryConfigurationDelegate          - Bootstrapping Spring Data JPA repositories in DEFAULT mode.
2021-02-28 19:53:28,792 [main] INFO  o.s.d.r.c.RepositoryConfigurationDelegate          - Finished Spring Data repository scanning in 121 ms. Found 1 JPA repository interfaces.
2021-02-28 19:53:30,081 [main] INFO  com.zaxxer.hikari.HikariDataSource                 - HikariPool-1 - Starting...
2021-02-28 19:53:30,348 [main] INFO  com.zaxxer.hikari.HikariDataSource                 - HikariPool-1 - Start completed.
2021-02-28 19:53:30,692 [main] INFO  o.hibernate.jpa.internal.util.LogHelper            - HHH000204: Processing PersistenceUnitInfo [name: default]
2021-02-28 19:53:31,330 [main] INFO  org.hibernate.Version                              - HHH000412: Hibernate ORM core version 5.4.27.Final
2021-02-28 19:53:31,767 [main] INFO  org.hibernate.annotations.common.Version           - HCANN000001: Hibernate Commons Annotations {5.1.2.Final}
2021-02-28 19:53:32,363 [main] INFO  org.hibernate.dialect.Dialect                      - HHH000400: Using dialect: org.hibernate.dialect.H2Dialect
2021-02-28 19:53:33,389 [main] INFO  org.hibernate.tuple.PojoInstantiator               - HHH000182: No default (no-argument) constructor for class: com.java.phonebook.entity.Contact (class must be instantiated by Interceptor)
2021-02-28 19:53:33,913 [main] INFO  o.h.e.t.j.p.i.JtaPlatformInitiator                 - HHH000490: Using JtaPlatform implementation: [org.hibernate.engine.transaction.jta.platform.internal.NoJtaPlatform]
2021-02-28 19:53:33,925 [main] INFO  o.s.o.j.LocalContainerEntityManagerFactoryBean     - Initialized JPA EntityManagerFactory for persistence unit 'default'
2021-02-28 19:53:34,848 [main] WARN  o.s.b.a.o.j.JpaBaseConfiguration$JpaWebConfiguration - spring.jpa.open-in-view is enabled by default. Therefore, database queries may be performed during view rendering. Explicitly configure spring.jpa.open-in-view to disable this warning
2021-02-28 19:53:35,531 [main] INFO  o.s.b.a.h2.H2ConsoleAutoConfiguration              - H2 console available at '/h2-console'. Database available at 'jdbc:h2:mem:testdb'
2021-02-28 19:53:36,073 [main] INFO  o.s.b.a.e.web.EndpointLinksResolver                - Exposing 2 endpoint(s) beneath base path '/actuator'
2021-02-28 19:53:37,144 [main] INFO  o.s.s.concurrent.ThreadPoolTaskExecutor            - Initializing ExecutorService 'applicationTaskExecutor'
2021-02-28 19:53:37,806 [main] INFO  s.d.s.w.p.DocumentationPluginsBootstrapper         - Context refreshed
2021-02-28 19:53:37,823 [main] INFO  s.d.s.w.p.DocumentationPluginsBootstrapper         - Found 1 custom documentation plugin(s)
2021-02-28 19:53:37,834 [main] INFO  s.d.s.w.s.ApiListingReferenceScanner               - Scanning for api listing references
2021-02-28 19:53:37,983 [main] INFO  c.j.p.PhonebookwebappApplicationTests              - Started PhonebookwebappApplicationTests in 11.233 seconds (JVM running for 15.082)
2021-02-28 19:53:38,959 [SpringContextShutdownHook] INFO  o.s.s.concurrent.ThreadPoolTaskExecutor            - Shutting down ExecutorService 'applicationTaskExecutor'
2021-02-28 19:53:38,970 [SpringContextShutdownHook] INFO  o.s.o.j.LocalContainerEntityManagerFactoryBean     - Closing JPA EntityManagerFactory for persistence unit 'default'
2021-02-28 19:53:38,971 [SpringContextShutdownHook] INFO  o.h.t.s.i.SchemaDropperImpl$DelayedDropActionImpl  - HHH000477: Starting delayed evictData of schema as part of SessionFactory shut-down'
2021-02-28 19:53:38,988 [SpringContextShutdownHook] INFO  com.zaxxer.hikari.HikariDataSource                 - HikariPool-1 - Shutdown initiated...
2021-02-28 19:53:38,993 [SpringContextShutdownHook] INFO  com.zaxxer.hikari.HikariDataSource                 - HikariPool-1 - Shutdown completed.
2021-02-28 20:52:28,979 [RMI TCP Connection(65)-127.0.0.1] INFO  o.s.b.a.SpringApplicationAdminMXBeanRegistrar$SpringApplicationAdmin - Application shutdown requested.
2021-02-28 20:52:39,189 [RMI TCP Connection(65)-127.0.0.1] INFO  o.s.s.concurrent.ThreadPoolTaskExecutor            - Shutting down ExecutorService 'applicationTaskExecutor'
2021-02-28 20:52:39,365 [RMI TCP Connection(65)-127.0.0.1] INFO  o.s.o.j.LocalContainerEntityManagerFactoryBean     - Closing JPA EntityManagerFactory for persistence unit 'default'
2021-02-28 20:52:40,922 [RMI TCP Connection(65)-127.0.0.1] INFO  o.h.t.s.i.SchemaDropperImpl$DelayedDropActionImpl  - HHH000477: Starting delayed evictData of schema as part of SessionFactory shut-down'
2021-02-28 20:52:42,674 [RMI TCP Connection(65)-127.0.0.1] INFO  com.zaxxer.hikari.HikariDataSource                 - HikariPool-1 - Shutdown initiated...
2021-02-28 20:52:42,897 [RMI TCP Connection(65)-127.0.0.1] INFO  com.zaxxer.hikari.HikariDataSource                 - HikariPool-1 - Shutdown completed.
