2021-03-03 07:09:27,479 [main] INFO  o.s.b.t.c.SpringBootTestContextBootstrapper        - Neither @ContextConfiguration nor @ContextHierarchy found for test class [com.java.phonebook.PhonebookwebappApplicationTests], using SpringBootContextLoader
2021-03-03 07:09:27,545 [main] INFO  o.s.t.c.support.AbstractContextLoader              - Could not detect default resource locations for test class [com.java.phonebook.PhonebookwebappApplicationTests]: no resource found for suffixes {-context.xml, Context.groovy}.
2021-03-03 07:09:27,549 [main] INFO  o.s.t.c.s.AnnotationConfigContextLoaderUtils       - Could not detect default configuration classes for test class [com.java.phonebook.PhonebookwebappApplicationTests]: PhonebookwebappApplicationTests does not declare any static, non-private, non-final, nested classes annotated with @Configuration.
2021-03-03 07:09:28,605 [main] INFO  o.s.b.t.c.SpringBootTestContextBootstrapper        - Found @SpringBootConfiguration com.java.phonebook.PhonebookwebappApplication for test class com.java.phonebook.PhonebookwebappApplicationTests
2021-03-03 07:09:29,168 [main] INFO  o.s.b.t.c.SpringBootTestContextBootstrapper        - Loaded default TestExecutionListener class names from location [META-INF/spring.factories]: [org.springframework.boot.test.mock.mockito.MockitoTestExecutionListener, org.springframework.boot.test.mock.mockito.ResetMocksTestExecutionListener, org.springframework.boot.test.autoconfigure.restdocs.RestDocsTestExecutionListener, org.springframework.boot.test.autoconfigure.web.client.MockRestServiceServerResetTestExecutionListener, org.springframework.boot.test.autoconfigure.web.servlet.MockMvcPrintOnlyOnFailureTestExecutionListener, org.springframework.boot.test.autoconfigure.web.servlet.WebDriverTestExecutionListener, org.springframework.boot.test.autoconfigure.webservices.client.MockWebServiceServerTestExecutionListener, org.springframework.test.context.web.ServletTestExecutionListener, org.springframework.test.context.support.DirtiesContextBeforeModesTestExecutionListener, org.springframework.test.context.event.ApplicationEventsTestExecutionListener, org.springframework.test.context.support.DependencyInjectionTestExecutionListener, org.springframework.test.context.support.DirtiesContextTestExecutionListener, org.springframework.test.context.transaction.TransactionalTestExecutionListener, org.springframework.test.context.jdbc.SqlScriptsTestExecutionListener, org.springframework.test.context.event.EventPublishingTestExecutionListener]
2021-03-03 07:09:29,362 [main] INFO  o.s.b.t.c.SpringBootTestContextBootstrapper        - Using TestExecutionListeners: [org.springframework.test.context.web.ServletTestExecutionListener@3cab07dd, org.springframework.test.context.support.DirtiesContextBeforeModesTestExecutionListener@68f264bf, org.springframework.test.context.event.ApplicationEventsTestExecutionListener@77988c45, org.springframework.boot.test.mock.mockito.MockitoTestExecutionListener@f5f8de2, org.springframework.boot.test.autoconfigure.SpringBootDependencyInjectionTestExecutionListener@6baee63b, org.springframework.test.context.support.DirtiesContextTestExecutionListener@1002b06d, org.springframework.test.context.transaction.TransactionalTestExecutionListener@234bfc8c, org.springframework.test.context.jdbc.SqlScriptsTestExecutionListener@5008559a, org.springframework.test.context.event.EventPublishingTestExecutionListener@4c0bfe9e, org.springframework.boot.test.mock.mockito.ResetMocksTestExecutionListener@490fbeaa, org.springframework.boot.test.autoconfigure.restdocs.RestDocsTestExecutionListener@35dc849b, org.springframework.boot.test.autoconfigure.web.client.MockRestServiceServerResetTestExecutionListener@276aa33f, org.springframework.boot.test.autoconfigure.web.servlet.MockMvcPrintOnlyOnFailureTestExecutionListener@34065642, org.springframework.boot.test.autoconfigure.web.servlet.WebDriverTestExecutionListener@c85486, org.springframework.boot.test.autoconfigure.webservices.client.MockWebServiceServerTestExecutionListener@51e1e058]
2021-03-03 07:09:30,652 [main] INFO  c.j.p.PhonebookwebappApplicationTests              - Starting PhonebookwebappApplicationTests using Java 14.0.2 on DESKTOP-A5TPVQF with PID 15256 (started by anave in E:\AshokIT tasks\projects\Phonebookwebapp)
2021-03-03 07:09:30,670 [main] INFO  c.j.p.PhonebookwebappApplicationTests              - No active profile set, falling back to default profiles: default
2021-03-03 07:09:35,473 [main] INFO  o.s.d.r.c.RepositoryConfigurationDelegate          - Bootstrapping Spring Data JPA repositories in DEFAULT mode.
2021-03-03 07:09:35,845 [main] INFO  o.s.d.r.c.RepositoryConfigurationDelegate          - Finished Spring Data repository scanning in 314 ms. Found 1 JPA repository interfaces.
2021-03-03 07:09:40,746 [main] INFO  com.zaxxer.hikari.HikariDataSource                 - HikariPool-1 - Starting...
2021-03-03 07:09:43,694 [main] INFO  com.zaxxer.hikari.HikariDataSource                 - HikariPool-1 - Start completed.
2021-03-03 07:09:45,153 [main] INFO  o.hibernate.jpa.internal.util.LogHelper            - HHH000204: Processing PersistenceUnitInfo [name: default]
2021-03-03 07:09:46,827 [main] INFO  org.hibernate.Version                              - HHH000412: Hibernate ORM core version 5.4.27.Final
2021-03-03 07:09:49,138 [main] INFO  org.hibernate.annotations.common.Version           - HCANN000001: Hibernate Commons Annotations {5.1.2.Final}
2021-03-03 07:09:49,834 [main] INFO  org.hibernate.dialect.Dialect                      - HHH000400: Using dialect: org.hibernate.dialect.H2Dialect
2021-03-03 07:09:53,512 [main] INFO  o.h.e.t.j.p.i.JtaPlatformInitiator                 - HHH000490: Using JtaPlatform implementation: [org.hibernate.engine.transaction.jta.platform.internal.NoJtaPlatform]
2021-03-03 07:09:53,560 [main] INFO  o.s.o.j.LocalContainerEntityManagerFactoryBean     - Initialized JPA EntityManagerFactory for persistence unit 'default'
2021-03-03 07:09:56,045 [main] WARN  o.s.b.a.o.j.JpaBaseConfiguration$JpaWebConfiguration - spring.jpa.open-in-view is enabled by default. Therefore, database queries may be performed during view rendering. Explicitly configure spring.jpa.open-in-view to disable this warning
2021-03-03 07:09:56,932 [main] INFO  o.s.b.a.h2.H2ConsoleAutoConfiguration              - H2 console available at '/h2-console'. Database available at 'jdbc:h2:mem:testdb'
2021-03-03 07:09:59,190 [main] INFO  o.s.b.a.e.web.EndpointLinksResolver                - Exposing 2 endpoint(s) beneath base path '/actuator'
2021-03-03 07:10:01,812 [main] INFO  o.s.s.concurrent.ThreadPoolTaskExecutor            - Initializing ExecutorService 'applicationTaskExecutor'
2021-03-03 07:10:03,058 [main] INFO  s.d.s.w.p.DocumentationPluginsBootstrapper         - Context refreshed
2021-03-03 07:10:03,180 [main] INFO  s.d.s.w.p.DocumentationPluginsBootstrapper         - Found 1 custom documentation plugin(s)
2021-03-03 07:10:03,256 [main] INFO  s.d.s.w.s.ApiListingReferenceScanner               - Scanning for api listing references
2021-03-03 07:10:03,971 [main] INFO  c.j.p.PhonebookwebappApplicationTests              - Started PhonebookwebappApplicationTests in 34.425 seconds (JVM running for 42.664)
2021-03-03 07:10:05,742 [SpringContextShutdownHook] INFO  o.s.s.concurrent.ThreadPoolTaskExecutor            - Shutting down ExecutorService 'applicationTaskExecutor'
2021-03-03 07:10:05,754 [SpringContextShutdownHook] INFO  o.s.o.j.LocalContainerEntityManagerFactoryBean     - Closing JPA EntityManagerFactory for persistence unit 'default'
2021-03-03 07:10:05,755 [SpringContextShutdownHook] INFO  o.h.t.s.i.SchemaDropperImpl$DelayedDropActionImpl  - HHH000477: Starting delayed evictData of schema as part of SessionFactory shut-down'
2021-03-03 07:10:06,063 [SpringContextShutdownHook] INFO  com.zaxxer.hikari.HikariDataSource                 - HikariPool-1 - Shutdown initiated...
2021-03-03 07:10:06,066 [SpringContextShutdownHook] INFO  com.zaxxer.hikari.HikariDataSource                 - HikariPool-1 - Shutdown completed.
2021-03-03 07:21:28,407 [main] INFO  o.s.b.t.c.SpringBootTestContextBootstrapper        - Neither @ContextConfiguration nor @ContextHierarchy found for test class [com.java.phonebook.PhonebookwebappApplicationTests], using SpringBootContextLoader
2021-03-03 07:21:28,438 [main] INFO  o.s.t.c.support.AbstractContextLoader              - Could not detect default resource locations for test class [com.java.phonebook.PhonebookwebappApplicationTests]: no resource found for suffixes {-context.xml, Context.groovy}.
2021-03-03 07:21:28,440 [main] INFO  o.s.t.c.s.AnnotationConfigContextLoaderUtils       - Could not detect default configuration classes for test class [com.java.phonebook.PhonebookwebappApplicationTests]: PhonebookwebappApplicationTests does not declare any static, non-private, non-final, nested classes annotated with @Configuration.
2021-03-03 07:21:28,882 [main] INFO  o.s.b.t.c.SpringBootTestContextBootstrapper        - Found @SpringBootConfiguration com.java.phonebook.PhonebookwebappApplication for test class com.java.phonebook.PhonebookwebappApplicationTests
2021-03-03 07:21:29,388 [main] INFO  o.s.b.t.c.SpringBootTestContextBootstrapper        - Loaded default TestExecutionListener class names from location [META-INF/spring.factories]: [org.springframework.boot.test.mock.mockito.MockitoTestExecutionListener, org.springframework.boot.test.mock.mockito.ResetMocksTestExecutionListener, org.springframework.boot.test.autoconfigure.restdocs.RestDocsTestExecutionListener, org.springframework.boot.test.autoconfigure.web.client.MockRestServiceServerResetTestExecutionListener, org.springframework.boot.test.autoconfigure.web.servlet.MockMvcPrintOnlyOnFailureTestExecutionListener, org.springframework.boot.test.autoconfigure.web.servlet.WebDriverTestExecutionListener, org.springframework.boot.test.autoconfigure.webservices.client.MockWebServiceServerTestExecutionListener, org.springframework.test.context.web.ServletTestExecutionListener, org.springframework.test.context.support.DirtiesContextBeforeModesTestExecutionListener, org.springframework.test.context.event.ApplicationEventsTestExecutionListener, org.springframework.test.context.support.DependencyInjectionTestExecutionListener, org.springframework.test.context.support.DirtiesContextTestExecutionListener, org.springframework.test.context.transaction.TransactionalTestExecutionListener, org.springframework.test.context.jdbc.SqlScriptsTestExecutionListener, org.springframework.test.context.event.EventPublishingTestExecutionListener]
2021-03-03 07:21:29,540 [main] INFO  o.s.b.t.c.SpringBootTestContextBootstrapper        - Using TestExecutionListeners: [org.springframework.test.context.web.ServletTestExecutionListener@478c84aa, org.springframework.test.context.support.DirtiesContextBeforeModesTestExecutionListener@1d1deb11, org.springframework.test.context.event.ApplicationEventsTestExecutionListener@18d1d137, org.springframework.boot.test.mock.mockito.MockitoTestExecutionListener@5f4f6f89, org.springframework.boot.test.autoconfigure.SpringBootDependencyInjectionTestExecutionListener@7c45191e, org.springframework.test.context.support.DirtiesContextTestExecutionListener@ef220e4, org.springframework.test.context.transaction.TransactionalTestExecutionListener@18bc1064, org.springframework.test.context.jdbc.SqlScriptsTestExecutionListener@3cab07dd, org.springframework.test.context.event.EventPublishingTestExecutionListener@68f264bf, org.springframework.boot.test.mock.mockito.ResetMocksTestExecutionListener@77988c45, org.springframework.boot.test.autoconfigure.restdocs.RestDocsTestExecutionListener@f5f8de2, org.springframework.boot.test.autoconfigure.web.client.MockRestServiceServerResetTestExecutionListener@6baee63b, org.springframework.boot.test.autoconfigure.web.servlet.MockMvcPrintOnlyOnFailureTestExecutionListener@1002b06d, org.springframework.boot.test.autoconfigure.web.servlet.WebDriverTestExecutionListener@234bfc8c, org.springframework.boot.test.autoconfigure.webservices.client.MockWebServiceServerTestExecutionListener@5008559a]
2021-03-03 07:21:30,564 [main] INFO  c.j.p.PhonebookwebappApplicationTests              - Starting PhonebookwebappApplicationTests using Java 14.0.2 on DESKTOP-A5TPVQF with PID 13560 (started by anave in E:\AshokIT tasks\projects\Phonebookwebapp)
2021-03-03 07:21:30,569 [main] INFO  c.j.p.PhonebookwebappApplicationTests              - No active profile set, falling back to default profiles: default
2021-03-03 07:21:34,715 [main] INFO  o.s.d.r.c.RepositoryConfigurationDelegate          - Bootstrapping Spring Data JPA repositories in DEFAULT mode.
2021-03-03 07:21:34,906 [main] INFO  o.s.d.r.c.RepositoryConfigurationDelegate          - Finished Spring Data repository scanning in 172 ms. Found 1 JPA repository interfaces.
2021-03-03 07:21:38,751 [main] INFO  com.zaxxer.hikari.HikariDataSource                 - HikariPool-1 - Starting...
2021-03-03 07:21:41,506 [main] INFO  com.zaxxer.hikari.HikariDataSource                 - HikariPool-1 - Start completed.
2021-03-03 07:21:41,890 [main] INFO  o.hibernate.jpa.internal.util.LogHelper            - HHH000204: Processing PersistenceUnitInfo [name: default]
2021-03-03 07:21:42,666 [main] INFO  org.hibernate.Version                              - HHH000412: Hibernate ORM core version 5.4.27.Final
2021-03-03 07:21:43,495 [main] INFO  org.hibernate.annotations.common.Version           - HCANN000001: Hibernate Commons Annotations {5.1.2.Final}
2021-03-03 07:21:43,991 [main] INFO  org.hibernate.dialect.Dialect                      - HHH000400: Using dialect: org.hibernate.dialect.H2Dialect
2021-03-03 07:21:47,414 [main] INFO  o.h.e.t.j.p.i.JtaPlatformInitiator                 - HHH000490: Using JtaPlatform implementation: [org.hibernate.engine.transaction.jta.platform.internal.NoJtaPlatform]
2021-03-03 07:21:47,442 [main] INFO  o.s.o.j.LocalContainerEntityManagerFactoryBean     - Initialized JPA EntityManagerFactory for persistence unit 'default'
2021-03-03 07:21:49,049 [main] WARN  o.s.b.a.o.j.JpaBaseConfiguration$JpaWebConfiguration - spring.jpa.open-in-view is enabled by default. Therefore, database queries may be performed during view rendering. Explicitly configure spring.jpa.open-in-view to disable this warning
2021-03-03 07:21:49,759 [main] INFO  o.s.b.a.h2.H2ConsoleAutoConfiguration              - H2 console available at '/h2-console'. Database available at 'jdbc:h2:mem:testdb'
2021-03-03 07:21:50,255 [main] INFO  o.s.b.a.e.web.EndpointLinksResolver                - Exposing 2 endpoint(s) beneath base path '/actuator'
2021-03-03 07:21:51,132 [main] INFO  o.s.s.concurrent.ThreadPoolTaskExecutor            - Initializing ExecutorService 'applicationTaskExecutor'
2021-03-03 07:21:51,887 [main] INFO  s.d.s.w.p.DocumentationPluginsBootstrapper         - Context refreshed
2021-03-03 07:21:51,934 [main] INFO  s.d.s.w.p.DocumentationPluginsBootstrapper         - Found 1 custom documentation plugin(s)
2021-03-03 07:21:51,975 [main] INFO  s.d.s.w.s.ApiListingReferenceScanner               - Scanning for api listing references
2021-03-03 07:21:52,597 [main] INFO  c.j.p.PhonebookwebappApplicationTests              - Started PhonebookwebappApplicationTests in 22.89 seconds (JVM running for 29.75)
2021-03-03 07:21:54,094 [SpringContextShutdownHook] INFO  o.s.s.concurrent.ThreadPoolTaskExecutor            - Shutting down ExecutorService 'applicationTaskExecutor'
2021-03-03 07:21:54,102 [SpringContextShutdownHook] INFO  o.s.o.j.LocalContainerEntityManagerFactoryBean     - Closing JPA EntityManagerFactory for persistence unit 'default'
2021-03-03 07:21:54,103 [SpringContextShutdownHook] INFO  o.h.t.s.i.SchemaDropperImpl$DelayedDropActionImpl  - HHH000477: Starting delayed evictData of schema as part of SessionFactory shut-down'
2021-03-03 07:21:54,183 [SpringContextShutdownHook] INFO  com.zaxxer.hikari.HikariDataSource                 - HikariPool-1 - Shutdown initiated...
2021-03-03 07:21:54,231 [SpringContextShutdownHook] INFO  com.zaxxer.hikari.HikariDataSource                 - HikariPool-1 - Shutdown completed.
2021-03-03 16:18:15,308 [main] INFO  o.s.b.t.c.SpringBootTestContextBootstrapper        - Neither @ContextConfiguration nor @ContextHierarchy found for test class [com.java.phonebook.PhonebookwebappApplicationTests], using SpringBootContextLoader
2021-03-03 16:18:15,333 [main] INFO  o.s.t.c.support.AbstractContextLoader              - Could not detect default resource locations for test class [com.java.phonebook.PhonebookwebappApplicationTests]: no resource found for suffixes {-context.xml, Context.groovy}.
2021-03-03 16:18:15,336 [main] INFO  o.s.t.c.s.AnnotationConfigContextLoaderUtils       - Could not detect default configuration classes for test class [com.java.phonebook.PhonebookwebappApplicationTests]: PhonebookwebappApplicationTests does not declare any static, non-private, non-final, nested classes annotated with @Configuration.
2021-03-03 16:18:15,953 [main] INFO  o.s.b.t.c.SpringBootTestContextBootstrapper        - Found @SpringBootConfiguration com.java.phonebook.PhonebookwebappApplication for test class com.java.phonebook.PhonebookwebappApplicationTests
2021-03-03 16:18:16,363 [main] INFO  o.s.b.t.c.SpringBootTestContextBootstrapper        - Loaded default TestExecutionListener class names from location [META-INF/spring.factories]: [org.springframework.boot.test.mock.mockito.MockitoTestExecutionListener, org.springframework.boot.test.mock.mockito.ResetMocksTestExecutionListener, org.springframework.boot.test.autoconfigure.restdocs.RestDocsTestExecutionListener, org.springframework.boot.test.autoconfigure.web.client.MockRestServiceServerResetTestExecutionListener, org.springframework.boot.test.autoconfigure.web.servlet.MockMvcPrintOnlyOnFailureTestExecutionListener, org.springframework.boot.test.autoconfigure.web.servlet.WebDriverTestExecutionListener, org.springframework.boot.test.autoconfigure.webservices.client.MockWebServiceServerTestExecutionListener, org.springframework.test.context.web.ServletTestExecutionListener, org.springframework.test.context.support.DirtiesContextBeforeModesTestExecutionListener, org.springframework.test.context.event.ApplicationEventsTestExecutionListener, org.springframework.test.context.support.DependencyInjectionTestExecutionListener, org.springframework.test.context.support.DirtiesContextTestExecutionListener, org.springframework.test.context.transaction.TransactionalTestExecutionListener, org.springframework.test.context.jdbc.SqlScriptsTestExecutionListener, org.springframework.test.context.event.EventPublishingTestExecutionListener]
2021-03-03 16:18:16,459 [main] INFO  o.s.b.t.c.SpringBootTestContextBootstrapper        - Using TestExecutionListeners: [org.springframework.test.context.web.ServletTestExecutionListener@570127fa, org.springframework.test.context.support.DirtiesContextBeforeModesTestExecutionListener@5b324447, org.springframework.test.context.event.ApplicationEventsTestExecutionListener@2ffcdc9b, org.springframework.boot.test.mock.mockito.MockitoTestExecutionListener@47994b51, org.springframework.boot.test.autoconfigure.SpringBootDependencyInjectionTestExecutionListener@19f99aaf, org.springframework.test.context.support.DirtiesContextTestExecutionListener@5020e5ab, org.springframework.test.context.transaction.TransactionalTestExecutionListener@19f1f330, org.springframework.test.context.jdbc.SqlScriptsTestExecutionListener@143fe09c, org.springframework.test.context.event.EventPublishingTestExecutionListener@41463c56, org.springframework.boot.test.mock.mockito.ResetMocksTestExecutionListener@161c9468, org.springframework.boot.test.autoconfigure.restdocs.RestDocsTestExecutionListener@629de8, org.springframework.boot.test.autoconfigure.web.client.MockRestServiceServerResetTestExecutionListener@6b32b678, org.springframework.boot.test.autoconfigure.web.servlet.MockMvcPrintOnlyOnFailureTestExecutionListener@1b6683c4, org.springframework.boot.test.autoconfigure.web.servlet.WebDriverTestExecutionListener@69abeb14, org.springframework.boot.test.autoconfigure.webservices.client.MockWebServiceServerTestExecutionListener@7db2b614]
2021-03-03 16:18:17,280 [main] INFO  c.j.p.PhonebookwebappApplicationTests              - Starting PhonebookwebappApplicationTests using Java 14.0.2 on DESKTOP-A5TPVQF with PID 7140 (started by anave in E:\AshokIT tasks\projects\Phonebookwebapp)
2021-03-03 16:18:17,283 [main] INFO  c.j.p.PhonebookwebappApplicationTests              - No active profile set, falling back to default profiles: default
2021-03-03 16:18:21,066 [main] INFO  o.s.d.r.c.RepositoryConfigurationDelegate          - Bootstrapping Spring Data JPA repositories in DEFAULT mode.
2021-03-03 16:18:21,262 [main] INFO  o.s.d.r.c.RepositoryConfigurationDelegate          - Finished Spring Data repository scanning in 159 ms. Found 1 JPA repository interfaces.
2021-03-03 16:18:24,344 [main] INFO  com.zaxxer.hikari.HikariDataSource                 - HikariPool-1 - Starting...
2021-03-03 16:18:26,007 [main] INFO  com.zaxxer.hikari.HikariDataSource                 - HikariPool-1 - Start completed.
2021-03-03 16:18:26,327 [main] INFO  o.hibernate.jpa.internal.util.LogHelper            - HHH000204: Processing PersistenceUnitInfo [name: default]
2021-03-03 16:18:26,578 [main] INFO  org.hibernate.Version                              - HHH000412: Hibernate ORM core version 5.4.27.Final
2021-03-03 16:18:27,345 [main] INFO  org.hibernate.annotations.common.Version           - HCANN000001: Hibernate Commons Annotations {5.1.2.Final}
2021-03-03 16:18:27,782 [main] INFO  org.hibernate.dialect.Dialect                      - HHH000400: Using dialect: org.hibernate.dialect.H2Dialect
2021-03-03 16:18:29,549 [main] INFO  o.h.e.t.j.p.i.JtaPlatformInitiator                 - HHH000490: Using JtaPlatform implementation: [org.hibernate.engine.transaction.jta.platform.internal.NoJtaPlatform]
2021-03-03 16:18:29,575 [main] INFO  o.s.o.j.LocalContainerEntityManagerFactoryBean     - Initialized JPA EntityManagerFactory for persistence unit 'default'
2021-03-03 16:18:31,575 [main] WARN  o.s.b.a.o.j.JpaBaseConfiguration$JpaWebConfiguration - spring.jpa.open-in-view is enabled by default. Therefore, database queries may be performed during view rendering. Explicitly configure spring.jpa.open-in-view to disable this warning
2021-03-03 16:18:32,080 [main] INFO  o.s.b.a.h2.H2ConsoleAutoConfiguration              - H2 console available at '/h2-console'. Database available at 'jdbc:h2:mem:testdb'
2021-03-03 16:18:32,744 [main] INFO  o.s.b.a.e.web.EndpointLinksResolver                - Exposing 2 endpoint(s) beneath base path '/actuator'
2021-03-03 16:18:33,466 [main] INFO  o.s.s.concurrent.ThreadPoolTaskExecutor            - Initializing ExecutorService 'applicationTaskExecutor'
2021-03-03 16:18:34,118 [main] INFO  s.d.s.w.p.DocumentationPluginsBootstrapper         - Context refreshed
2021-03-03 16:18:34,149 [main] INFO  s.d.s.w.p.DocumentationPluginsBootstrapper         - Found 1 custom documentation plugin(s)
2021-03-03 16:18:34,165 [main] INFO  s.d.s.w.s.ApiListingReferenceScanner               - Scanning for api listing references
2021-03-03 16:18:34,504 [main] INFO  c.j.p.PhonebookwebappApplicationTests              - Started PhonebookwebappApplicationTests in 17.928 seconds (JVM running for 31.34)
2021-03-03 16:18:35,419 [SpringContextShutdownHook] INFO  o.s.s.concurrent.ThreadPoolTaskExecutor            - Shutting down ExecutorService 'applicationTaskExecutor'
2021-03-03 16:18:35,427 [SpringContextShutdownHook] INFO  o.s.o.j.LocalContainerEntityManagerFactoryBean     - Closing JPA EntityManagerFactory for persistence unit 'default'
2021-03-03 16:18:35,428 [SpringContextShutdownHook] INFO  o.h.t.s.i.SchemaDropperImpl$DelayedDropActionImpl  - HHH000477: Starting delayed evictData of schema as part of SessionFactory shut-down'
2021-03-03 16:18:35,718 [SpringContextShutdownHook] INFO  com.zaxxer.hikari.HikariDataSource                 - HikariPool-1 - Shutdown initiated...
2021-03-03 16:18:35,752 [SpringContextShutdownHook] INFO  com.zaxxer.hikari.HikariDataSource                 - HikariPool-1 - Shutdown completed.
