2021-03-04 06:26:48,722 [main] INFO  c.j.phonebook.PhonebookwebappApplication           - Starting PhonebookwebappApplication using Java 11.0.10 on DESKTOP-A5TPVQF with PID 3348 (E:\AshokIT tasks\projects\Phonebookwebapp\target\classes started by anave in E:\AshokIT tasks\projects\Phonebookwebapp)
2021-03-04 06:26:48,729 [main] INFO  c.j.phonebook.PhonebookwebappApplication           - No active profile set, falling back to default profiles: default
2021-03-04 06:26:51,737 [main] INFO  o.s.d.r.c.RepositoryConfigurationDelegate          - Bootstrapping Spring Data JPA repositories in DEFAULT mode.
2021-03-04 06:26:51,941 [main] INFO  o.s.d.r.c.RepositoryConfigurationDelegate          - Finished Spring Data repository scanning in 158 ms. Found 1 JPA repository interfaces.
2021-03-04 06:26:54,470 [main] INFO  o.s.b.w.embedded.tomcat.TomcatWebServer            - Tomcat initialized with port(s): 8080 (http)
2021-03-04 06:26:54,484 [main] INFO  o.apache.coyote.http11.Http11NioProtocol           - Initializing ProtocolHandler ["http-nio-8080"]
2021-03-04 06:26:54,484 [main] INFO  org.apache.catalina.core.StandardService           - Starting service [Tomcat]
2021-03-04 06:26:54,485 [main] INFO  org.apache.catalina.core.StandardEngine            - Starting Servlet engine: [Apache Tomcat/9.0.41]
2021-03-04 06:26:54,760 [main] INFO  o.a.c.c.C.[Tomcat].[localhost].[/]                 - Initializing Spring embedded WebApplicationContext
2021-03-04 06:26:54,761 [main] INFO  o.s.b.w.s.c.ServletWebServerApplicationContext     - Root WebApplicationContext: initialization completed in 5827 ms
2021-03-04 06:26:54,929 [main] INFO  com.zaxxer.hikari.HikariDataSource                 - HikariPool-1 - Starting...
2021-03-04 06:26:55,761 [main] INFO  com.zaxxer.hikari.HikariDataSource                 - HikariPool-1 - Start completed.
2021-03-04 06:26:55,772 [main] INFO  o.s.b.a.h2.H2ConsoleAutoConfiguration              - H2 console available at '/h2-console'. Database available at 'jdbc:h2:mem:testdb'
2021-03-04 06:26:56,410 [main] INFO  o.hibernate.jpa.internal.util.LogHelper            - HHH000204: Processing PersistenceUnitInfo [name: default]
2021-03-04 06:26:56,547 [main] INFO  org.hibernate.Version                              - HHH000412: Hibernate ORM core version 5.4.27.Final
2021-03-04 06:26:57,237 [main] INFO  org.hibernate.annotations.common.Version           - HCANN000001: Hibernate Commons Annotations {5.1.2.Final}
2021-03-04 06:26:57,530 [main] INFO  org.hibernate.dialect.Dialect                      - HHH000400: Using dialect: org.hibernate.dialect.H2Dialect
2021-03-04 06:26:59,003 [main] INFO  o.h.e.t.j.p.i.JtaPlatformInitiator                 - HHH000490: Using JtaPlatform implementation: [org.hibernate.engine.transaction.jta.platform.internal.NoJtaPlatform]
2021-03-04 06:26:59,034 [main] INFO  o.s.o.j.LocalContainerEntityManagerFactoryBean     - Initialized JPA EntityManagerFactory for persistence unit 'default'
2021-03-04 06:27:00,405 [main] WARN  o.s.b.a.o.j.JpaBaseConfiguration$JpaWebConfiguration - spring.jpa.open-in-view is enabled by default. Therefore, database queries may be performed during view rendering. Explicitly configure spring.jpa.open-in-view to disable this warning
2021-03-04 06:27:00,887 [main] INFO  o.s.b.a.e.web.EndpointLinksResolver                - Exposing 2 endpoint(s) beneath base path '/actuator'
2021-03-04 06:27:01,102 [main] INFO  o.s.s.concurrent.ThreadPoolTaskExecutor            - Initializing ExecutorService 'applicationTaskExecutor'
2021-03-04 06:27:01,445 [main] INFO  o.apache.coyote.http11.Http11NioProtocol           - Starting ProtocolHandler ["http-nio-8080"]
2021-03-04 06:27:01,581 [main] INFO  o.s.b.w.embedded.tomcat.TomcatWebServer            - Tomcat started on port(s): 8080 (http) with context path ''
2021-03-04 06:27:01,582 [main] INFO  s.d.s.w.p.DocumentationPluginsBootstrapper         - Context refreshed
2021-03-04 06:27:01,630 [main] INFO  s.d.s.w.p.DocumentationPluginsBootstrapper         - Found 1 custom documentation plugin(s)
2021-03-04 06:27:01,646 [main] INFO  s.d.s.w.s.ApiListingReferenceScanner               - Scanning for api listing references
2021-03-04 06:27:01,997 [main] INFO  c.j.phonebook.PhonebookwebappApplication           - Started PhonebookwebappApplication in 15.586 seconds (JVM running for 19.042)
2021-03-04 06:29:58,336 [http-nio-8080-exec-8] INFO  o.a.c.c.C.[Tomcat].[localhost].[/]                 - Initializing Spring DispatcherServlet 'dispatcherServlet'
2021-03-04 06:29:58,338 [http-nio-8080-exec-8] INFO  o.s.web.servlet.DispatcherServlet                  - Initializing Servlet 'dispatcherServlet'
2021-03-04 06:29:58,342 [http-nio-8080-exec-8] INFO  o.s.web.servlet.DispatcherServlet                  - Completed initialization in 3 ms
2021-03-04 06:31:19,116 [http-nio-8080-exec-2] INFO  c.j.p.controller.PhoneBookController               - **** saveContact() -contact saved ****
2021-03-04 06:32:23,896 [http-nio-8080-exec-6] INFO  c.j.p.controller.PhoneBookController               - **** saveContact() -contact saved ****
2021-03-04 06:35:28,281 [http-nio-8080-exec-5] INFO  c.j.p.controller.PhoneBookController               - *** getContactById() ** execution started ***
2021-03-04 06:35:28,282 [http-nio-8080-exec-5] ERROR c.j.p.controller.PhoneBookController               - exception occured contact not found 
2021-03-04 07:09:44,775 [RMI TCP Connection(49)-127.0.0.1] INFO  o.s.b.a.SpringApplicationAdminMXBeanRegistrar$SpringApplicationAdmin - Application shutdown requested.
2021-03-04 07:09:46,373 [RMI TCP Connection(49)-127.0.0.1] INFO  o.s.s.concurrent.ThreadPoolTaskExecutor            - Shutting down ExecutorService 'applicationTaskExecutor'
2021-03-04 07:09:46,381 [RMI TCP Connection(49)-127.0.0.1] INFO  o.s.o.j.LocalContainerEntityManagerFactoryBean     - Closing JPA EntityManagerFactory for persistence unit 'default'
2021-03-04 07:09:46,430 [RMI TCP Connection(49)-127.0.0.1] INFO  o.h.t.s.i.SchemaDropperImpl$DelayedDropActionImpl  - HHH000477: Starting delayed evictData of schema as part of SessionFactory shut-down'
2021-03-04 07:09:46,569 [RMI TCP Connection(49)-127.0.0.1] INFO  com.zaxxer.hikari.HikariDataSource                 - HikariPool-1 - Shutdown initiated...
2021-03-04 07:09:46,599 [RMI TCP Connection(49)-127.0.0.1] INFO  com.zaxxer.hikari.HikariDataSource                 - HikariPool-1 - Shutdown completed.
2021-03-04 07:10:13,250 [main] INFO  c.j.phonebook.PhonebookwebappApplication           - Starting PhonebookwebappApplication using Java 11.0.10 on DESKTOP-A5TPVQF with PID 10284 (E:\AshokIT tasks\projects\Phonebookwebapp\target\classes started by anave in E:\AshokIT tasks\projects\Phonebookwebapp)
2021-03-04 07:10:13,344 [main] INFO  c.j.phonebook.PhonebookwebappApplication           - No active profile set, falling back to default profiles: default
2021-03-04 07:10:17,871 [main] INFO  o.s.d.r.c.RepositoryConfigurationDelegate          - Bootstrapping Spring Data JPA repositories in DEFAULT mode.
2021-03-04 07:10:18,091 [main] INFO  o.s.d.r.c.RepositoryConfigurationDelegate          - Finished Spring Data repository scanning in 185 ms. Found 1 JPA repository interfaces.
2021-03-04 07:10:20,793 [main] INFO  o.s.b.w.embedded.tomcat.TomcatWebServer            - Tomcat initialized with port(s): 8080 (http)
2021-03-04 07:10:20,827 [main] INFO  o.apache.coyote.http11.Http11NioProtocol           - Initializing ProtocolHandler ["http-nio-8080"]
2021-03-04 07:10:20,828 [main] INFO  org.apache.catalina.core.StandardService           - Starting service [Tomcat]
2021-03-04 07:10:20,828 [main] INFO  org.apache.catalina.core.StandardEngine            - Starting Servlet engine: [Apache Tomcat/9.0.41]
2021-03-04 07:10:21,054 [main] INFO  o.a.c.c.C.[Tomcat].[localhost].[/]                 - Initializing Spring embedded WebApplicationContext
2021-03-04 07:10:21,055 [main] INFO  o.s.b.w.s.c.ServletWebServerApplicationContext     - Root WebApplicationContext: initialization completed in 7108 ms
2021-03-04 07:10:21,383 [main] INFO  com.zaxxer.hikari.HikariDataSource                 - HikariPool-1 - Starting...
2021-03-04 07:10:21,990 [main] INFO  com.zaxxer.hikari.HikariDataSource                 - HikariPool-1 - Start completed.
2021-03-04 07:10:21,998 [main] INFO  o.s.b.a.h2.H2ConsoleAutoConfiguration              - H2 console available at '/h2-console'. Database available at 'jdbc:h2:mem:testdb'
2021-03-04 07:10:22,795 [main] INFO  o.hibernate.jpa.internal.util.LogHelper            - HHH000204: Processing PersistenceUnitInfo [name: default]
2021-03-04 07:10:22,933 [main] INFO  org.hibernate.Version                              - HHH000412: Hibernate ORM core version 5.4.27.Final
2021-03-04 07:10:23,360 [main] INFO  org.hibernate.annotations.common.Version           - HCANN000001: Hibernate Commons Annotations {5.1.2.Final}
2021-03-04 07:10:23,667 [main] INFO  org.hibernate.dialect.Dialect                      - HHH000400: Using dialect: org.hibernate.dialect.H2Dialect
2021-03-04 07:10:24,829 [main] INFO  o.h.e.t.j.p.i.JtaPlatformInitiator                 - HHH000490: Using JtaPlatform implementation: [org.hibernate.engine.transaction.jta.platform.internal.NoJtaPlatform]
2021-03-04 07:10:24,860 [main] INFO  o.s.o.j.LocalContainerEntityManagerFactoryBean     - Initialized JPA EntityManagerFactory for persistence unit 'default'
2021-03-04 07:10:27,597 [main] WARN  o.s.b.a.o.j.JpaBaseConfiguration$JpaWebConfiguration - spring.jpa.open-in-view is enabled by default. Therefore, database queries may be performed during view rendering. Explicitly configure spring.jpa.open-in-view to disable this warning
2021-03-04 07:10:28,095 [main] INFO  o.s.b.a.e.web.EndpointLinksResolver                - Exposing 2 endpoint(s) beneath base path '/actuator'
2021-03-04 07:10:28,413 [main] INFO  o.s.s.concurrent.ThreadPoolTaskExecutor            - Initializing ExecutorService 'applicationTaskExecutor'
2021-03-04 07:10:28,961 [main] INFO  o.apache.coyote.http11.Http11NioProtocol           - Starting ProtocolHandler ["http-nio-8080"]
2021-03-04 07:10:29,101 [main] INFO  o.s.b.w.embedded.tomcat.TomcatWebServer            - Tomcat started on port(s): 8080 (http) with context path ''
2021-03-04 07:10:29,103 [main] INFO  s.d.s.w.p.DocumentationPluginsBootstrapper         - Context refreshed
2021-03-04 07:10:29,148 [main] INFO  s.d.s.w.p.DocumentationPluginsBootstrapper         - Found 1 custom documentation plugin(s)
2021-03-04 07:10:29,165 [main] INFO  s.d.s.w.s.ApiListingReferenceScanner               - Scanning for api listing references
2021-03-04 07:10:29,533 [main] INFO  c.j.phonebook.PhonebookwebappApplication           - Started PhonebookwebappApplication in 17.869 seconds (JVM running for 23.159)
2021-03-04 07:10:29,575 [RMI TCP Connection(3)-127.0.0.1] INFO  o.a.c.c.C.[Tomcat].[localhost].[/]                 - Initializing Spring DispatcherServlet 'dispatcherServlet'
2021-03-04 07:10:29,575 [RMI TCP Connection(3)-127.0.0.1] INFO  o.s.web.servlet.DispatcherServlet                  - Initializing Servlet 'dispatcherServlet'
2021-03-04 07:10:29,577 [RMI TCP Connection(3)-127.0.0.1] INFO  o.s.web.servlet.DispatcherServlet                  - Completed initialization in 2 ms
2021-03-04 07:12:10,927 [http-nio-8080-exec-4] INFO  c.j.p.controller.PhoneBookController               - **** saveContact() -contact saved ****
2021-03-04 07:13:04,648 [http-nio-8080-exec-2] INFO  c.j.p.controller.PhoneBookController               - *** getContactById() ** execution started ***
2021-03-04 07:13:04,648 [http-nio-8080-exec-2] ERROR c.j.p.controller.PhoneBookController               - exception occured contact not found 
2021-03-04 07:14:06,999 [RMI TCP Connection(7)-127.0.0.1] INFO  o.s.b.a.SpringApplicationAdminMXBeanRegistrar$SpringApplicationAdmin - Application shutdown requested.
2021-03-04 07:14:09,302 [RMI TCP Connection(7)-127.0.0.1] INFO  o.s.s.concurrent.ThreadPoolTaskExecutor            - Shutting down ExecutorService 'applicationTaskExecutor'
2021-03-04 07:14:09,308 [RMI TCP Connection(7)-127.0.0.1] INFO  o.s.o.j.LocalContainerEntityManagerFactoryBean     - Closing JPA EntityManagerFactory for persistence unit 'default'
2021-03-04 07:14:09,313 [RMI TCP Connection(7)-127.0.0.1] INFO  o.h.t.s.i.SchemaDropperImpl$DelayedDropActionImpl  - HHH000477: Starting delayed evictData of schema as part of SessionFactory shut-down'
2021-03-04 07:14:10,927 [RMI TCP Connection(7)-127.0.0.1] INFO  com.zaxxer.hikari.HikariDataSource                 - HikariPool-1 - Shutdown initiated...
2021-03-04 07:14:10,936 [RMI TCP Connection(7)-127.0.0.1] INFO  com.zaxxer.hikari.HikariDataSource                 - HikariPool-1 - Shutdown completed.
2021-03-04 07:14:39,773 [main] INFO  c.j.phonebook.PhonebookwebappApplication           - Starting PhonebookwebappApplication using Java 11.0.10 on DESKTOP-A5TPVQF with PID 9040 (E:\AshokIT tasks\projects\Phonebookwebapp\target\classes started by anave in E:\AshokIT tasks\projects\Phonebookwebapp)
2021-03-04 07:14:39,783 [main] INFO  c.j.phonebook.PhonebookwebappApplication           - No active profile set, falling back to default profiles: default
2021-03-04 07:14:46,305 [main] INFO  o.s.d.r.c.RepositoryConfigurationDelegate          - Bootstrapping Spring Data JPA repositories in DEFAULT mode.
2021-03-04 07:14:46,529 [main] INFO  o.s.d.r.c.RepositoryConfigurationDelegate          - Finished Spring Data repository scanning in 175 ms. Found 1 JPA repository interfaces.
2021-03-04 07:14:56,119 [main] INFO  o.s.b.w.embedded.tomcat.TomcatWebServer            - Tomcat initialized with port(s): 8080 (http)
2021-03-04 07:14:56,163 [main] INFO  o.apache.coyote.http11.Http11NioProtocol           - Initializing ProtocolHandler ["http-nio-8080"]
2021-03-04 07:14:56,165 [main] INFO  org.apache.catalina.core.StandardService           - Starting service [Tomcat]
2021-03-04 07:14:56,165 [main] INFO  org.apache.catalina.core.StandardEngine            - Starting Servlet engine: [Apache Tomcat/9.0.41]
2021-03-04 07:14:56,560 [main] INFO  o.a.c.c.C.[Tomcat].[localhost].[/]                 - Initializing Spring embedded WebApplicationContext
2021-03-04 07:14:56,560 [main] INFO  o.s.b.w.s.c.ServletWebServerApplicationContext     - Root WebApplicationContext: initialization completed in 16081 ms
2021-03-04 07:14:57,027 [main] INFO  com.zaxxer.hikari.HikariDataSource                 - HikariPool-1 - Starting...
2021-03-04 07:14:58,098 [main] INFO  com.zaxxer.hikari.HikariDataSource                 - HikariPool-1 - Start completed.
2021-03-04 07:14:58,108 [main] INFO  o.s.b.a.h2.H2ConsoleAutoConfiguration              - H2 console available at '/h2-console'. Database available at 'jdbc:h2:mem:testdb'
2021-03-04 07:14:59,111 [main] INFO  o.hibernate.jpa.internal.util.LogHelper            - HHH000204: Processing PersistenceUnitInfo [name: default]
2021-03-04 07:14:59,337 [main] INFO  org.hibernate.Version                              - HHH000412: Hibernate ORM core version 5.4.27.Final
2021-03-04 07:14:59,955 [main] INFO  org.hibernate.annotations.common.Version           - HCANN000001: Hibernate Commons Annotations {5.1.2.Final}
2021-03-04 07:15:00,395 [main] INFO  org.hibernate.dialect.Dialect                      - HHH000400: Using dialect: org.hibernate.dialect.H2Dialect
2021-03-04 07:15:01,746 [main] INFO  o.h.e.t.j.p.i.JtaPlatformInitiator                 - HHH000490: Using JtaPlatform implementation: [org.hibernate.engine.transaction.jta.platform.internal.NoJtaPlatform]
2021-03-04 07:15:01,766 [main] INFO  o.s.o.j.LocalContainerEntityManagerFactoryBean     - Initialized JPA EntityManagerFactory for persistence unit 'default'
2021-03-04 07:15:02,961 [main] WARN  o.s.b.a.o.j.JpaBaseConfiguration$JpaWebConfiguration - spring.jpa.open-in-view is enabled by default. Therefore, database queries may be performed during view rendering. Explicitly configure spring.jpa.open-in-view to disable this warning
2021-03-04 07:15:03,399 [main] INFO  o.s.b.a.e.web.EndpointLinksResolver                - Exposing 2 endpoint(s) beneath base path '/actuator'
2021-03-04 07:15:03,688 [main] INFO  o.s.s.concurrent.ThreadPoolTaskExecutor            - Initializing ExecutorService 'applicationTaskExecutor'
2021-03-04 07:15:04,651 [main] INFO  o.apache.coyote.http11.Http11NioProtocol           - Starting ProtocolHandler ["http-nio-8080"]
2021-03-04 07:15:04,870 [main] INFO  o.s.b.w.embedded.tomcat.TomcatWebServer            - Tomcat started on port(s): 8080 (http) with context path ''
2021-03-04 07:15:04,871 [main] INFO  s.d.s.w.p.DocumentationPluginsBootstrapper         - Context refreshed
2021-03-04 07:15:04,996 [main] INFO  s.d.s.w.p.DocumentationPluginsBootstrapper         - Found 1 custom documentation plugin(s)
2021-03-04 07:15:05,008 [main] INFO  s.d.s.w.s.ApiListingReferenceScanner               - Scanning for api listing references
2021-03-04 07:15:05,557 [main] INFO  c.j.phonebook.PhonebookwebappApplication           - Started PhonebookwebappApplication in 27.967 seconds (JVM running for 35.266)
2021-03-04 07:15:07,670 [RMI TCP Connection(3)-127.0.0.1] INFO  o.a.c.c.C.[Tomcat].[localhost].[/]                 - Initializing Spring DispatcherServlet 'dispatcherServlet'
2021-03-04 07:15:07,670 [RMI TCP Connection(3)-127.0.0.1] INFO  o.s.web.servlet.DispatcherServlet                  - Initializing Servlet 'dispatcherServlet'
2021-03-04 07:15:07,674 [RMI TCP Connection(3)-127.0.0.1] INFO  o.s.web.servlet.DispatcherServlet                  - Completed initialization in 4 ms
2021-03-04 07:16:24,539 [http-nio-8080-exec-1] INFO  c.j.p.controller.PhoneBookController               - **** saveContact() -contact saved ****
2021-03-04 07:16:49,539 [http-nio-8080-exec-8] INFO  c.j.p.controller.PhoneBookController               - **** saveContact() -contact saved ****
2021-03-04 07:17:27,173 [http-nio-8080-exec-1] INFO  c.j.p.controller.PhoneBookController               - **** saveContact() -contact saved ****
2021-03-04 07:17:53,721 [http-nio-8080-exec-4] ERROR c.j.p.controller.PhoneBookController               - exception occured contact not found 
2021-03-04 07:49:14,908 [RMI TCP Connection(41)-127.0.0.1] INFO  o.s.b.a.SpringApplicationAdminMXBeanRegistrar$SpringApplicationAdmin - Application shutdown requested.
2021-03-04 07:49:17,456 [RMI TCP Connection(41)-127.0.0.1] INFO  o.s.s.concurrent.ThreadPoolTaskExecutor            - Shutting down ExecutorService 'applicationTaskExecutor'
2021-03-04 07:49:17,467 [RMI TCP Connection(41)-127.0.0.1] INFO  o.s.o.j.LocalContainerEntityManagerFactoryBean     - Closing JPA EntityManagerFactory for persistence unit 'default'
2021-03-04 07:49:17,483 [RMI TCP Connection(41)-127.0.0.1] INFO  o.h.t.s.i.SchemaDropperImpl$DelayedDropActionImpl  - HHH000477: Starting delayed evictData of schema as part of SessionFactory shut-down'
2021-03-04 07:49:17,552 [RMI TCP Connection(41)-127.0.0.1] INFO  com.zaxxer.hikari.HikariDataSource                 - HikariPool-1 - Shutdown initiated...
2021-03-04 07:49:17,564 [RMI TCP Connection(41)-127.0.0.1] INFO  com.zaxxer.hikari.HikariDataSource                 - HikariPool-1 - Shutdown completed.
2021-03-04 13:02:20,818 [main] INFO  c.j.phonebook.PhonebookwebappApplication           - Starting PhonebookwebappApplication using Java 1.8.0_281 on DESKTOP-A5TPVQF with PID 12168 (E:\AshokIT tasks\projects\Phonebookwebapp\target\classes started by anave in E:\AshokIT tasks\projects\Phonebookwebapp)
2021-03-04 13:02:20,835 [main] INFO  c.j.phonebook.PhonebookwebappApplication           - No active profile set, falling back to default profiles: default
2021-03-04 13:02:24,001 [main] INFO  o.s.d.r.c.RepositoryConfigurationDelegate          - Bootstrapping Spring Data JPA repositories in DEFAULT mode.
2021-03-04 13:02:24,325 [main] INFO  o.s.d.r.c.RepositoryConfigurationDelegate          - Finished Spring Data repository scanning in 284 ms. Found 1 JPA repository interfaces.
2021-03-04 13:02:27,524 [main] INFO  o.s.b.w.embedded.tomcat.TomcatWebServer            - Tomcat initialized with port(s): 8080 (http)
2021-03-04 13:02:27,536 [main] INFO  o.apache.coyote.http11.Http11NioProtocol           - Initializing ProtocolHandler ["http-nio-8080"]
2021-03-04 13:02:27,544 [main] INFO  org.apache.catalina.core.StandardService           - Starting service [Tomcat]
2021-03-04 13:02:27,544 [main] INFO  org.apache.catalina.core.StandardEngine            - Starting Servlet engine: [Apache Tomcat/9.0.41]
2021-03-04 13:02:28,068 [main] INFO  o.a.c.c.C.[Tomcat].[localhost].[/]                 - Initializing Spring embedded WebApplicationContext
2021-03-04 13:02:28,069 [main] INFO  o.s.b.w.s.c.ServletWebServerApplicationContext     - Root WebApplicationContext: initialization completed in 6999 ms
2021-03-04 13:02:28,689 [main] INFO  com.zaxxer.hikari.HikariDataSource                 - HikariPool-1 - Starting...
2021-03-04 13:02:29,747 [main] INFO  com.zaxxer.hikari.HikariDataSource                 - HikariPool-1 - Start completed.
2021-03-04 13:02:29,768 [main] INFO  o.s.b.a.h2.H2ConsoleAutoConfiguration              - H2 console available at '/h2-console'. Database available at 'jdbc:h2:mem:testdb'
2021-03-04 13:02:31,003 [main] INFO  o.hibernate.jpa.internal.util.LogHelper            - HHH000204: Processing PersistenceUnitInfo [name: default]
2021-03-04 13:02:31,307 [main] INFO  org.hibernate.Version                              - HHH000412: Hibernate ORM core version 5.4.27.Final
2021-03-04 13:02:31,796 [main] INFO  org.hibernate.annotations.common.Version           - HCANN000001: Hibernate Commons Annotations {5.1.2.Final}
2021-03-04 13:02:32,556 [main] INFO  org.hibernate.dialect.Dialect                      - HHH000400: Using dialect: org.hibernate.dialect.H2Dialect
2021-03-04 13:02:34,135 [main] INFO  o.h.e.t.j.p.i.JtaPlatformInitiator                 - HHH000490: Using JtaPlatform implementation: [org.hibernate.engine.transaction.jta.platform.internal.NoJtaPlatform]
2021-03-04 13:02:34,168 [main] INFO  o.s.o.j.LocalContainerEntityManagerFactoryBean     - Initialized JPA EntityManagerFactory for persistence unit 'default'
2021-03-04 13:02:35,662 [main] WARN  o.s.b.a.o.j.JpaBaseConfiguration$JpaWebConfiguration - spring.jpa.open-in-view is enabled by default. Therefore, database queries may be performed during view rendering. Explicitly configure spring.jpa.open-in-view to disable this warning
2021-03-04 13:02:36,494 [main] INFO  o.s.b.a.e.web.EndpointLinksResolver                - Exposing 2 endpoint(s) beneath base path '/actuator'
2021-03-04 13:02:36,900 [main] INFO  o.s.s.concurrent.ThreadPoolTaskExecutor            - Initializing ExecutorService 'applicationTaskExecutor'
2021-03-04 13:02:37,402 [main] INFO  o.apache.coyote.http11.Http11NioProtocol           - Starting ProtocolHandler ["http-nio-8080"]
2021-03-04 13:02:37,616 [main] INFO  o.s.b.w.embedded.tomcat.TomcatWebServer            - Tomcat started on port(s): 8080 (http) with context path ''
2021-03-04 13:02:37,618 [main] INFO  s.d.s.w.p.DocumentationPluginsBootstrapper         - Context refreshed
2021-03-04 13:02:37,666 [main] INFO  s.d.s.w.p.DocumentationPluginsBootstrapper         - Found 1 custom documentation plugin(s)
2021-03-04 13:02:37,684 [main] INFO  s.d.s.w.s.ApiListingReferenceScanner               - Scanning for api listing references
2021-03-04 13:02:37,972 [main] INFO  c.j.phonebook.PhonebookwebappApplication           - Started PhonebookwebappApplication in 18.252 seconds (JVM running for 20.975)
2021-03-04 13:03:27,459 [http-nio-8080-exec-5] INFO  o.a.c.c.C.[Tomcat].[localhost].[/]                 - Initializing Spring DispatcherServlet 'dispatcherServlet'
2021-03-04 13:03:27,460 [http-nio-8080-exec-5] INFO  o.s.web.servlet.DispatcherServlet                  - Initializing Servlet 'dispatcherServlet'
2021-03-04 13:03:27,468 [http-nio-8080-exec-5] INFO  o.s.web.servlet.DispatcherServlet                  - Completed initialization in 6 ms
2021-03-04 13:04:29,759 [http-nio-8080-exec-9] INFO  c.j.p.controller.PhoneBookController               - **** saveContact() -contact saved ****
2021-03-04 13:04:58,155 [http-nio-8080-exec-4] INFO  c.j.p.controller.PhoneBookController               - **** saveContact() -contact saved ****
2021-03-04 13:05:29,933 [http-nio-8080-exec-3] ERROR c.j.p.controller.PhoneBookController               - exception occured contact not found 
2021-03-04 13:05:37,910 [http-nio-8080-exec-1] ERROR c.j.p.controller.PhoneBookController               - exception occured contact not found 
2021-03-04 13:05:49,050 [http-nio-8080-exec-8] INFO  c.j.p.controller.PhoneBookController               - *** getContactById() ** execution started ***
2021-03-04 13:05:49,050 [http-nio-8080-exec-8] ERROR c.j.p.controller.PhoneBookController               - exception occured contact not found 
2021-03-04 13:06:25,985 [http-nio-8080-exec-9] ERROR c.j.p.controller.PhoneBookController               - exception occured No record found to delete
2021-03-04 13:11:23,930 [RMI TCP Connection(2)-127.0.0.1] INFO  o.s.b.a.SpringApplicationAdminMXBeanRegistrar$SpringApplicationAdmin - Application shutdown requested.
2021-03-04 13:11:24,335 [RMI TCP Connection(2)-127.0.0.1] INFO  o.s.s.concurrent.ThreadPoolTaskExecutor            - Shutting down ExecutorService 'applicationTaskExecutor'
2021-03-04 13:11:24,343 [RMI TCP Connection(2)-127.0.0.1] INFO  o.s.o.j.LocalContainerEntityManagerFactoryBean     - Closing JPA EntityManagerFactory for persistence unit 'default'
2021-03-04 13:11:24,344 [RMI TCP Connection(2)-127.0.0.1] INFO  o.h.t.s.i.SchemaDropperImpl$DelayedDropActionImpl  - HHH000477: Starting delayed evictData of schema as part of SessionFactory shut-down'
2021-03-04 13:11:24,392 [RMI TCP Connection(2)-127.0.0.1] INFO  com.zaxxer.hikari.HikariDataSource                 - HikariPool-1 - Shutdown initiated...
2021-03-04 13:11:24,405 [RMI TCP Connection(2)-127.0.0.1] INFO  com.zaxxer.hikari.HikariDataSource                 - HikariPool-1 - Shutdown completed.
2021-03-04 13:11:37,136 [main] INFO  c.j.phonebook.PhonebookwebappApplication           - Starting PhonebookwebappApplication using Java 1.8.0_281 on DESKTOP-A5TPVQF with PID 3140 (E:\AshokIT tasks\projects\Phonebookwebapp\target\classes started by anave in E:\AshokIT tasks\projects\Phonebookwebapp)
2021-03-04 13:11:37,168 [main] INFO  c.j.phonebook.PhonebookwebappApplication           - No active profile set, falling back to default profiles: default
2021-03-04 13:11:38,431 [main] INFO  o.s.d.r.c.RepositoryConfigurationDelegate          - Bootstrapping Spring Data JPA repositories in DEFAULT mode.
2021-03-04 13:11:38,488 [main] INFO  o.s.d.r.c.RepositoryConfigurationDelegate          - Finished Spring Data repository scanning in 48 ms. Found 1 JPA repository interfaces.
2021-03-04 13:11:39,391 [main] INFO  o.s.b.w.embedded.tomcat.TomcatWebServer            - Tomcat initialized with port(s): 8080 (http)
2021-03-04 13:11:39,418 [main] INFO  o.apache.coyote.http11.Http11NioProtocol           - Initializing ProtocolHandler ["http-nio-8080"]
2021-03-04 13:11:39,419 [main] INFO  org.apache.catalina.core.StandardService           - Starting service [Tomcat]
2021-03-04 13:11:39,419 [main] INFO  org.apache.catalina.core.StandardEngine            - Starting Servlet engine: [Apache Tomcat/9.0.41]
2021-03-04 13:11:39,776 [main] INFO  o.a.c.c.C.[Tomcat].[localhost].[/]                 - Initializing Spring embedded WebApplicationContext
2021-03-04 13:11:39,777 [main] INFO  o.s.b.w.s.c.ServletWebServerApplicationContext     - Root WebApplicationContext: initialization completed in 2497 ms
2021-03-04 13:11:40,210 [main] INFO  com.zaxxer.hikari.HikariDataSource                 - HikariPool-1 - Starting...
2021-03-04 13:11:40,566 [main] INFO  com.zaxxer.hikari.HikariDataSource                 - HikariPool-1 - Start completed.
2021-03-04 13:11:40,575 [main] INFO  o.s.b.a.h2.H2ConsoleAutoConfiguration              - H2 console available at '/h2-console'. Database available at 'jdbc:h2:mem:testdb'
2021-03-04 13:11:41,042 [main] INFO  o.hibernate.jpa.internal.util.LogHelper            - HHH000204: Processing PersistenceUnitInfo [name: default]
2021-03-04 13:11:41,154 [main] INFO  org.hibernate.Version                              - HHH000412: Hibernate ORM core version 5.4.27.Final
2021-03-04 13:11:41,702 [main] INFO  org.hibernate.annotations.common.Version           - HCANN000001: Hibernate Commons Annotations {5.1.2.Final}
2021-03-04 13:11:42,039 [main] INFO  org.hibernate.dialect.Dialect                      - HHH000400: Using dialect: org.hibernate.dialect.H2Dialect
2021-03-04 13:11:43,280 [main] INFO  o.h.e.t.j.p.i.JtaPlatformInitiator                 - HHH000490: Using JtaPlatform implementation: [org.hibernate.engine.transaction.jta.platform.internal.NoJtaPlatform]
2021-03-04 13:11:43,287 [main] INFO  o.s.o.j.LocalContainerEntityManagerFactoryBean     - Initialized JPA EntityManagerFactory for persistence unit 'default'
2021-03-04 13:11:44,047 [main] WARN  o.s.b.a.o.j.JpaBaseConfiguration$JpaWebConfiguration - spring.jpa.open-in-view is enabled by default. Therefore, database queries may be performed during view rendering. Explicitly configure spring.jpa.open-in-view to disable this warning
2021-03-04 13:11:44,255 [main] INFO  o.s.b.a.e.web.EndpointLinksResolver                - Exposing 2 endpoint(s) beneath base path '/actuator'
2021-03-04 13:11:44,386 [main] INFO  o.s.s.concurrent.ThreadPoolTaskExecutor            - Initializing ExecutorService 'applicationTaskExecutor'
2021-03-04 13:11:44,584 [main] INFO  o.apache.coyote.http11.Http11NioProtocol           - Starting ProtocolHandler ["http-nio-8080"]
2021-03-04 13:11:44,692 [main] INFO  o.s.b.w.embedded.tomcat.TomcatWebServer            - Tomcat started on port(s): 8080 (http) with context path ''
2021-03-04 13:11:44,696 [main] INFO  s.d.s.w.p.DocumentationPluginsBootstrapper         - Context refreshed
2021-03-04 13:11:44,742 [main] INFO  s.d.s.w.p.DocumentationPluginsBootstrapper         - Found 1 custom documentation plugin(s)
2021-03-04 13:11:44,790 [main] INFO  s.d.s.w.s.ApiListingReferenceScanner               - Scanning for api listing references
2021-03-04 13:11:45,201 [main] INFO  c.j.phonebook.PhonebookwebappApplication           - Started PhonebookwebappApplication in 9.189 seconds (JVM running for 13.775)
2021-03-04 13:12:53,285 [http-nio-8080-exec-6] INFO  o.a.c.c.C.[Tomcat].[localhost].[/]                 - Initializing Spring DispatcherServlet 'dispatcherServlet'
2021-03-04 13:12:53,286 [http-nio-8080-exec-6] INFO  o.s.web.servlet.DispatcherServlet                  - Initializing Servlet 'dispatcherServlet'
2021-03-04 13:12:53,289 [http-nio-8080-exec-6] INFO  o.s.web.servlet.DispatcherServlet                  - Completed initialization in 3 ms
2021-03-04 13:12:53,896 [http-nio-8080-exec-6] INFO  c.j.p.controller.PhoneBookController               - **** saveContact() -contact saved ****
2021-03-04 13:13:23,796 [http-nio-8080-exec-1] INFO  c.j.p.controller.PhoneBookController               - **** saveContact() -contact saved ****
2021-03-04 13:15:37,933 [http-nio-8080-exec-7] INFO  c.j.p.controller.PhoneBookController               - *** getContactById() ** execution started ***
2021-03-04 13:15:37,933 [http-nio-8080-exec-7] ERROR c.j.p.controller.PhoneBookController               - exception occured contact not found 
2021-03-04 13:19:00,412 [http-nio-8080-exec-3] ERROR c.j.p.controller.PhoneBookController               - exception occured No record found to delete
2021-03-04 13:20:32,275 [http-nio-8080-exec-6] INFO  c.j.p.controller.PhoneBookController               - *** getAllContacts() ** records not available ***
2021-03-04 13:27:49,612 [main] INFO  o.s.b.t.c.SpringBootTestContextBootstrapper        - Neither @ContextConfiguration nor @ContextHierarchy found for test class [com.java.phonebook.PhonebookwebappApplicationTests], using SpringBootContextLoader
2021-03-04 13:27:49,664 [main] INFO  o.s.t.c.support.AbstractContextLoader              - Could not detect default resource locations for test class [com.java.phonebook.PhonebookwebappApplicationTests]: no resource found for suffixes {-context.xml, Context.groovy}.
2021-03-04 13:27:49,667 [main] INFO  o.s.t.c.s.AnnotationConfigContextLoaderUtils       - Could not detect default configuration classes for test class [com.java.phonebook.PhonebookwebappApplicationTests]: PhonebookwebappApplicationTests does not declare any static, non-private, non-final, nested classes annotated with @Configuration.
2021-03-04 13:27:50,340 [main] INFO  o.s.b.t.c.SpringBootTestContextBootstrapper        - Found @SpringBootConfiguration com.java.phonebook.PhonebookwebappApplication for test class com.java.phonebook.PhonebookwebappApplicationTests
2021-03-04 13:27:51,217 [main] INFO  o.s.b.t.c.SpringBootTestContextBootstrapper        - Loaded default TestExecutionListener class names from location [META-INF/spring.factories]: [org.springframework.boot.test.mock.mockito.MockitoTestExecutionListener, org.springframework.boot.test.mock.mockito.ResetMocksTestExecutionListener, org.springframework.boot.test.autoconfigure.restdocs.RestDocsTestExecutionListener, org.springframework.boot.test.autoconfigure.web.client.MockRestServiceServerResetTestExecutionListener, org.springframework.boot.test.autoconfigure.web.servlet.MockMvcPrintOnlyOnFailureTestExecutionListener, org.springframework.boot.test.autoconfigure.web.servlet.WebDriverTestExecutionListener, org.springframework.boot.test.autoconfigure.webservices.client.MockWebServiceServerTestExecutionListener, org.springframework.test.context.web.ServletTestExecutionListener, org.springframework.test.context.support.DirtiesContextBeforeModesTestExecutionListener, org.springframework.test.context.event.ApplicationEventsTestExecutionListener, org.springframework.test.context.support.DependencyInjectionTestExecutionListener, org.springframework.test.context.support.DirtiesContextTestExecutionListener, org.springframework.test.context.transaction.TransactionalTestExecutionListener, org.springframework.test.context.jdbc.SqlScriptsTestExecutionListener, org.springframework.test.context.event.EventPublishingTestExecutionListener]
2021-03-04 13:27:51,325 [main] INFO  o.s.b.t.c.SpringBootTestContextBootstrapper        - Using TestExecutionListeners: [org.springframework.test.context.web.ServletTestExecutionListener@2d8c729f, org.springframework.test.context.support.DirtiesContextBeforeModesTestExecutionListener@740ee00f, org.springframework.test.context.event.ApplicationEventsTestExecutionListener@430106cf, org.springframework.boot.test.mock.mockito.MockitoTestExecutionListener@647af13d, org.springframework.boot.test.autoconfigure.SpringBootDependencyInjectionTestExecutionListener@2aac6fa7, org.springframework.test.context.support.DirtiesContextTestExecutionListener@29a1ec65, org.springframework.test.context.transaction.TransactionalTestExecutionListener@625db0e0, org.springframework.test.context.jdbc.SqlScriptsTestExecutionListener@511d568f, org.springframework.test.context.event.EventPublishingTestExecutionListener@1805ca5c, org.springframework.boot.test.mock.mockito.ResetMocksTestExecutionListener@3e61cffd, org.springframework.boot.test.autoconfigure.restdocs.RestDocsTestExecutionListener@3134b261, org.springframework.boot.test.autoconfigure.web.client.MockRestServiceServerResetTestExecutionListener@aa633e6, org.springframework.boot.test.autoconfigure.web.servlet.MockMvcPrintOnlyOnFailureTestExecutionListener@3cc74fc4, org.springframework.boot.test.autoconfigure.web.servlet.WebDriverTestExecutionListener@c697186, org.springframework.boot.test.autoconfigure.webservices.client.MockWebServiceServerTestExecutionListener@185a7dd0]
2021-03-04 13:27:52,731 [main] INFO  c.j.p.PhonebookwebappApplicationTests              - Starting PhonebookwebappApplicationTests using Java 1.8.0_281 on DESKTOP-A5TPVQF with PID 11732 (started by anave in E:\AshokIT tasks\projects\Phonebookwebapp)
2021-03-04 13:27:52,735 [main] INFO  c.j.p.PhonebookwebappApplicationTests              - No active profile set, falling back to default profiles: default
2021-03-04 13:27:56,487 [main] INFO  o.s.d.r.c.RepositoryConfigurationDelegate          - Bootstrapping Spring Data JPA repositories in DEFAULT mode.
2021-03-04 13:27:56,800 [main] INFO  o.s.d.r.c.RepositoryConfigurationDelegate          - Finished Spring Data repository scanning in 256 ms. Found 1 JPA repository interfaces.
2021-03-04 13:28:01,395 [main] INFO  com.zaxxer.hikari.HikariDataSource                 - HikariPool-1 - Starting...
2021-03-04 13:28:03,354 [main] INFO  com.zaxxer.hikari.HikariDataSource                 - HikariPool-1 - Start completed.
2021-03-04 13:28:03,770 [main] INFO  o.hibernate.jpa.internal.util.LogHelper            - HHH000204: Processing PersistenceUnitInfo [name: default]
2021-03-04 13:28:04,117 [main] INFO  org.hibernate.Version                              - HHH000412: Hibernate ORM core version 5.4.27.Final
2021-03-04 13:28:05,083 [main] INFO  org.hibernate.annotations.common.Version           - HCANN000001: Hibernate Commons Annotations {5.1.2.Final}
2021-03-04 13:28:08,017 [main] INFO  org.hibernate.dialect.Dialect                      - HHH000400: Using dialect: org.hibernate.dialect.H2Dialect
2021-03-04 13:28:10,972 [main] INFO  o.h.e.t.j.p.i.JtaPlatformInitiator                 - HHH000490: Using JtaPlatform implementation: [org.hibernate.engine.transaction.jta.platform.internal.NoJtaPlatform]
2021-03-04 13:28:11,017 [main] INFO  o.s.o.j.LocalContainerEntityManagerFactoryBean     - Initialized JPA EntityManagerFactory for persistence unit 'default'
2021-03-04 13:28:12,781 [main] WARN  o.s.b.a.o.j.JpaBaseConfiguration$JpaWebConfiguration - spring.jpa.open-in-view is enabled by default. Therefore, database queries may be performed during view rendering. Explicitly configure spring.jpa.open-in-view to disable this warning
2021-03-04 13:28:13,525 [main] INFO  o.s.b.a.h2.H2ConsoleAutoConfiguration              - H2 console available at '/h2-console'. Database available at 'jdbc:h2:mem:testdb'
2021-03-04 13:28:14,329 [main] INFO  o.s.b.a.e.web.EndpointLinksResolver                - Exposing 2 endpoint(s) beneath base path '/actuator'
2021-03-04 13:28:15,445 [main] INFO  o.s.s.concurrent.ThreadPoolTaskExecutor            - Initializing ExecutorService 'applicationTaskExecutor'
2021-03-04 13:28:16,239 [main] INFO  s.d.s.w.p.DocumentationPluginsBootstrapper         - Context refreshed
2021-03-04 13:28:16,397 [main] INFO  s.d.s.w.p.DocumentationPluginsBootstrapper         - Found 1 custom documentation plugin(s)
2021-03-04 13:28:16,451 [main] INFO  s.d.s.w.s.ApiListingReferenceScanner               - Scanning for api listing references
2021-03-04 13:28:17,183 [main] INFO  c.j.p.PhonebookwebappApplicationTests              - Started PhonebookwebappApplicationTests in 25.675 seconds (JVM running for 35.668)
2021-03-04 13:28:18,871 [SpringContextShutdownHook] INFO  o.s.s.concurrent.ThreadPoolTaskExecutor            - Shutting down ExecutorService 'applicationTaskExecutor'
2021-03-04 13:28:18,879 [SpringContextShutdownHook] INFO  o.s.o.j.LocalContainerEntityManagerFactoryBean     - Closing JPA EntityManagerFactory for persistence unit 'default'
2021-03-04 13:28:18,880 [SpringContextShutdownHook] INFO  o.h.t.s.i.SchemaDropperImpl$DelayedDropActionImpl  - HHH000477: Starting delayed evictData of schema as part of SessionFactory shut-down'
2021-03-04 13:28:19,064 [SpringContextShutdownHook] INFO  com.zaxxer.hikari.HikariDataSource                 - HikariPool-1 - Shutdown initiated...
2021-03-04 13:28:19,096 [SpringContextShutdownHook] INFO  com.zaxxer.hikari.HikariDataSource                 - HikariPool-1 - Shutdown completed.
2021-03-04 13:54:07,688 [HikariPool-1 housekeeper] WARN  com.zaxxer.hikari.pool.HikariPool                  - HikariPool-1 - Thread starvation or clock leap detected (housekeeper delta=4m26s307ms271µs100ns).
2021-03-04 13:55:01,121 [RMI TCP Connection(2)-127.0.0.1] INFO  o.s.b.a.SpringApplicationAdminMXBeanRegistrar$SpringApplicationAdmin - Application shutdown requested.
2021-03-04 13:55:03,088 [RMI TCP Connection(2)-127.0.0.1] INFO  o.s.s.concurrent.ThreadPoolTaskExecutor            - Shutting down ExecutorService 'applicationTaskExecutor'
2021-03-04 13:55:03,094 [RMI TCP Connection(2)-127.0.0.1] INFO  o.s.o.j.LocalContainerEntityManagerFactoryBean     - Closing JPA EntityManagerFactory for persistence unit 'default'
2021-03-04 13:55:03,101 [RMI TCP Connection(2)-127.0.0.1] INFO  o.h.t.s.i.SchemaDropperImpl$DelayedDropActionImpl  - HHH000477: Starting delayed evictData of schema as part of SessionFactory shut-down'
2021-03-04 13:55:03,508 [RMI TCP Connection(2)-127.0.0.1] INFO  com.zaxxer.hikari.HikariDataSource                 - HikariPool-1 - Shutdown initiated...
2021-03-04 13:55:03,940 [RMI TCP Connection(2)-127.0.0.1] INFO  com.zaxxer.hikari.HikariDataSource                 - HikariPool-1 - Shutdown completed.
2021-03-04 15:16:58,927 [main] INFO  o.s.b.t.c.SpringBootTestContextBootstrapper        - Neither @ContextConfiguration nor @ContextHierarchy found for test class [com.java.phonebook.PhonebookwebappApplicationTests], using SpringBootContextLoader
2021-03-04 15:16:58,970 [main] INFO  o.s.t.c.support.AbstractContextLoader              - Could not detect default resource locations for test class [com.java.phonebook.PhonebookwebappApplicationTests]: no resource found for suffixes {-context.xml, Context.groovy}.
2021-03-04 15:16:58,977 [main] INFO  o.s.t.c.s.AnnotationConfigContextLoaderUtils       - Could not detect default configuration classes for test class [com.java.phonebook.PhonebookwebappApplicationTests]: PhonebookwebappApplicationTests does not declare any static, non-private, non-final, nested classes annotated with @Configuration.
2021-03-04 15:16:59,862 [main] INFO  o.s.b.t.c.SpringBootTestContextBootstrapper        - Found @SpringBootConfiguration com.java.phonebook.PhonebookwebappApplication for test class com.java.phonebook.PhonebookwebappApplicationTests
2021-03-04 15:17:00,669 [main] INFO  o.s.b.t.c.SpringBootTestContextBootstrapper        - Loaded default TestExecutionListener class names from location [META-INF/spring.factories]: [org.springframework.boot.test.mock.mockito.MockitoTestExecutionListener, org.springframework.boot.test.mock.mockito.ResetMocksTestExecutionListener, org.springframework.boot.test.autoconfigure.restdocs.RestDocsTestExecutionListener, org.springframework.boot.test.autoconfigure.web.client.MockRestServiceServerResetTestExecutionListener, org.springframework.boot.test.autoconfigure.web.servlet.MockMvcPrintOnlyOnFailureTestExecutionListener, org.springframework.boot.test.autoconfigure.web.servlet.WebDriverTestExecutionListener, org.springframework.boot.test.autoconfigure.webservices.client.MockWebServiceServerTestExecutionListener, org.springframework.test.context.web.ServletTestExecutionListener, org.springframework.test.context.support.DirtiesContextBeforeModesTestExecutionListener, org.springframework.test.context.event.ApplicationEventsTestExecutionListener, org.springframework.test.context.support.DependencyInjectionTestExecutionListener, org.springframework.test.context.support.DirtiesContextTestExecutionListener, org.springframework.test.context.transaction.TransactionalTestExecutionListener, org.springframework.test.context.jdbc.SqlScriptsTestExecutionListener, org.springframework.test.context.event.EventPublishingTestExecutionListener]
2021-03-04 15:17:00,841 [main] INFO  o.s.b.t.c.SpringBootTestContextBootstrapper        - Using TestExecutionListeners: [org.springframework.test.context.web.ServletTestExecutionListener@2e013ba1, org.springframework.test.context.support.DirtiesContextBeforeModesTestExecutionListener@2d8c729f, org.springframework.test.context.event.ApplicationEventsTestExecutionListener@740ee00f, org.springframework.boot.test.mock.mockito.MockitoTestExecutionListener@430106cf, org.springframework.boot.test.autoconfigure.SpringBootDependencyInjectionTestExecutionListener@647af13d, org.springframework.test.context.support.DirtiesContextTestExecutionListener@2aac6fa7, org.springframework.test.context.transaction.TransactionalTestExecutionListener@29a1ec65, org.springframework.test.context.jdbc.SqlScriptsTestExecutionListener@625db0e0, org.springframework.test.context.event.EventPublishingTestExecutionListener@511d568f, org.springframework.boot.test.mock.mockito.ResetMocksTestExecutionListener@1805ca5c, org.springframework.boot.test.autoconfigure.restdocs.RestDocsTestExecutionListener@3e61cffd, org.springframework.boot.test.autoconfigure.web.client.MockRestServiceServerResetTestExecutionListener@3134b261, org.springframework.boot.test.autoconfigure.web.servlet.MockMvcPrintOnlyOnFailureTestExecutionListener@aa633e6, org.springframework.boot.test.autoconfigure.web.servlet.WebDriverTestExecutionListener@3cc74fc4, org.springframework.boot.test.autoconfigure.webservices.client.MockWebServiceServerTestExecutionListener@c697186]
2021-03-04 15:17:02,834 [main] INFO  c.j.p.PhonebookwebappApplicationTests              - Starting PhonebookwebappApplicationTests using Java 1.8.0_281 on DESKTOP-A5TPVQF with PID 13940 (started by anave in E:\AshokIT tasks\projects\Phonebookwebapp)
2021-03-04 15:17:02,844 [main] INFO  c.j.p.PhonebookwebappApplicationTests              - No active profile set, falling back to default profiles: default
2021-03-04 15:17:08,270 [main] INFO  o.s.d.r.c.RepositoryConfigurationDelegate          - Bootstrapping Spring Data JPA repositories in DEFAULT mode.
2021-03-04 15:17:08,867 [main] INFO  o.s.d.r.c.RepositoryConfigurationDelegate          - Finished Spring Data repository scanning in 544 ms. Found 1 JPA repository interfaces.
2021-03-04 15:17:12,929 [main] INFO  com.zaxxer.hikari.HikariDataSource                 - HikariPool-1 - Starting...
2021-03-04 15:17:14,112 [main] INFO  com.zaxxer.hikari.HikariDataSource                 - HikariPool-1 - Start completed.
2021-03-04 15:17:14,478 [main] INFO  o.hibernate.jpa.internal.util.LogHelper            - HHH000204: Processing PersistenceUnitInfo [name: default]
2021-03-04 15:17:14,812 [main] INFO  org.hibernate.Version                              - HHH000412: Hibernate ORM core version 5.4.27.Final
2021-03-04 15:17:16,044 [main] INFO  org.hibernate.annotations.common.Version           - HCANN000001: Hibernate Commons Annotations {5.1.2.Final}
2021-03-04 15:17:17,453 [main] INFO  org.hibernate.dialect.Dialect                      - HHH000400: Using dialect: org.hibernate.dialect.H2Dialect
2021-03-04 15:17:21,902 [main] INFO  o.h.e.t.j.p.i.JtaPlatformInitiator                 - HHH000490: Using JtaPlatform implementation: [org.hibernate.engine.transaction.jta.platform.internal.NoJtaPlatform]
2021-03-04 15:17:21,961 [main] INFO  o.s.o.j.LocalContainerEntityManagerFactoryBean     - Initialized JPA EntityManagerFactory for persistence unit 'default'
2021-03-04 15:17:26,171 [main] WARN  o.s.b.a.o.j.JpaBaseConfiguration$JpaWebConfiguration - spring.jpa.open-in-view is enabled by default. Therefore, database queries may be performed during view rendering. Explicitly configure spring.jpa.open-in-view to disable this warning
2021-03-04 15:17:27,924 [main] INFO  o.s.b.a.h2.H2ConsoleAutoConfiguration              - H2 console available at '/h2-console'. Database available at 'jdbc:h2:mem:testdb'
2021-03-04 15:17:28,776 [main] INFO  o.s.b.a.e.web.EndpointLinksResolver                - Exposing 2 endpoint(s) beneath base path '/actuator'
2021-03-04 15:17:30,553 [main] INFO  o.s.s.concurrent.ThreadPoolTaskExecutor            - Initializing ExecutorService 'applicationTaskExecutor'
2021-03-04 15:17:32,056 [main] INFO  s.d.s.w.p.DocumentationPluginsBootstrapper         - Context refreshed
2021-03-04 15:17:32,157 [main] INFO  s.d.s.w.p.DocumentationPluginsBootstrapper         - Found 1 custom documentation plugin(s)
2021-03-04 15:17:32,204 [main] INFO  s.d.s.w.s.ApiListingReferenceScanner               - Scanning for api listing references
2021-03-04 15:17:32,959 [main] INFO  c.j.p.PhonebookwebappApplicationTests              - Started PhonebookwebappApplicationTests in 31.921 seconds (JVM running for 41.972)
2021-03-04 15:17:34,194 [SpringContextShutdownHook] INFO  o.s.s.concurrent.ThreadPoolTaskExecutor            - Shutting down ExecutorService 'applicationTaskExecutor'
2021-03-04 15:17:34,206 [SpringContextShutdownHook] INFO  o.s.o.j.LocalContainerEntityManagerFactoryBean     - Closing JPA EntityManagerFactory for persistence unit 'default'
2021-03-04 15:17:34,216 [SpringContextShutdownHook] INFO  o.h.t.s.i.SchemaDropperImpl$DelayedDropActionImpl  - HHH000477: Starting delayed evictData of schema as part of SessionFactory shut-down'
2021-03-04 15:17:34,708 [SpringContextShutdownHook] INFO  com.zaxxer.hikari.HikariDataSource                 - HikariPool-1 - Shutdown initiated...
2021-03-04 15:17:34,725 [SpringContextShutdownHook] INFO  com.zaxxer.hikari.HikariDataSource                 - HikariPool-1 - Shutdown completed.
2021-03-04 16:07:00,935 [main] INFO  o.s.b.t.c.SpringBootTestContextBootstrapper        - Neither @ContextConfiguration nor @ContextHierarchy found for test class [com.java.phonebook.PhonebookwebappApplicationTests], using SpringBootContextLoader
2021-03-04 16:07:01,014 [main] INFO  o.s.t.c.support.AbstractContextLoader              - Could not detect default resource locations for test class [com.java.phonebook.PhonebookwebappApplicationTests]: no resource found for suffixes {-context.xml, Context.groovy}.
2021-03-04 16:07:01,018 [main] INFO  o.s.t.c.s.AnnotationConfigContextLoaderUtils       - Could not detect default configuration classes for test class [com.java.phonebook.PhonebookwebappApplicationTests]: PhonebookwebappApplicationTests does not declare any static, non-private, non-final, nested classes annotated with @Configuration.
2021-03-04 16:07:02,098 [main] INFO  o.s.b.t.c.SpringBootTestContextBootstrapper        - Found @SpringBootConfiguration com.java.phonebook.PhonebookwebappApplication for test class com.java.phonebook.PhonebookwebappApplicationTests
2021-03-04 16:07:02,918 [main] INFO  o.s.b.t.c.SpringBootTestContextBootstrapper        - Loaded default TestExecutionListener class names from location [META-INF/spring.factories]: [org.springframework.boot.test.mock.mockito.MockitoTestExecutionListener, org.springframework.boot.test.mock.mockito.ResetMocksTestExecutionListener, org.springframework.boot.test.autoconfigure.restdocs.RestDocsTestExecutionListener, org.springframework.boot.test.autoconfigure.web.client.MockRestServiceServerResetTestExecutionListener, org.springframework.boot.test.autoconfigure.web.servlet.MockMvcPrintOnlyOnFailureTestExecutionListener, org.springframework.boot.test.autoconfigure.web.servlet.WebDriverTestExecutionListener, org.springframework.boot.test.autoconfigure.webservices.client.MockWebServiceServerTestExecutionListener, org.springframework.test.context.web.ServletTestExecutionListener, org.springframework.test.context.support.DirtiesContextBeforeModesTestExecutionListener, org.springframework.test.context.event.ApplicationEventsTestExecutionListener, org.springframework.test.context.support.DependencyInjectionTestExecutionListener, org.springframework.test.context.support.DirtiesContextTestExecutionListener, org.springframework.test.context.transaction.TransactionalTestExecutionListener, org.springframework.test.context.jdbc.SqlScriptsTestExecutionListener, org.springframework.test.context.event.EventPublishingTestExecutionListener]
2021-03-04 16:07:03,061 [main] INFO  o.s.b.t.c.SpringBootTestContextBootstrapper        - Using TestExecutionListeners: [org.springframework.test.context.web.ServletTestExecutionListener@2e013ba1, org.springframework.test.context.support.DirtiesContextBeforeModesTestExecutionListener@2d8c729f, org.springframework.test.context.event.ApplicationEventsTestExecutionListener@740ee00f, org.springframework.boot.test.mock.mockito.MockitoTestExecutionListener@430106cf, org.springframework.boot.test.autoconfigure.SpringBootDependencyInjectionTestExecutionListener@647af13d, org.springframework.test.context.support.DirtiesContextTestExecutionListener@2aac6fa7, org.springframework.test.context.transaction.TransactionalTestExecutionListener@29a1ec65, org.springframework.test.context.jdbc.SqlScriptsTestExecutionListener@625db0e0, org.springframework.test.context.event.EventPublishingTestExecutionListener@511d568f, org.springframework.boot.test.mock.mockito.ResetMocksTestExecutionListener@1805ca5c, org.springframework.boot.test.autoconfigure.restdocs.RestDocsTestExecutionListener@3e61cffd, org.springframework.boot.test.autoconfigure.web.client.MockRestServiceServerResetTestExecutionListener@3134b261, org.springframework.boot.test.autoconfigure.web.servlet.MockMvcPrintOnlyOnFailureTestExecutionListener@aa633e6, org.springframework.boot.test.autoconfigure.web.servlet.WebDriverTestExecutionListener@3cc74fc4, org.springframework.boot.test.autoconfigure.webservices.client.MockWebServiceServerTestExecutionListener@c697186]
2021-03-04 16:07:05,098 [main] INFO  c.j.p.PhonebookwebappApplicationTests              - Starting PhonebookwebappApplicationTests using Java 1.8.0_281 on DESKTOP-A5TPVQF with PID 8604 (started by anave in E:\AshokIT tasks\projects\Phonebookwebapp)
2021-03-04 16:07:05,137 [main] INFO  c.j.p.PhonebookwebappApplicationTests              - No active profile set, falling back to default profiles: default
2021-03-04 16:07:10,503 [main] INFO  o.s.d.r.c.RepositoryConfigurationDelegate          - Bootstrapping Spring Data JPA repositories in DEFAULT mode.
2021-03-04 16:07:10,958 [main] INFO  o.s.d.r.c.RepositoryConfigurationDelegate          - Finished Spring Data repository scanning in 366 ms. Found 1 JPA repository interfaces.
2021-03-04 16:07:14,125 [main] INFO  com.zaxxer.hikari.HikariDataSource                 - HikariPool-1 - Starting...
2021-03-04 16:07:15,389 [main] INFO  com.zaxxer.hikari.HikariDataSource                 - HikariPool-1 - Start completed.
2021-03-04 16:07:15,634 [main] INFO  o.hibernate.jpa.internal.util.LogHelper            - HHH000204: Processing PersistenceUnitInfo [name: default]
2021-03-04 16:07:15,899 [main] INFO  org.hibernate.Version                              - HHH000412: Hibernate ORM core version 5.4.27.Final
2021-03-04 16:07:16,817 [main] INFO  org.hibernate.annotations.common.Version           - HCANN000001: Hibernate Commons Annotations {5.1.2.Final}
2021-03-04 16:07:18,077 [main] INFO  org.hibernate.dialect.Dialect                      - HHH000400: Using dialect: org.hibernate.dialect.H2Dialect
2021-03-04 16:07:20,687 [main] INFO  o.h.e.t.j.p.i.JtaPlatformInitiator                 - HHH000490: Using JtaPlatform implementation: [org.hibernate.engine.transaction.jta.platform.internal.NoJtaPlatform]
2021-03-04 16:07:20,742 [main] INFO  o.s.o.j.LocalContainerEntityManagerFactoryBean     - Initialized JPA EntityManagerFactory for persistence unit 'default'
2021-03-04 16:07:22,840 [main] WARN  o.s.b.a.o.j.JpaBaseConfiguration$JpaWebConfiguration - spring.jpa.open-in-view is enabled by default. Therefore, database queries may be performed during view rendering. Explicitly configure spring.jpa.open-in-view to disable this warning
2021-03-04 16:07:23,718 [main] INFO  o.s.b.a.h2.H2ConsoleAutoConfiguration              - H2 console available at '/h2-console'. Database available at 'jdbc:h2:mem:testdb'
2021-03-04 16:07:24,600 [main] INFO  o.s.b.a.e.web.EndpointLinksResolver                - Exposing 2 endpoint(s) beneath base path '/actuator'
2021-03-04 16:07:26,239 [main] INFO  o.s.s.concurrent.ThreadPoolTaskExecutor            - Initializing ExecutorService 'applicationTaskExecutor'
2021-03-04 16:07:27,266 [main] INFO  s.d.s.w.p.DocumentationPluginsBootstrapper         - Context refreshed
2021-03-04 16:07:27,340 [main] INFO  s.d.s.w.p.DocumentationPluginsBootstrapper         - Found 1 custom documentation plugin(s)
2021-03-04 16:07:27,408 [main] INFO  s.d.s.w.s.ApiListingReferenceScanner               - Scanning for api listing references
2021-03-04 16:07:27,911 [main] INFO  c.j.p.PhonebookwebappApplicationTests              - Started PhonebookwebappApplicationTests in 24.699 seconds (JVM running for 33.59)
2021-03-04 16:07:28,881 [SpringContextShutdownHook] INFO  o.s.s.concurrent.ThreadPoolTaskExecutor            - Shutting down ExecutorService 'applicationTaskExecutor'
2021-03-04 16:07:28,891 [SpringContextShutdownHook] INFO  o.s.o.j.LocalContainerEntityManagerFactoryBean     - Closing JPA EntityManagerFactory for persistence unit 'default'
2021-03-04 16:07:28,892 [SpringContextShutdownHook] INFO  o.h.t.s.i.SchemaDropperImpl$DelayedDropActionImpl  - HHH000477: Starting delayed evictData of schema as part of SessionFactory shut-down'
2021-03-04 16:07:29,117 [SpringContextShutdownHook] INFO  com.zaxxer.hikari.HikariDataSource                 - HikariPool-1 - Shutdown initiated...
2021-03-04 16:07:29,124 [SpringContextShutdownHook] INFO  com.zaxxer.hikari.HikariDataSource                 - HikariPool-1 - Shutdown completed.
2021-03-04 18:06:34,324 [main] INFO  o.s.b.t.c.SpringBootTestContextBootstrapper        - Neither @ContextConfiguration nor @ContextHierarchy found for test class [com.java.phonebook.PhonebookwebappApplicationTests], using SpringBootContextLoader
2021-03-04 18:06:34,440 [main] INFO  o.s.t.c.support.AbstractContextLoader              - Could not detect default resource locations for test class [com.java.phonebook.PhonebookwebappApplicationTests]: no resource found for suffixes {-context.xml, Context.groovy}.
2021-03-04 18:06:34,445 [main] INFO  o.s.t.c.s.AnnotationConfigContextLoaderUtils       - Could not detect default configuration classes for test class [com.java.phonebook.PhonebookwebappApplicationTests]: PhonebookwebappApplicationTests does not declare any static, non-private, non-final, nested classes annotated with @Configuration.
2021-03-04 18:06:35,468 [main] INFO  o.s.b.t.c.SpringBootTestContextBootstrapper        - Found @SpringBootConfiguration com.java.phonebook.PhonebookwebappApplication for test class com.java.phonebook.PhonebookwebappApplicationTests
2021-03-04 18:06:37,040 [main] INFO  o.s.b.t.c.SpringBootTestContextBootstrapper        - Loaded default TestExecutionListener class names from location [META-INF/spring.factories]: [org.springframework.boot.test.mock.mockito.MockitoTestExecutionListener, org.springframework.boot.test.mock.mockito.ResetMocksTestExecutionListener, org.springframework.boot.test.autoconfigure.restdocs.RestDocsTestExecutionListener, org.springframework.boot.test.autoconfigure.web.client.MockRestServiceServerResetTestExecutionListener, org.springframework.boot.test.autoconfigure.web.servlet.MockMvcPrintOnlyOnFailureTestExecutionListener, org.springframework.boot.test.autoconfigure.web.servlet.WebDriverTestExecutionListener, org.springframework.boot.test.autoconfigure.webservices.client.MockWebServiceServerTestExecutionListener, org.springframework.test.context.web.ServletTestExecutionListener, org.springframework.test.context.support.DirtiesContextBeforeModesTestExecutionListener, org.springframework.test.context.event.ApplicationEventsTestExecutionListener, org.springframework.test.context.support.DependencyInjectionTestExecutionListener, org.springframework.test.context.support.DirtiesContextTestExecutionListener, org.springframework.test.context.transaction.TransactionalTestExecutionListener, org.springframework.test.context.jdbc.SqlScriptsTestExecutionListener, org.springframework.test.context.event.EventPublishingTestExecutionListener]
2021-03-04 18:06:37,164 [main] INFO  o.s.b.t.c.SpringBootTestContextBootstrapper        - Using TestExecutionListeners: [org.springframework.test.context.web.ServletTestExecutionListener@16c069df, org.springframework.test.context.support.DirtiesContextBeforeModesTestExecutionListener@2bec854f, org.springframework.test.context.event.ApplicationEventsTestExecutionListener@31edaa7d, org.springframework.boot.test.mock.mockito.MockitoTestExecutionListener@26adfd2d, org.springframework.boot.test.autoconfigure.SpringBootDependencyInjectionTestExecutionListener@3336e6b6, org.springframework.test.context.support.DirtiesContextTestExecutionListener@7c3fdb62, org.springframework.test.context.transaction.TransactionalTestExecutionListener@205d38da, org.springframework.test.context.jdbc.SqlScriptsTestExecutionListener@6950ed69, org.springframework.test.context.event.EventPublishingTestExecutionListener@6dd7b5a3, org.springframework.boot.test.mock.mockito.ResetMocksTestExecutionListener@6f3187b0, org.springframework.boot.test.autoconfigure.restdocs.RestDocsTestExecutionListener@2663e964, org.springframework.boot.test.autoconfigure.web.client.MockRestServiceServerResetTestExecutionListener@48b67364, org.springframework.boot.test.autoconfigure.web.servlet.MockMvcPrintOnlyOnFailureTestExecutionListener@189cbd7c, org.springframework.boot.test.autoconfigure.web.servlet.WebDriverTestExecutionListener@7bf3a5d8, org.springframework.boot.test.autoconfigure.webservices.client.MockWebServiceServerTestExecutionListener@42e25b0b]
2021-03-04 18:06:38,358 [main] INFO  c.j.p.PhonebookwebappApplicationTests              - Starting PhonebookwebappApplicationTests using Java 1.8.0_281 on DESKTOP-A5TPVQF with PID 11836 (started by anave in E:\AshokIT tasks\projects\Phonebookwebapp)
2021-03-04 18:06:38,362 [main] INFO  c.j.p.PhonebookwebappApplicationTests              - No active profile set, falling back to default profiles: default
2021-03-04 18:06:41,146 [main] INFO  o.s.d.r.c.RepositoryConfigurationDelegate          - Bootstrapping Spring Data JPA repositories in DEFAULT mode.
2021-03-04 18:06:41,420 [main] INFO  o.s.d.r.c.RepositoryConfigurationDelegate          - Finished Spring Data repository scanning in 179 ms. Found 1 JPA repository interfaces.
2021-03-04 18:06:43,755 [main] INFO  com.zaxxer.hikari.HikariDataSource                 - HikariPool-1 - Starting...
2021-03-04 18:06:44,500 [main] INFO  com.zaxxer.hikari.HikariDataSource                 - HikariPool-1 - Start completed.
2021-03-04 18:06:44,721 [main] INFO  o.hibernate.jpa.internal.util.LogHelper            - HHH000204: Processing PersistenceUnitInfo [name: default]
2021-03-04 18:06:44,870 [main] INFO  org.hibernate.Version                              - HHH000412: Hibernate ORM core version 5.4.27.Final
2021-03-04 18:06:45,545 [main] INFO  org.hibernate.annotations.common.Version           - HCANN000001: Hibernate Commons Annotations {5.1.2.Final}
2021-03-04 18:06:46,301 [main] INFO  org.hibernate.dialect.Dialect                      - HHH000400: Using dialect: org.hibernate.dialect.H2Dialect
2021-03-04 18:06:48,586 [main] INFO  o.h.e.t.j.p.i.JtaPlatformInitiator                 - HHH000490: Using JtaPlatform implementation: [org.hibernate.engine.transaction.jta.platform.internal.NoJtaPlatform]
2021-03-04 18:06:48,679 [main] INFO  o.s.o.j.LocalContainerEntityManagerFactoryBean     - Initialized JPA EntityManagerFactory for persistence unit 'default'
2021-03-04 18:06:50,443 [main] WARN  o.s.b.a.o.j.JpaBaseConfiguration$JpaWebConfiguration - spring.jpa.open-in-view is enabled by default. Therefore, database queries may be performed during view rendering. Explicitly configure spring.jpa.open-in-view to disable this warning
2021-03-04 18:06:51,122 [main] INFO  o.s.b.a.h2.H2ConsoleAutoConfiguration              - H2 console available at '/h2-console'. Database available at 'jdbc:h2:mem:testdb'
2021-03-04 18:06:51,808 [main] INFO  o.s.b.a.e.web.EndpointLinksResolver                - Exposing 2 endpoint(s) beneath base path '/actuator'
2021-03-04 18:06:52,584 [main] INFO  o.s.s.concurrent.ThreadPoolTaskExecutor            - Initializing ExecutorService 'applicationTaskExecutor'
2021-03-04 18:06:53,580 [main] INFO  s.d.s.w.p.DocumentationPluginsBootstrapper         - Context refreshed
2021-03-04 18:06:53,614 [main] INFO  s.d.s.w.p.DocumentationPluginsBootstrapper         - Found 1 custom documentation plugin(s)
2021-03-04 18:06:53,627 [main] INFO  s.d.s.w.s.ApiListingReferenceScanner               - Scanning for api listing references
2021-03-04 18:06:53,898 [main] INFO  c.j.p.PhonebookwebappApplicationTests              - Started PhonebookwebappApplicationTests in 16.638 seconds (JVM running for 26.006)
2021-03-04 18:06:54,671 [SpringContextShutdownHook] INFO  o.s.s.concurrent.ThreadPoolTaskExecutor            - Shutting down ExecutorService 'applicationTaskExecutor'
2021-03-04 18:06:54,679 [SpringContextShutdownHook] INFO  o.s.o.j.LocalContainerEntityManagerFactoryBean     - Closing JPA EntityManagerFactory for persistence unit 'default'
2021-03-04 18:06:54,679 [SpringContextShutdownHook] INFO  o.h.t.s.i.SchemaDropperImpl$DelayedDropActionImpl  - HHH000477: Starting delayed evictData of schema as part of SessionFactory shut-down'
2021-03-04 18:06:54,691 [SpringContextShutdownHook] INFO  com.zaxxer.hikari.HikariDataSource                 - HikariPool-1 - Shutdown initiated...
2021-03-04 18:06:54,697 [SpringContextShutdownHook] INFO  com.zaxxer.hikari.HikariDataSource                 - HikariPool-1 - Shutdown completed.
2021-03-04 18:34:41,087 [main] INFO  o.s.b.t.c.SpringBootTestContextBootstrapper        - Neither @ContextConfiguration nor @ContextHierarchy found for test class [com.java.phonebook.PhonebookwebappApplicationTests], using SpringBootContextLoader
2021-03-04 18:34:41,187 [main] INFO  o.s.t.c.support.AbstractContextLoader              - Could not detect default resource locations for test class [com.java.phonebook.PhonebookwebappApplicationTests]: no resource found for suffixes {-context.xml, Context.groovy}.
2021-03-04 18:34:41,192 [main] INFO  o.s.t.c.s.AnnotationConfigContextLoaderUtils       - Could not detect default configuration classes for test class [com.java.phonebook.PhonebookwebappApplicationTests]: PhonebookwebappApplicationTests does not declare any static, non-private, non-final, nested classes annotated with @Configuration.
2021-03-04 18:34:41,982 [main] INFO  o.s.b.t.c.SpringBootTestContextBootstrapper        - Found @SpringBootConfiguration com.java.phonebook.PhonebookwebappApplication for test class com.java.phonebook.PhonebookwebappApplicationTests
2021-03-04 18:34:42,826 [main] INFO  o.s.b.t.c.SpringBootTestContextBootstrapper        - Loaded default TestExecutionListener class names from location [META-INF/spring.factories]: [org.springframework.boot.test.mock.mockito.MockitoTestExecutionListener, org.springframework.boot.test.mock.mockito.ResetMocksTestExecutionListener, org.springframework.boot.test.autoconfigure.restdocs.RestDocsTestExecutionListener, org.springframework.boot.test.autoconfigure.web.client.MockRestServiceServerResetTestExecutionListener, org.springframework.boot.test.autoconfigure.web.servlet.MockMvcPrintOnlyOnFailureTestExecutionListener, org.springframework.boot.test.autoconfigure.web.servlet.WebDriverTestExecutionListener, org.springframework.boot.test.autoconfigure.webservices.client.MockWebServiceServerTestExecutionListener, org.springframework.test.context.web.ServletTestExecutionListener, org.springframework.test.context.support.DirtiesContextBeforeModesTestExecutionListener, org.springframework.test.context.event.ApplicationEventsTestExecutionListener, org.springframework.test.context.support.DependencyInjectionTestExecutionListener, org.springframework.test.context.support.DirtiesContextTestExecutionListener, org.springframework.test.context.transaction.TransactionalTestExecutionListener, org.springframework.test.context.jdbc.SqlScriptsTestExecutionListener, org.springframework.test.context.event.EventPublishingTestExecutionListener]
2021-03-04 18:34:42,917 [main] INFO  o.s.b.t.c.SpringBootTestContextBootstrapper        - Using TestExecutionListeners: [org.springframework.test.context.web.ServletTestExecutionListener@16c069df, org.springframework.test.context.support.DirtiesContextBeforeModesTestExecutionListener@2bec854f, org.springframework.test.context.event.ApplicationEventsTestExecutionListener@31edaa7d, org.springframework.boot.test.mock.mockito.MockitoTestExecutionListener@26adfd2d, org.springframework.boot.test.autoconfigure.SpringBootDependencyInjectionTestExecutionListener@3336e6b6, org.springframework.test.context.support.DirtiesContextTestExecutionListener@7c3fdb62, org.springframework.test.context.transaction.TransactionalTestExecutionListener@205d38da, org.springframework.test.context.jdbc.SqlScriptsTestExecutionListener@6950ed69, org.springframework.test.context.event.EventPublishingTestExecutionListener@6dd7b5a3, org.springframework.boot.test.mock.mockito.ResetMocksTestExecutionListener@6f3187b0, org.springframework.boot.test.autoconfigure.restdocs.RestDocsTestExecutionListener@2663e964, org.springframework.boot.test.autoconfigure.web.client.MockRestServiceServerResetTestExecutionListener@48b67364, org.springframework.boot.test.autoconfigure.web.servlet.MockMvcPrintOnlyOnFailureTestExecutionListener@189cbd7c, org.springframework.boot.test.autoconfigure.web.servlet.WebDriverTestExecutionListener@7bf3a5d8, org.springframework.boot.test.autoconfigure.webservices.client.MockWebServiceServerTestExecutionListener@42e25b0b]
2021-03-04 18:34:44,381 [main] INFO  c.j.p.PhonebookwebappApplicationTests              - Starting PhonebookwebappApplicationTests using Java 1.8.0_281 on DESKTOP-A5TPVQF with PID 10140 (started by anave in E:\AshokIT tasks\projects\Phonebookwebapp)
2021-03-04 18:34:44,392 [main] INFO  c.j.p.PhonebookwebappApplicationTests              - No active profile set, falling back to default profiles: default
2021-03-04 18:34:48,092 [main] INFO  o.s.d.r.c.RepositoryConfigurationDelegate          - Bootstrapping Spring Data JPA repositories in DEFAULT mode.
2021-03-04 18:34:48,262 [main] INFO  o.s.d.r.c.RepositoryConfigurationDelegate          - Finished Spring Data repository scanning in 129 ms. Found 1 JPA repository interfaces.
2021-03-04 18:34:50,780 [main] INFO  com.zaxxer.hikari.HikariDataSource                 - HikariPool-1 - Starting...
2021-03-04 18:34:51,418 [main] INFO  com.zaxxer.hikari.HikariDataSource                 - HikariPool-1 - Start completed.
2021-03-04 18:34:51,599 [main] INFO  o.hibernate.jpa.internal.util.LogHelper            - HHH000204: Processing PersistenceUnitInfo [name: default]
2021-03-04 18:34:51,798 [main] INFO  org.hibernate.Version                              - HHH000412: Hibernate ORM core version 5.4.27.Final
2021-03-04 18:34:52,795 [main] INFO  org.hibernate.annotations.common.Version           - HCANN000001: Hibernate Commons Annotations {5.1.2.Final}
2021-03-04 18:34:55,227 [main] INFO  org.hibernate.dialect.Dialect                      - HHH000400: Using dialect: org.hibernate.dialect.H2Dialect
2021-03-04 18:34:58,150 [main] INFO  o.h.e.t.j.p.i.JtaPlatformInitiator                 - HHH000490: Using JtaPlatform implementation: [org.hibernate.engine.transaction.jta.platform.internal.NoJtaPlatform]
2021-03-04 18:34:58,181 [main] INFO  o.s.o.j.LocalContainerEntityManagerFactoryBean     - Initialized JPA EntityManagerFactory for persistence unit 'default'
2021-03-04 18:35:00,142 [main] WARN  o.s.b.a.o.j.JpaBaseConfiguration$JpaWebConfiguration - spring.jpa.open-in-view is enabled by default. Therefore, database queries may be performed during view rendering. Explicitly configure spring.jpa.open-in-view to disable this warning
2021-03-04 18:35:01,085 [main] INFO  o.s.b.a.h2.H2ConsoleAutoConfiguration              - H2 console available at '/h2-console'. Database available at 'jdbc:h2:mem:testdb'
2021-03-04 18:35:01,952 [main] INFO  o.s.b.a.e.web.EndpointLinksResolver                - Exposing 2 endpoint(s) beneath base path '/actuator'
2021-03-04 18:35:03,642 [main] INFO  o.s.s.concurrent.ThreadPoolTaskExecutor            - Initializing ExecutorService 'applicationTaskExecutor'
2021-03-04 18:35:04,403 [main] INFO  s.d.s.w.p.DocumentationPluginsBootstrapper         - Context refreshed
2021-03-04 18:35:04,472 [main] INFO  s.d.s.w.p.DocumentationPluginsBootstrapper         - Found 1 custom documentation plugin(s)
2021-03-04 18:35:04,492 [main] INFO  s.d.s.w.s.ApiListingReferenceScanner               - Scanning for api listing references
2021-03-04 18:35:05,247 [main] INFO  c.j.p.PhonebookwebappApplicationTests              - Started PhonebookwebappApplicationTests in 22.146 seconds (JVM running for 29.813)
2021-03-04 18:35:05,830 [SpringContextShutdownHook] INFO  o.s.s.concurrent.ThreadPoolTaskExecutor            - Shutting down ExecutorService 'applicationTaskExecutor'
2021-03-04 18:35:05,838 [SpringContextShutdownHook] INFO  o.s.o.j.LocalContainerEntityManagerFactoryBean     - Closing JPA EntityManagerFactory for persistence unit 'default'
2021-03-04 18:35:05,839 [SpringContextShutdownHook] INFO  o.h.t.s.i.SchemaDropperImpl$DelayedDropActionImpl  - HHH000477: Starting delayed evictData of schema as part of SessionFactory shut-down'
2021-03-04 18:35:05,876 [SpringContextShutdownHook] INFO  com.zaxxer.hikari.HikariDataSource                 - HikariPool-1 - Shutdown initiated...
2021-03-04 18:35:05,881 [SpringContextShutdownHook] INFO  com.zaxxer.hikari.HikariDataSource                 - HikariPool-1 - Shutdown completed.
2021-03-04 22:01:02,571 [main] INFO  o.s.b.t.c.SpringBootTestContextBootstrapper        - Neither @ContextConfiguration nor @ContextHierarchy found for test class [com.java.phonebook.PhonebookwebappApplicationTests], using SpringBootContextLoader
2021-03-04 22:01:02,664 [main] INFO  o.s.t.c.support.AbstractContextLoader              - Could not detect default resource locations for test class [com.java.phonebook.PhonebookwebappApplicationTests]: no resource found for suffixes {-context.xml, Context.groovy}.
2021-03-04 22:01:02,668 [main] INFO  o.s.t.c.s.AnnotationConfigContextLoaderUtils       - Could not detect default configuration classes for test class [com.java.phonebook.PhonebookwebappApplicationTests]: PhonebookwebappApplicationTests does not declare any static, non-private, non-final, nested classes annotated with @Configuration.
2021-03-04 22:01:03,469 [main] INFO  o.s.b.t.c.SpringBootTestContextBootstrapper        - Found @SpringBootConfiguration com.java.phonebook.PhonebookwebappApplication for test class com.java.phonebook.PhonebookwebappApplicationTests
2021-03-04 22:01:04,172 [main] INFO  o.s.b.t.c.SpringBootTestContextBootstrapper        - Loaded default TestExecutionListener class names from location [META-INF/spring.factories]: [org.springframework.boot.test.mock.mockito.MockitoTestExecutionListener, org.springframework.boot.test.mock.mockito.ResetMocksTestExecutionListener, org.springframework.boot.test.autoconfigure.restdocs.RestDocsTestExecutionListener, org.springframework.boot.test.autoconfigure.web.client.MockRestServiceServerResetTestExecutionListener, org.springframework.boot.test.autoconfigure.web.servlet.MockMvcPrintOnlyOnFailureTestExecutionListener, org.springframework.boot.test.autoconfigure.web.servlet.WebDriverTestExecutionListener, org.springframework.boot.test.autoconfigure.webservices.client.MockWebServiceServerTestExecutionListener, org.springframework.test.context.web.ServletTestExecutionListener, org.springframework.test.context.support.DirtiesContextBeforeModesTestExecutionListener, org.springframework.test.context.event.ApplicationEventsTestExecutionListener, org.springframework.test.context.support.DependencyInjectionTestExecutionListener, org.springframework.test.context.support.DirtiesContextTestExecutionListener, org.springframework.test.context.transaction.TransactionalTestExecutionListener, org.springframework.test.context.jdbc.SqlScriptsTestExecutionListener, org.springframework.test.context.event.EventPublishingTestExecutionListener]
2021-03-04 22:01:04,282 [main] INFO  o.s.b.t.c.SpringBootTestContextBootstrapper        - Using TestExecutionListeners: [org.springframework.test.context.web.ServletTestExecutionListener@16c069df, org.springframework.test.context.support.DirtiesContextBeforeModesTestExecutionListener@2bec854f, org.springframework.test.context.event.ApplicationEventsTestExecutionListener@31edaa7d, org.springframework.boot.test.mock.mockito.MockitoTestExecutionListener@26adfd2d, org.springframework.boot.test.autoconfigure.SpringBootDependencyInjectionTestExecutionListener@3336e6b6, org.springframework.test.context.support.DirtiesContextTestExecutionListener@7c3fdb62, org.springframework.test.context.transaction.TransactionalTestExecutionListener@205d38da, org.springframework.test.context.jdbc.SqlScriptsTestExecutionListener@6950ed69, org.springframework.test.context.event.EventPublishingTestExecutionListener@6dd7b5a3, org.springframework.boot.test.mock.mockito.ResetMocksTestExecutionListener@6f3187b0, org.springframework.boot.test.autoconfigure.restdocs.RestDocsTestExecutionListener@2663e964, org.springframework.boot.test.autoconfigure.web.client.MockRestServiceServerResetTestExecutionListener@48b67364, org.springframework.boot.test.autoconfigure.web.servlet.MockMvcPrintOnlyOnFailureTestExecutionListener@189cbd7c, org.springframework.boot.test.autoconfigure.web.servlet.WebDriverTestExecutionListener@7bf3a5d8, org.springframework.boot.test.autoconfigure.webservices.client.MockWebServiceServerTestExecutionListener@42e25b0b]
2021-03-04 22:01:05,841 [main] INFO  c.j.p.PhonebookwebappApplicationTests              - Starting PhonebookwebappApplicationTests using Java 1.8.0_281 on DESKTOP-A5TPVQF with PID 11092 (started by anave in E:\AshokIT tasks\projects\Phonebookwebapp)
2021-03-04 22:01:05,851 [main] INFO  c.j.p.PhonebookwebappApplicationTests              - No active profile set, falling back to default profiles: default
2021-03-04 22:01:09,093 [main] INFO  o.s.d.r.c.RepositoryConfigurationDelegate          - Bootstrapping Spring Data JPA repositories in DEFAULT mode.
2021-03-04 22:01:09,316 [main] INFO  o.s.d.r.c.RepositoryConfigurationDelegate          - Finished Spring Data repository scanning in 189 ms. Found 1 JPA repository interfaces.
2021-03-04 22:01:12,217 [main] INFO  com.zaxxer.hikari.HikariDataSource                 - HikariPool-1 - Starting...
2021-03-04 22:01:13,051 [main] INFO  com.zaxxer.hikari.HikariDataSource                 - HikariPool-1 - Start completed.
2021-03-04 22:01:13,241 [main] INFO  o.hibernate.jpa.internal.util.LogHelper            - HHH000204: Processing PersistenceUnitInfo [name: default]
2021-03-04 22:01:13,366 [main] INFO  org.hibernate.Version                              - HHH000412: Hibernate ORM core version 5.4.27.Final
2021-03-04 22:01:14,260 [main] INFO  org.hibernate.annotations.common.Version           - HCANN000001: Hibernate Commons Annotations {5.1.2.Final}
2021-03-04 22:01:16,679 [main] INFO  org.hibernate.dialect.Dialect                      - HHH000400: Using dialect: org.hibernate.dialect.H2Dialect
2021-03-04 22:01:18,965 [main] INFO  o.h.e.t.j.p.i.JtaPlatformInitiator                 - HHH000490: Using JtaPlatform implementation: [org.hibernate.engine.transaction.jta.platform.internal.NoJtaPlatform]
2021-03-04 22:01:18,987 [main] INFO  o.s.o.j.LocalContainerEntityManagerFactoryBean     - Initialized JPA EntityManagerFactory for persistence unit 'default'
2021-03-04 22:01:20,710 [main] WARN  o.s.b.a.o.j.JpaBaseConfiguration$JpaWebConfiguration - spring.jpa.open-in-view is enabled by default. Therefore, database queries may be performed during view rendering. Explicitly configure spring.jpa.open-in-view to disable this warning
2021-03-04 22:01:21,438 [main] INFO  o.s.b.a.h2.H2ConsoleAutoConfiguration              - H2 console available at '/h2-console'. Database available at 'jdbc:h2:mem:testdb'
2021-03-04 22:01:22,167 [main] INFO  o.s.b.a.e.web.EndpointLinksResolver                - Exposing 2 endpoint(s) beneath base path '/actuator'
2021-03-04 22:01:23,331 [main] INFO  o.s.s.concurrent.ThreadPoolTaskExecutor            - Initializing ExecutorService 'applicationTaskExecutor'
2021-03-04 22:01:24,200 [main] INFO  s.d.s.w.p.DocumentationPluginsBootstrapper         - Context refreshed
2021-03-04 22:01:24,618 [main] INFO  s.d.s.w.p.DocumentationPluginsBootstrapper         - Found 1 custom documentation plugin(s)
2021-03-04 22:01:24,693 [main] INFO  s.d.s.w.s.ApiListingReferenceScanner               - Scanning for api listing references
2021-03-04 22:01:25,234 [main] INFO  c.j.p.PhonebookwebappApplicationTests              - Started PhonebookwebappApplicationTests in 20.844 seconds (JVM running for 30.798)
2021-03-04 22:01:25,817 [SpringContextShutdownHook] INFO  o.s.s.concurrent.ThreadPoolTaskExecutor            - Shutting down ExecutorService 'applicationTaskExecutor'
2021-03-04 22:01:25,851 [SpringContextShutdownHook] INFO  o.s.o.j.LocalContainerEntityManagerFactoryBean     - Closing JPA EntityManagerFactory for persistence unit 'default'
2021-03-04 22:01:25,855 [SpringContextShutdownHook] INFO  o.h.t.s.i.SchemaDropperImpl$DelayedDropActionImpl  - HHH000477: Starting delayed evictData of schema as part of SessionFactory shut-down'
2021-03-04 22:01:25,930 [SpringContextShutdownHook] INFO  com.zaxxer.hikari.HikariDataSource                 - HikariPool-1 - Shutdown initiated...
2021-03-04 22:01:25,937 [SpringContextShutdownHook] INFO  com.zaxxer.hikari.HikariDataSource                 - HikariPool-1 - Shutdown completed.
