2021-03-02 11:55:36,842 [main] INFO  c.j.phonebook.PhonebookwebappApplication           - Starting PhonebookwebappApplication using Java 11.0.10 on DESKTOP-A5TPVQF with PID 8912 (E:\AshokIT tasks\projects\Phonebookwebapp\target\classes started by anave in E:\AshokIT tasks\projects\Phonebookwebapp)
2021-03-02 11:55:36,856 [main] INFO  c.j.phonebook.PhonebookwebappApplication           - No active profile set, falling back to default profiles: default
2021-03-02 11:55:44,631 [main] INFO  o.s.d.r.c.RepositoryConfigurationDelegate          - Bootstrapping Spring Data JPA repositories in DEFAULT mode.
2021-03-02 11:55:45,119 [main] INFO  o.s.d.r.c.RepositoryConfigurationDelegate          - Finished Spring Data repository scanning in 382 ms. Found 1 JPA repository interfaces.
2021-03-02 11:55:49,669 [main] INFO  o.s.b.w.embedded.tomcat.TomcatWebServer            - Tomcat initialized with port(s): 8080 (http)
2021-03-02 11:55:49,738 [main] INFO  o.apache.coyote.http11.Http11NioProtocol           - Initializing ProtocolHandler ["http-nio-8080"]
2021-03-02 11:55:49,740 [main] INFO  org.apache.catalina.core.StandardService           - Starting service [Tomcat]
2021-03-02 11:55:49,742 [main] INFO  org.apache.catalina.core.StandardEngine            - Starting Servlet engine: [Apache Tomcat/9.0.41]
2021-03-02 11:55:50,187 [main] INFO  o.a.c.c.C.[Tomcat].[localhost].[/]                 - Initializing Spring embedded WebApplicationContext
2021-03-02 11:55:50,188 [main] INFO  o.s.b.w.s.c.ServletWebServerApplicationContext     - Root WebApplicationContext: initialization completed in 12619 ms
2021-03-02 11:55:50,659 [main] INFO  com.zaxxer.hikari.HikariDataSource                 - HikariPool-1 - Starting...
2021-03-02 11:55:51,380 [main] INFO  com.zaxxer.hikari.HikariDataSource                 - HikariPool-1 - Start completed.
2021-03-02 11:55:51,393 [main] INFO  o.s.b.a.h2.H2ConsoleAutoConfiguration              - H2 console available at '/h2-console'. Database available at 'jdbc:h2:mem:testdb'
2021-03-02 11:55:54,111 [main] INFO  o.hibernate.jpa.internal.util.LogHelper            - HHH000204: Processing PersistenceUnitInfo [name: default]
2021-03-02 11:55:54,991 [main] INFO  org.hibernate.Version                              - HHH000412: Hibernate ORM core version 5.4.27.Final
2021-03-02 11:55:56,426 [main] INFO  org.hibernate.annotations.common.Version           - HCANN000001: Hibernate Commons Annotations {5.1.2.Final}
2021-03-02 11:55:57,004 [main] INFO  org.hibernate.dialect.Dialect                      - HHH000400: Using dialect: org.hibernate.dialect.H2Dialect
2021-03-02 11:55:57,713 [main] INFO  org.hibernate.tuple.PojoInstantiator               - HHH000182: No default (no-argument) constructor for class: com.java.phonebook.entity.Contact (class must be instantiated by Interceptor)
2021-03-02 11:55:58,786 [main] INFO  o.h.e.t.j.p.i.JtaPlatformInitiator                 - HHH000490: Using JtaPlatform implementation: [org.hibernate.engine.transaction.jta.platform.internal.NoJtaPlatform]
2021-03-02 11:55:58,807 [main] INFO  o.s.o.j.LocalContainerEntityManagerFactoryBean     - Initialized JPA EntityManagerFactory for persistence unit 'default'
2021-03-02 11:56:00,214 [main] WARN  o.s.b.a.o.j.JpaBaseConfiguration$JpaWebConfiguration - spring.jpa.open-in-view is enabled by default. Therefore, database queries may be performed during view rendering. Explicitly configure spring.jpa.open-in-view to disable this warning
2021-03-02 11:56:00,741 [main] INFO  o.s.b.a.e.web.EndpointLinksResolver                - Exposing 2 endpoint(s) beneath base path '/actuator'
2021-03-02 11:56:00,921 [main] INFO  o.s.s.concurrent.ThreadPoolTaskExecutor            - Initializing ExecutorService 'applicationTaskExecutor'
2021-03-02 11:56:01,260 [main] INFO  o.apache.coyote.http11.Http11NioProtocol           - Starting ProtocolHandler ["http-nio-8080"]
2021-03-02 11:56:01,322 [main] INFO  o.s.b.w.embedded.tomcat.TomcatWebServer            - Tomcat started on port(s): 8080 (http) with context path ''
2021-03-02 11:56:01,323 [main] INFO  s.d.s.w.p.DocumentationPluginsBootstrapper         - Context refreshed
2021-03-02 11:56:01,357 [main] INFO  s.d.s.w.p.DocumentationPluginsBootstrapper         - Found 1 custom documentation plugin(s)
2021-03-02 11:56:01,369 [main] INFO  s.d.s.w.s.ApiListingReferenceScanner               - Scanning for api listing references
2021-03-02 11:56:01,563 [main] INFO  c.j.phonebook.PhonebookwebappApplication           - Started PhonebookwebappApplication in 27.441 seconds (JVM running for 35.388)
2021-03-02 11:56:28,138 [http-nio-8080-exec-8] INFO  o.a.c.c.C.[Tomcat].[localhost].[/]                 - Initializing Spring DispatcherServlet 'dispatcherServlet'
2021-03-02 11:56:28,141 [http-nio-8080-exec-8] INFO  o.s.web.servlet.DispatcherServlet                  - Initializing Servlet 'dispatcherServlet'
2021-03-02 11:56:28,148 [http-nio-8080-exec-8] INFO  o.s.web.servlet.DispatcherServlet                  - Completed initialization in 4 ms
2021-03-02 11:57:40,836 [http-nio-8080-exec-5] ERROR c.j.p.controller.PhoneBookController               - exception occured No default constructor for entity:  : com.java.phonebook.entity.Contact; nested exception is org.hibernate.InstantiationException: No default constructor for entity:  : com.java.phonebook.entity.Contact
2021-03-02 11:57:40,838 [http-nio-8080-exec-5] INFO  c.j.p.controller.PhoneBookController               - ***** saveContact() contact  Not saved ***
2021-03-02 11:58:12,618 [http-nio-8080-exec-3] ERROR c.j.p.controller.PhoneBookController               - exception occured No default constructor for entity:  : com.java.phonebook.entity.Contact; nested exception is org.hibernate.InstantiationException: No default constructor for entity:  : com.java.phonebook.entity.Contact
2021-03-02 11:58:12,619 [http-nio-8080-exec-3] INFO  c.j.p.controller.PhoneBookController               - ***** saveContact() contact  Not saved ***
2021-03-02 11:59:55,360 [RMI TCP Connection(11)-127.0.0.1] INFO  o.s.b.a.SpringApplicationAdminMXBeanRegistrar$SpringApplicationAdmin - Application shutdown requested.
2021-03-02 11:59:55,562 [RMI TCP Connection(11)-127.0.0.1] INFO  o.s.s.concurrent.ThreadPoolTaskExecutor            - Shutting down ExecutorService 'applicationTaskExecutor'
2021-03-02 11:59:55,568 [RMI TCP Connection(11)-127.0.0.1] INFO  o.s.o.j.LocalContainerEntityManagerFactoryBean     - Closing JPA EntityManagerFactory for persistence unit 'default'
2021-03-02 11:59:55,569 [RMI TCP Connection(11)-127.0.0.1] INFO  o.h.t.s.i.SchemaDropperImpl$DelayedDropActionImpl  - HHH000477: Starting delayed evictData of schema as part of SessionFactory shut-down'
2021-03-02 11:59:55,608 [RMI TCP Connection(11)-127.0.0.1] INFO  com.zaxxer.hikari.HikariDataSource                 - HikariPool-1 - Shutdown initiated...
2021-03-02 11:59:55,620 [RMI TCP Connection(11)-127.0.0.1] INFO  com.zaxxer.hikari.HikariDataSource                 - HikariPool-1 - Shutdown completed.
2021-03-02 12:00:12,773 [main] INFO  c.j.phonebook.PhonebookwebappApplication           - Starting PhonebookwebappApplication using Java 11.0.10 on DESKTOP-A5TPVQF with PID 5612 (E:\AshokIT tasks\projects\Phonebookwebapp\target\classes started by anave in E:\AshokIT tasks\projects\Phonebookwebapp)
2021-03-02 12:00:12,776 [main] INFO  c.j.phonebook.PhonebookwebappApplication           - No active profile set, falling back to default profiles: default
2021-03-02 12:00:15,258 [main] INFO  o.s.d.r.c.RepositoryConfigurationDelegate          - Bootstrapping Spring Data JPA repositories in DEFAULT mode.
2021-03-02 12:00:15,307 [main] INFO  o.s.d.r.c.RepositoryConfigurationDelegate          - Finished Spring Data repository scanning in 42 ms. Found 1 JPA repository interfaces.
2021-03-02 12:00:16,186 [main] INFO  o.s.b.w.embedded.tomcat.TomcatWebServer            - Tomcat initialized with port(s): 8080 (http)
2021-03-02 12:00:16,198 [main] INFO  o.apache.coyote.http11.Http11NioProtocol           - Initializing ProtocolHandler ["http-nio-8080"]
2021-03-02 12:00:16,199 [main] INFO  org.apache.catalina.core.StandardService           - Starting service [Tomcat]
2021-03-02 12:00:16,199 [main] INFO  org.apache.catalina.core.StandardEngine            - Starting Servlet engine: [Apache Tomcat/9.0.41]
2021-03-02 12:00:16,366 [main] INFO  o.a.c.c.C.[Tomcat].[localhost].[/]                 - Initializing Spring embedded WebApplicationContext
2021-03-02 12:00:16,367 [main] INFO  o.s.b.w.s.c.ServletWebServerApplicationContext     - Root WebApplicationContext: initialization completed in 3529 ms
2021-03-02 12:00:16,504 [main] INFO  com.zaxxer.hikari.HikariDataSource                 - HikariPool-1 - Starting...
2021-03-02 12:00:16,843 [main] INFO  com.zaxxer.hikari.HikariDataSource                 - HikariPool-1 - Start completed.
2021-03-02 12:00:16,850 [main] INFO  o.s.b.a.h2.H2ConsoleAutoConfiguration              - H2 console available at '/h2-console'. Database available at 'jdbc:h2:mem:testdb'
2021-03-02 12:00:17,174 [main] INFO  o.hibernate.jpa.internal.util.LogHelper            - HHH000204: Processing PersistenceUnitInfo [name: default]
2021-03-02 12:00:17,298 [main] INFO  org.hibernate.Version                              - HHH000412: Hibernate ORM core version 5.4.27.Final
2021-03-02 12:00:18,635 [main] INFO  org.hibernate.annotations.common.Version           - HCANN000001: Hibernate Commons Annotations {5.1.2.Final}
2021-03-02 12:00:18,849 [main] INFO  org.hibernate.dialect.Dialect                      - HHH000400: Using dialect: org.hibernate.dialect.H2Dialect
2021-03-02 12:00:20,111 [main] INFO  o.h.e.t.j.p.i.JtaPlatformInitiator                 - HHH000490: Using JtaPlatform implementation: [org.hibernate.engine.transaction.jta.platform.internal.NoJtaPlatform]
2021-03-02 12:00:20,117 [main] INFO  o.s.o.j.LocalContainerEntityManagerFactoryBean     - Initialized JPA EntityManagerFactory for persistence unit 'default'
2021-03-02 12:00:20,612 [main] WARN  o.s.b.a.o.j.JpaBaseConfiguration$JpaWebConfiguration - spring.jpa.open-in-view is enabled by default. Therefore, database queries may be performed during view rendering. Explicitly configure spring.jpa.open-in-view to disable this warning
2021-03-02 12:00:20,803 [main] INFO  o.s.b.a.e.web.EndpointLinksResolver                - Exposing 2 endpoint(s) beneath base path '/actuator'
2021-03-02 12:00:20,934 [main] INFO  o.s.s.concurrent.ThreadPoolTaskExecutor            - Initializing ExecutorService 'applicationTaskExecutor'
2021-03-02 12:00:21,208 [main] INFO  o.apache.coyote.http11.Http11NioProtocol           - Starting ProtocolHandler ["http-nio-8080"]
2021-03-02 12:00:21,227 [main] INFO  o.s.b.w.embedded.tomcat.TomcatWebServer            - Tomcat started on port(s): 8080 (http) with context path ''
2021-03-02 12:00:21,227 [main] INFO  s.d.s.w.p.DocumentationPluginsBootstrapper         - Context refreshed
2021-03-02 12:00:21,242 [main] INFO  s.d.s.w.p.DocumentationPluginsBootstrapper         - Found 1 custom documentation plugin(s)
2021-03-02 12:00:21,251 [main] INFO  s.d.s.w.s.ApiListingReferenceScanner               - Scanning for api listing references
2021-03-02 12:00:21,386 [main] INFO  c.j.phonebook.PhonebookwebappApplication           - Started PhonebookwebappApplication in 9.115 seconds (JVM running for 10.719)
2021-03-02 12:00:22,074 [RMI TCP Connection(3)-127.0.0.1] INFO  o.a.c.c.C.[Tomcat].[localhost].[/]                 - Initializing Spring DispatcherServlet 'dispatcherServlet'
2021-03-02 12:00:22,076 [RMI TCP Connection(3)-127.0.0.1] INFO  o.s.web.servlet.DispatcherServlet                  - Initializing Servlet 'dispatcherServlet'
2021-03-02 12:00:22,081 [RMI TCP Connection(3)-127.0.0.1] INFO  o.s.web.servlet.DispatcherServlet                  - Completed initialization in 4 ms
2021-03-02 12:00:55,270 [http-nio-8080-exec-6] INFO  c.j.p.controller.PhoneBookController               - **** saveContact() -contact saved ****
2021-03-02 12:01:22,016 [http-nio-8080-exec-1] INFO  c.j.p.controller.PhoneBookController               - **** saveContact() -contact saved ****
2021-03-02 12:05:14,234 [http-nio-8080-exec-7] INFO  c.j.p.controller.PhoneBookController               - *** getContactById() ** execution started ***
2021-03-02 12:05:14,235 [http-nio-8080-exec-7] ERROR c.j.p.controller.PhoneBookController               - exception occured contact not found 
2021-03-02 12:32:07,081 [HikariPool-1 housekeeper] WARN  com.zaxxer.hikari.pool.HikariPool                  - HikariPool-1 - Thread starvation or clock leap detected (housekeeper delta=8m49s750ms359µs500ns).
2021-03-02 14:19:08,587 [HikariPool-1 housekeeper] WARN  com.zaxxer.hikari.pool.HikariPool                  - HikariPool-1 - Thread starvation or clock leap detected (housekeeper delta=1h46m31s500ms839µs100ns).
2021-03-02 15:23:15,702 [main] INFO  o.s.b.t.c.SpringBootTestContextBootstrapper        - Neither @ContextConfiguration nor @ContextHierarchy found for test class [com.java.phonebook.PhonebookwebappApplicationTests], using SpringBootContextLoader
2021-03-02 15:23:15,719 [main] INFO  o.s.t.c.support.AbstractContextLoader              - Could not detect default resource locations for test class [com.java.phonebook.PhonebookwebappApplicationTests]: no resource found for suffixes {-context.xml, Context.groovy}.
2021-03-02 15:23:15,722 [main] INFO  o.s.t.c.s.AnnotationConfigContextLoaderUtils       - Could not detect default configuration classes for test class [com.java.phonebook.PhonebookwebappApplicationTests]: PhonebookwebappApplicationTests does not declare any static, non-private, non-final, nested classes annotated with @Configuration.
2021-03-02 15:23:16,358 [main] INFO  o.s.b.t.c.SpringBootTestContextBootstrapper        - Found @SpringBootConfiguration com.java.phonebook.PhonebookwebappApplication for test class com.java.phonebook.PhonebookwebappApplicationTests
2021-03-02 15:23:17,252 [main] INFO  o.s.b.t.c.SpringBootTestContextBootstrapper        - Loaded default TestExecutionListener class names from location [META-INF/spring.factories]: [org.springframework.boot.test.mock.mockito.MockitoTestExecutionListener, org.springframework.boot.test.mock.mockito.ResetMocksTestExecutionListener, org.springframework.boot.test.autoconfigure.restdocs.RestDocsTestExecutionListener, org.springframework.boot.test.autoconfigure.web.client.MockRestServiceServerResetTestExecutionListener, org.springframework.boot.test.autoconfigure.web.servlet.MockMvcPrintOnlyOnFailureTestExecutionListener, org.springframework.boot.test.autoconfigure.web.servlet.WebDriverTestExecutionListener, org.springframework.boot.test.autoconfigure.webservices.client.MockWebServiceServerTestExecutionListener, org.springframework.test.context.web.ServletTestExecutionListener, org.springframework.test.context.support.DirtiesContextBeforeModesTestExecutionListener, org.springframework.test.context.event.ApplicationEventsTestExecutionListener, org.springframework.test.context.support.DependencyInjectionTestExecutionListener, org.springframework.test.context.support.DirtiesContextTestExecutionListener, org.springframework.test.context.transaction.TransactionalTestExecutionListener, org.springframework.test.context.jdbc.SqlScriptsTestExecutionListener, org.springframework.test.context.event.EventPublishingTestExecutionListener]
2021-03-02 15:23:17,388 [main] INFO  o.s.b.t.c.SpringBootTestContextBootstrapper        - Using TestExecutionListeners: [org.springframework.test.context.web.ServletTestExecutionListener@32fe9d0a, org.springframework.test.context.support.DirtiesContextBeforeModesTestExecutionListener@c9413d8, org.springframework.test.context.event.ApplicationEventsTestExecutionListener@64da2a7, org.springframework.boot.test.mock.mockito.MockitoTestExecutionListener@46074492, org.springframework.boot.test.autoconfigure.SpringBootDependencyInjectionTestExecutionListener@d78795, org.springframework.test.context.support.DirtiesContextTestExecutionListener@2c715e84, org.springframework.test.context.transaction.TransactionalTestExecutionListener@47428937, org.springframework.test.context.jdbc.SqlScriptsTestExecutionListener@3b9d6699, org.springframework.test.context.event.EventPublishingTestExecutionListener@7caa550, org.springframework.boot.test.mock.mockito.ResetMocksTestExecutionListener@21694e53, org.springframework.boot.test.autoconfigure.restdocs.RestDocsTestExecutionListener@72b16078, org.springframework.boot.test.autoconfigure.web.client.MockRestServiceServerResetTestExecutionListener@22c86919, org.springframework.boot.test.autoconfigure.web.servlet.MockMvcPrintOnlyOnFailureTestExecutionListener@70fab835, org.springframework.boot.test.autoconfigure.web.servlet.WebDriverTestExecutionListener@1b0a7baf, org.springframework.boot.test.autoconfigure.webservices.client.MockWebServiceServerTestExecutionListener@62417a16]
2021-03-02 15:23:19,047 [main] INFO  c.j.p.PhonebookwebappApplicationTests              - Starting PhonebookwebappApplicationTests using Java 14.0.2 on DESKTOP-A5TPVQF with PID 9724 (started by anave in E:\AshokIT tasks\projects\Phonebookwebapp)
2021-03-02 15:23:19,050 [main] INFO  c.j.p.PhonebookwebappApplicationTests              - No active profile set, falling back to default profiles: default
2021-03-02 15:23:22,555 [main] INFO  o.s.d.r.c.RepositoryConfigurationDelegate          - Bootstrapping Spring Data JPA repositories in DEFAULT mode.
2021-03-02 15:23:23,676 [main] INFO  o.s.d.r.c.RepositoryConfigurationDelegate          - Finished Spring Data repository scanning in 356 ms. Found 1 JPA repository interfaces.
2021-03-02 15:23:27,793 [main] INFO  com.zaxxer.hikari.HikariDataSource                 - HikariPool-1 - Starting...
2021-03-02 15:23:28,650 [main] INFO  com.zaxxer.hikari.HikariDataSource                 - HikariPool-1 - Start completed.
2021-03-02 15:23:29,054 [main] INFO  o.hibernate.jpa.internal.util.LogHelper            - HHH000204: Processing PersistenceUnitInfo [name: default]
2021-03-02 15:23:29,212 [main] INFO  org.hibernate.Version                              - HHH000412: Hibernate ORM core version 5.4.27.Final
2021-03-02 15:23:29,826 [main] INFO  org.hibernate.annotations.common.Version           - HCANN000001: Hibernate Commons Annotations {5.1.2.Final}
2021-03-02 15:23:30,629 [main] INFO  org.hibernate.dialect.Dialect                      - HHH000400: Using dialect: org.hibernate.dialect.H2Dialect
2021-03-02 15:23:33,303 [main] INFO  o.h.e.t.j.p.i.JtaPlatformInitiator                 - HHH000490: Using JtaPlatform implementation: [org.hibernate.engine.transaction.jta.platform.internal.NoJtaPlatform]
2021-03-02 15:23:33,336 [main] INFO  o.s.o.j.LocalContainerEntityManagerFactoryBean     - Initialized JPA EntityManagerFactory for persistence unit 'default'
2021-03-02 15:23:36,425 [main] WARN  o.s.b.a.o.j.JpaBaseConfiguration$JpaWebConfiguration - spring.jpa.open-in-view is enabled by default. Therefore, database queries may be performed during view rendering. Explicitly configure spring.jpa.open-in-view to disable this warning
2021-03-02 15:23:37,359 [main] INFO  o.s.b.a.h2.H2ConsoleAutoConfiguration              - H2 console available at '/h2-console'. Database available at 'jdbc:h2:mem:testdb'
2021-03-02 15:23:37,983 [main] INFO  o.s.b.a.e.web.EndpointLinksResolver                - Exposing 2 endpoint(s) beneath base path '/actuator'
2021-03-02 15:23:39,282 [main] INFO  o.s.s.concurrent.ThreadPoolTaskExecutor            - Initializing ExecutorService 'applicationTaskExecutor'
2021-03-02 15:23:40,203 [main] INFO  s.d.s.w.p.DocumentationPluginsBootstrapper         - Context refreshed
2021-03-02 15:23:40,262 [main] INFO  s.d.s.w.p.DocumentationPluginsBootstrapper         - Found 1 custom documentation plugin(s)
2021-03-02 15:23:40,286 [main] INFO  s.d.s.w.s.ApiListingReferenceScanner               - Scanning for api listing references
2021-03-02 15:23:40,605 [main] INFO  c.j.p.PhonebookwebappApplicationTests              - Started PhonebookwebappApplicationTests in 22.988 seconds (JVM running for 33.629)
2021-03-02 15:23:41,913 [SpringContextShutdownHook] INFO  o.s.s.concurrent.ThreadPoolTaskExecutor            - Shutting down ExecutorService 'applicationTaskExecutor'
2021-03-02 15:23:41,919 [SpringContextShutdownHook] INFO  o.s.o.j.LocalContainerEntityManagerFactoryBean     - Closing JPA EntityManagerFactory for persistence unit 'default'
2021-03-02 15:23:41,919 [SpringContextShutdownHook] INFO  o.h.t.s.i.SchemaDropperImpl$DelayedDropActionImpl  - HHH000477: Starting delayed evictData of schema as part of SessionFactory shut-down'
2021-03-02 15:23:41,930 [SpringContextShutdownHook] INFO  com.zaxxer.hikari.HikariDataSource                 - HikariPool-1 - Shutdown initiated...
2021-03-02 15:23:41,934 [SpringContextShutdownHook] INFO  com.zaxxer.hikari.HikariDataSource                 - HikariPool-1 - Shutdown completed.
2021-03-02 16:36:47,914 [HikariPool-1 housekeeper] WARN  com.zaxxer.hikari.pool.HikariPool                  - HikariPool-1 - Thread starvation or clock leap detected (housekeeper delta=1h3m1s960ms296µs600ns).
2021-03-02 17:32:11,848 [main] INFO  o.s.b.t.c.SpringBootTestContextBootstrapper        - Neither @ContextConfiguration nor @ContextHierarchy found for test class [com.java.phonebook.PhonebookwebappApplicationTests], using SpringBootContextLoader
2021-03-02 17:32:11,876 [main] INFO  o.s.t.c.support.AbstractContextLoader              - Could not detect default resource locations for test class [com.java.phonebook.PhonebookwebappApplicationTests]: no resource found for suffixes {-context.xml, Context.groovy}.
2021-03-02 17:32:11,880 [main] INFO  o.s.t.c.s.AnnotationConfigContextLoaderUtils       - Could not detect default configuration classes for test class [com.java.phonebook.PhonebookwebappApplicationTests]: PhonebookwebappApplicationTests does not declare any static, non-private, non-final, nested classes annotated with @Configuration.
2021-03-02 17:32:13,000 [main] INFO  o.s.b.t.c.SpringBootTestContextBootstrapper        - Found @SpringBootConfiguration com.java.phonebook.PhonebookwebappApplication for test class com.java.phonebook.PhonebookwebappApplicationTests
2021-03-02 17:32:13,702 [main] INFO  o.s.b.t.c.SpringBootTestContextBootstrapper        - Loaded default TestExecutionListener class names from location [META-INF/spring.factories]: [org.springframework.boot.test.mock.mockito.MockitoTestExecutionListener, org.springframework.boot.test.mock.mockito.ResetMocksTestExecutionListener, org.springframework.boot.test.autoconfigure.restdocs.RestDocsTestExecutionListener, org.springframework.boot.test.autoconfigure.web.client.MockRestServiceServerResetTestExecutionListener, org.springframework.boot.test.autoconfigure.web.servlet.MockMvcPrintOnlyOnFailureTestExecutionListener, org.springframework.boot.test.autoconfigure.web.servlet.WebDriverTestExecutionListener, org.springframework.boot.test.autoconfigure.webservices.client.MockWebServiceServerTestExecutionListener, org.springframework.test.context.web.ServletTestExecutionListener, org.springframework.test.context.support.DirtiesContextBeforeModesTestExecutionListener, org.springframework.test.context.event.ApplicationEventsTestExecutionListener, org.springframework.test.context.support.DependencyInjectionTestExecutionListener, org.springframework.test.context.support.DirtiesContextTestExecutionListener, org.springframework.test.context.transaction.TransactionalTestExecutionListener, org.springframework.test.context.jdbc.SqlScriptsTestExecutionListener, org.springframework.test.context.event.EventPublishingTestExecutionListener]
2021-03-02 17:32:13,841 [main] INFO  o.s.b.t.c.SpringBootTestContextBootstrapper        - Using TestExecutionListeners: [org.springframework.test.context.web.ServletTestExecutionListener@66d44581, org.springframework.test.context.support.DirtiesContextBeforeModesTestExecutionListener@1afa048a, org.springframework.test.context.event.ApplicationEventsTestExecutionListener@293ecff6, org.springframework.boot.test.mock.mockito.MockitoTestExecutionListener@70eb94d7, org.springframework.boot.test.autoconfigure.SpringBootDependencyInjectionTestExecutionListener@34d72f06, org.springframework.test.context.support.DirtiesContextTestExecutionListener@7e43b342, org.springframework.test.context.transaction.TransactionalTestExecutionListener@21dd9203, org.springframework.test.context.jdbc.SqlScriptsTestExecutionListener@dbcf7c3, org.springframework.test.context.event.EventPublishingTestExecutionListener@1e466d, org.springframework.boot.test.mock.mockito.ResetMocksTestExecutionListener@63243c8f, org.springframework.boot.test.autoconfigure.restdocs.RestDocsTestExecutionListener@2ea4e762, org.springframework.boot.test.autoconfigure.web.client.MockRestServiceServerResetTestExecutionListener@444c0f9a, org.springframework.boot.test.autoconfigure.web.servlet.MockMvcPrintOnlyOnFailureTestExecutionListener@36931450, org.springframework.boot.test.autoconfigure.web.servlet.WebDriverTestExecutionListener@74919649, org.springframework.boot.test.autoconfigure.webservices.client.MockWebServiceServerTestExecutionListener@7d07e04e]
2021-03-02 17:32:15,731 [main] INFO  c.j.p.PhonebookwebappApplicationTests              - Starting PhonebookwebappApplicationTests using Java 14.0.2 on DESKTOP-A5TPVQF with PID 13784 (started by anave in E:\AshokIT tasks\projects\Phonebookwebapp)
2021-03-02 17:32:15,735 [main] INFO  c.j.p.PhonebookwebappApplicationTests              - No active profile set, falling back to default profiles: default
2021-03-02 17:32:18,984 [main] INFO  o.s.d.r.c.RepositoryConfigurationDelegate          - Bootstrapping Spring Data JPA repositories in DEFAULT mode.
2021-03-02 17:32:19,335 [main] INFO  o.s.d.r.c.RepositoryConfigurationDelegate          - Finished Spring Data repository scanning in 313 ms. Found 1 JPA repository interfaces.
2021-03-02 17:32:22,517 [main] INFO  com.zaxxer.hikari.HikariDataSource                 - HikariPool-1 - Starting...
2021-03-02 17:32:24,532 [main] INFO  com.zaxxer.hikari.HikariDataSource                 - HikariPool-1 - Start completed.
2021-03-02 17:32:25,390 [main] INFO  o.hibernate.jpa.internal.util.LogHelper            - HHH000204: Processing PersistenceUnitInfo [name: default]
2021-03-02 17:32:25,756 [main] INFO  org.hibernate.Version                              - HHH000412: Hibernate ORM core version 5.4.27.Final
2021-03-02 17:32:26,335 [main] INFO  org.hibernate.annotations.common.Version           - HCANN000001: Hibernate Commons Annotations {5.1.2.Final}
2021-03-02 17:32:26,828 [main] INFO  org.hibernate.dialect.Dialect                      - HHH000400: Using dialect: org.hibernate.dialect.H2Dialect
2021-03-02 17:32:28,518 [main] INFO  o.h.e.t.j.p.i.JtaPlatformInitiator                 - HHH000490: Using JtaPlatform implementation: [org.hibernate.engine.transaction.jta.platform.internal.NoJtaPlatform]
2021-03-02 17:32:28,540 [main] INFO  o.s.o.j.LocalContainerEntityManagerFactoryBean     - Initialized JPA EntityManagerFactory for persistence unit 'default'
2021-03-02 17:32:29,751 [main] WARN  o.s.b.a.o.j.JpaBaseConfiguration$JpaWebConfiguration - spring.jpa.open-in-view is enabled by default. Therefore, database queries may be performed during view rendering. Explicitly configure spring.jpa.open-in-view to disable this warning
2021-03-02 17:32:30,463 [main] INFO  o.s.b.a.h2.H2ConsoleAutoConfiguration              - H2 console available at '/h2-console'. Database available at 'jdbc:h2:mem:testdb'
2021-03-02 17:32:30,831 [main] INFO  o.s.b.a.e.web.EndpointLinksResolver                - Exposing 2 endpoint(s) beneath base path '/actuator'
2021-03-02 17:32:31,689 [main] INFO  o.s.s.concurrent.ThreadPoolTaskExecutor            - Initializing ExecutorService 'applicationTaskExecutor'
2021-03-02 17:32:32,262 [main] INFO  s.d.s.w.p.DocumentationPluginsBootstrapper         - Context refreshed
2021-03-02 17:32:32,302 [main] INFO  s.d.s.w.p.DocumentationPluginsBootstrapper         - Found 1 custom documentation plugin(s)
2021-03-02 17:32:32,318 [main] INFO  s.d.s.w.s.ApiListingReferenceScanner               - Scanning for api listing references
2021-03-02 17:32:32,634 [main] INFO  c.j.p.PhonebookwebappApplicationTests              - Started PhonebookwebappApplicationTests in 18.643 seconds (JVM running for 26.314)
2021-03-02 17:32:33,249 [SpringContextShutdownHook] INFO  o.s.s.concurrent.ThreadPoolTaskExecutor            - Shutting down ExecutorService 'applicationTaskExecutor'
2021-03-02 17:32:33,258 [SpringContextShutdownHook] INFO  o.s.o.j.LocalContainerEntityManagerFactoryBean     - Closing JPA EntityManagerFactory for persistence unit 'default'
2021-03-02 17:32:33,260 [SpringContextShutdownHook] INFO  o.h.t.s.i.SchemaDropperImpl$DelayedDropActionImpl  - HHH000477: Starting delayed evictData of schema as part of SessionFactory shut-down'
2021-03-02 17:32:33,447 [SpringContextShutdownHook] INFO  com.zaxxer.hikari.HikariDataSource                 - HikariPool-1 - Shutdown initiated...
2021-03-02 17:32:33,452 [SpringContextShutdownHook] INFO  com.zaxxer.hikari.HikariDataSource                 - HikariPool-1 - Shutdown completed.
2021-03-02 18:01:16,773 [HikariPool-1 housekeeper] WARN  com.zaxxer.hikari.pool.HikariPool                  - HikariPool-1 - Thread starvation or clock leap detected (housekeeper delta=9m19s647ms311µs100ns).
2021-03-02 18:21:12,146 [main] INFO  o.s.b.t.c.SpringBootTestContextBootstrapper        - Neither @ContextConfiguration nor @ContextHierarchy found for test class [com.java.phonebook.PhonebookwebappApplicationTests], using SpringBootContextLoader
2021-03-02 18:21:12,163 [main] INFO  o.s.t.c.support.AbstractContextLoader              - Could not detect default resource locations for test class [com.java.phonebook.PhonebookwebappApplicationTests]: no resource found for suffixes {-context.xml, Context.groovy}.
2021-03-02 18:21:12,173 [main] INFO  o.s.t.c.s.AnnotationConfigContextLoaderUtils       - Could not detect default configuration classes for test class [com.java.phonebook.PhonebookwebappApplicationTests]: PhonebookwebappApplicationTests does not declare any static, non-private, non-final, nested classes annotated with @Configuration.
2021-03-02 18:21:13,417 [main] INFO  o.s.b.t.c.SpringBootTestContextBootstrapper        - Found @SpringBootConfiguration com.java.phonebook.PhonebookwebappApplication for test class com.java.phonebook.PhonebookwebappApplicationTests
2021-03-02 18:21:14,817 [main] INFO  o.s.b.t.c.SpringBootTestContextBootstrapper        - Loaded default TestExecutionListener class names from location [META-INF/spring.factories]: [org.springframework.boot.test.mock.mockito.MockitoTestExecutionListener, org.springframework.boot.test.mock.mockito.ResetMocksTestExecutionListener, org.springframework.boot.test.autoconfigure.restdocs.RestDocsTestExecutionListener, org.springframework.boot.test.autoconfigure.web.client.MockRestServiceServerResetTestExecutionListener, org.springframework.boot.test.autoconfigure.web.servlet.MockMvcPrintOnlyOnFailureTestExecutionListener, org.springframework.boot.test.autoconfigure.web.servlet.WebDriverTestExecutionListener, org.springframework.boot.test.autoconfigure.webservices.client.MockWebServiceServerTestExecutionListener, org.springframework.test.context.web.ServletTestExecutionListener, org.springframework.test.context.support.DirtiesContextBeforeModesTestExecutionListener, org.springframework.test.context.event.ApplicationEventsTestExecutionListener, org.springframework.test.context.support.DependencyInjectionTestExecutionListener, org.springframework.test.context.support.DirtiesContextTestExecutionListener, org.springframework.test.context.transaction.TransactionalTestExecutionListener, org.springframework.test.context.jdbc.SqlScriptsTestExecutionListener, org.springframework.test.context.event.EventPublishingTestExecutionListener]
2021-03-02 18:21:14,965 [main] INFO  o.s.b.t.c.SpringBootTestContextBootstrapper        - Using TestExecutionListeners: [org.springframework.test.context.web.ServletTestExecutionListener@27d6467, org.springframework.test.context.support.DirtiesContextBeforeModesTestExecutionListener@5bf1b528, org.springframework.test.context.event.ApplicationEventsTestExecutionListener@2c92f094, org.springframework.boot.test.mock.mockito.MockitoTestExecutionListener@1c3b221f, org.springframework.boot.test.autoconfigure.SpringBootDependencyInjectionTestExecutionListener@750c23a3, org.springframework.test.context.support.DirtiesContextTestExecutionListener@238280df, org.springframework.test.context.transaction.TransactionalTestExecutionListener@182fd26b, org.springframework.test.context.jdbc.SqlScriptsTestExecutionListener@5dc120ab, org.springframework.test.context.event.EventPublishingTestExecutionListener@49c4118b, org.springframework.boot.test.mock.mockito.ResetMocksTestExecutionListener@7ef7f414, org.springframework.boot.test.autoconfigure.restdocs.RestDocsTestExecutionListener@182dcd2b, org.springframework.boot.test.autoconfigure.web.client.MockRestServiceServerResetTestExecutionListener@4c3d72fd, org.springframework.boot.test.autoconfigure.web.servlet.MockMvcPrintOnlyOnFailureTestExecutionListener@259c6ab8, org.springframework.boot.test.autoconfigure.web.servlet.WebDriverTestExecutionListener@640a6d4b, org.springframework.boot.test.autoconfigure.webservices.client.MockWebServiceServerTestExecutionListener@1238a074]
2021-03-02 18:21:16,091 [main] INFO  c.j.p.PhonebookwebappApplicationTests              - Starting PhonebookwebappApplicationTests using Java 14.0.2 on DESKTOP-A5TPVQF with PID 1264 (started by anave in E:\AshokIT tasks\projects\Phonebookwebapp)
2021-03-02 18:21:16,095 [main] INFO  c.j.p.PhonebookwebappApplicationTests              - No active profile set, falling back to default profiles: default
2021-03-02 18:21:20,361 [main] INFO  o.s.d.r.c.RepositoryConfigurationDelegate          - Bootstrapping Spring Data JPA repositories in DEFAULT mode.
2021-03-02 18:21:20,657 [main] INFO  o.s.d.r.c.RepositoryConfigurationDelegate          - Finished Spring Data repository scanning in 180 ms. Found 1 JPA repository interfaces.
2021-03-02 18:21:25,109 [main] INFO  com.zaxxer.hikari.HikariDataSource                 - HikariPool-1 - Starting...
2021-03-02 18:21:26,756 [main] INFO  com.zaxxer.hikari.HikariDataSource                 - HikariPool-1 - Start completed.
2021-03-02 18:21:27,339 [main] INFO  o.hibernate.jpa.internal.util.LogHelper            - HHH000204: Processing PersistenceUnitInfo [name: default]
2021-03-02 18:21:27,595 [main] INFO  org.hibernate.Version                              - HHH000412: Hibernate ORM core version 5.4.27.Final
2021-03-02 18:21:28,613 [main] INFO  org.hibernate.annotations.common.Version           - HCANN000001: Hibernate Commons Annotations {5.1.2.Final}
2021-03-02 18:21:29,355 [main] INFO  org.hibernate.dialect.Dialect                      - HHH000400: Using dialect: org.hibernate.dialect.H2Dialect
2021-03-02 18:21:32,204 [main] INFO  o.h.e.t.j.p.i.JtaPlatformInitiator                 - HHH000490: Using JtaPlatform implementation: [org.hibernate.engine.transaction.jta.platform.internal.NoJtaPlatform]
2021-03-02 18:21:32,241 [main] INFO  o.s.o.j.LocalContainerEntityManagerFactoryBean     - Initialized JPA EntityManagerFactory for persistence unit 'default'
2021-03-02 18:21:35,112 [main] WARN  o.s.b.a.o.j.JpaBaseConfiguration$JpaWebConfiguration - spring.jpa.open-in-view is enabled by default. Therefore, database queries may be performed during view rendering. Explicitly configure spring.jpa.open-in-view to disable this warning
2021-03-02 18:21:35,765 [main] INFO  o.s.b.a.h2.H2ConsoleAutoConfiguration              - H2 console available at '/h2-console'. Database available at 'jdbc:h2:mem:testdb'
2021-03-02 18:21:36,574 [main] INFO  o.s.b.a.e.web.EndpointLinksResolver                - Exposing 2 endpoint(s) beneath base path '/actuator'
2021-03-02 18:21:38,003 [main] INFO  o.s.s.concurrent.ThreadPoolTaskExecutor            - Initializing ExecutorService 'applicationTaskExecutor'
2021-03-02 18:21:38,829 [main] INFO  s.d.s.w.p.DocumentationPluginsBootstrapper         - Context refreshed
2021-03-02 18:21:38,893 [main] INFO  s.d.s.w.p.DocumentationPluginsBootstrapper         - Found 1 custom documentation plugin(s)
2021-03-02 18:21:38,912 [main] INFO  s.d.s.w.s.ApiListingReferenceScanner               - Scanning for api listing references
2021-03-02 18:21:39,476 [main] INFO  c.j.p.PhonebookwebappApplicationTests              - Started PhonebookwebappApplicationTests in 24.259 seconds (JVM running for 31.053)
2021-03-02 18:21:41,050 [SpringContextShutdownHook] INFO  o.s.s.concurrent.ThreadPoolTaskExecutor            - Shutting down ExecutorService 'applicationTaskExecutor'
2021-03-02 18:21:41,062 [SpringContextShutdownHook] INFO  o.s.o.j.LocalContainerEntityManagerFactoryBean     - Closing JPA EntityManagerFactory for persistence unit 'default'
2021-03-02 18:21:41,062 [SpringContextShutdownHook] INFO  o.h.t.s.i.SchemaDropperImpl$DelayedDropActionImpl  - HHH000477: Starting delayed evictData of schema as part of SessionFactory shut-down'
2021-03-02 18:21:41,300 [SpringContextShutdownHook] INFO  com.zaxxer.hikari.HikariDataSource                 - HikariPool-1 - Shutdown initiated...
2021-03-02 18:21:41,303 [SpringContextShutdownHook] INFO  com.zaxxer.hikari.HikariDataSource                 - HikariPool-1 - Shutdown completed.
2021-03-02 18:24:29,551 [main] INFO  o.s.b.t.c.SpringBootTestContextBootstrapper        - Neither @ContextConfiguration nor @ContextHierarchy found for test class [com.java.phonebook.PhonebookwebappApplicationTests], using SpringBootContextLoader
2021-03-02 18:24:29,569 [main] INFO  o.s.t.c.support.AbstractContextLoader              - Could not detect default resource locations for test class [com.java.phonebook.PhonebookwebappApplicationTests]: no resource found for suffixes {-context.xml, Context.groovy}.
2021-03-02 18:24:29,580 [main] INFO  o.s.t.c.s.AnnotationConfigContextLoaderUtils       - Could not detect default configuration classes for test class [com.java.phonebook.PhonebookwebappApplicationTests]: PhonebookwebappApplicationTests does not declare any static, non-private, non-final, nested classes annotated with @Configuration.
2021-03-02 18:24:29,862 [main] INFO  o.s.b.t.c.SpringBootTestContextBootstrapper        - Found @SpringBootConfiguration com.java.phonebook.PhonebookwebappApplication for test class com.java.phonebook.PhonebookwebappApplicationTests
2021-03-02 18:24:30,128 [main] INFO  o.s.b.t.c.SpringBootTestContextBootstrapper        - Loaded default TestExecutionListener class names from location [META-INF/spring.factories]: [org.springframework.boot.test.mock.mockito.MockitoTestExecutionListener, org.springframework.boot.test.mock.mockito.ResetMocksTestExecutionListener, org.springframework.boot.test.autoconfigure.restdocs.RestDocsTestExecutionListener, org.springframework.boot.test.autoconfigure.web.client.MockRestServiceServerResetTestExecutionListener, org.springframework.boot.test.autoconfigure.web.servlet.MockMvcPrintOnlyOnFailureTestExecutionListener, org.springframework.boot.test.autoconfigure.web.servlet.WebDriverTestExecutionListener, org.springframework.boot.test.autoconfigure.webservices.client.MockWebServiceServerTestExecutionListener, org.springframework.test.context.web.ServletTestExecutionListener, org.springframework.test.context.support.DirtiesContextBeforeModesTestExecutionListener, org.springframework.test.context.event.ApplicationEventsTestExecutionListener, org.springframework.test.context.support.DependencyInjectionTestExecutionListener, org.springframework.test.context.support.DirtiesContextTestExecutionListener, org.springframework.test.context.transaction.TransactionalTestExecutionListener, org.springframework.test.context.jdbc.SqlScriptsTestExecutionListener, org.springframework.test.context.event.EventPublishingTestExecutionListener]
2021-03-02 18:24:30,188 [main] INFO  o.s.b.t.c.SpringBootTestContextBootstrapper        - Using TestExecutionListeners: [org.springframework.test.context.web.ServletTestExecutionListener@36931450, org.springframework.test.context.support.DirtiesContextBeforeModesTestExecutionListener@74919649, org.springframework.test.context.event.ApplicationEventsTestExecutionListener@7d07e04e, org.springframework.boot.test.mock.mockito.MockitoTestExecutionListener@599310ab, org.springframework.boot.test.autoconfigure.SpringBootDependencyInjectionTestExecutionListener@770cbe5d, org.springframework.test.context.support.DirtiesContextTestExecutionListener@f575d2b, org.springframework.test.context.transaction.TransactionalTestExecutionListener@4d90d91f, org.springframework.test.context.jdbc.SqlScriptsTestExecutionListener@c478e4e, org.springframework.test.context.event.EventPublishingTestExecutionListener@1e2b37cd, org.springframework.boot.test.mock.mockito.ResetMocksTestExecutionListener@2ba08f26, org.springframework.boot.test.autoconfigure.restdocs.RestDocsTestExecutionListener@6033f36c, org.springframework.boot.test.autoconfigure.web.client.MockRestServiceServerResetTestExecutionListener@50b624da, org.springframework.boot.test.autoconfigure.web.servlet.MockMvcPrintOnlyOnFailureTestExecutionListener@1764e45e, org.springframework.boot.test.autoconfigure.web.servlet.WebDriverTestExecutionListener@3892802b, org.springframework.boot.test.autoconfigure.webservices.client.MockWebServiceServerTestExecutionListener@4745bcc6]
2021-03-02 18:24:30,961 [main] INFO  c.j.p.PhonebookwebappApplicationTests              - Starting PhonebookwebappApplicationTests using Java 14.0.2 on DESKTOP-A5TPVQF with PID 7992 (started by anave in E:\AshokIT tasks\projects\Phonebookwebapp)
2021-03-02 18:24:30,984 [main] INFO  c.j.p.PhonebookwebappApplicationTests              - No active profile set, falling back to default profiles: default
2021-03-02 18:24:33,492 [main] INFO  o.s.d.r.c.RepositoryConfigurationDelegate          - Bootstrapping Spring Data JPA repositories in DEFAULT mode.
2021-03-02 18:24:33,604 [main] INFO  o.s.d.r.c.RepositoryConfigurationDelegate          - Finished Spring Data repository scanning in 99 ms. Found 1 JPA repository interfaces.
2021-03-02 18:24:35,785 [main] INFO  com.zaxxer.hikari.HikariDataSource                 - HikariPool-1 - Starting...
2021-03-02 18:24:38,115 [main] INFO  com.zaxxer.hikari.HikariDataSource                 - HikariPool-1 - Start completed.
2021-03-02 18:24:38,546 [main] INFO  o.hibernate.jpa.internal.util.LogHelper            - HHH000204: Processing PersistenceUnitInfo [name: default]
2021-03-02 18:24:39,071 [main] INFO  org.hibernate.Version                              - HHH000412: Hibernate ORM core version 5.4.27.Final
2021-03-02 18:24:39,759 [main] INFO  org.hibernate.annotations.common.Version           - HCANN000001: Hibernate Commons Annotations {5.1.2.Final}
2021-03-02 18:24:40,264 [main] INFO  org.hibernate.dialect.Dialect                      - HHH000400: Using dialect: org.hibernate.dialect.H2Dialect
2021-03-02 18:24:42,300 [main] INFO  o.h.e.t.j.p.i.JtaPlatformInitiator                 - HHH000490: Using JtaPlatform implementation: [org.hibernate.engine.transaction.jta.platform.internal.NoJtaPlatform]
2021-03-02 18:24:42,311 [main] INFO  o.s.o.j.LocalContainerEntityManagerFactoryBean     - Initialized JPA EntityManagerFactory for persistence unit 'default'
2021-03-02 18:24:43,497 [main] WARN  o.s.b.a.o.j.JpaBaseConfiguration$JpaWebConfiguration - spring.jpa.open-in-view is enabled by default. Therefore, database queries may be performed during view rendering. Explicitly configure spring.jpa.open-in-view to disable this warning
2021-03-02 18:24:43,992 [main] INFO  o.s.b.a.h2.H2ConsoleAutoConfiguration              - H2 console available at '/h2-console'. Database available at 'jdbc:h2:mem:testdb'
2021-03-02 18:24:44,384 [main] INFO  o.s.b.a.e.web.EndpointLinksResolver                - Exposing 2 endpoint(s) beneath base path '/actuator'
2021-03-02 18:24:47,351 [main] INFO  o.s.s.concurrent.ThreadPoolTaskExecutor            - Initializing ExecutorService 'applicationTaskExecutor'
2021-03-02 18:24:48,010 [main] INFO  s.d.s.w.p.DocumentationPluginsBootstrapper         - Context refreshed
2021-03-02 18:24:48,055 [main] INFO  s.d.s.w.p.DocumentationPluginsBootstrapper         - Found 1 custom documentation plugin(s)
2021-03-02 18:24:48,079 [main] INFO  s.d.s.w.s.ApiListingReferenceScanner               - Scanning for api listing references
2021-03-02 18:24:48,418 [main] INFO  c.j.p.PhonebookwebappApplicationTests              - Started PhonebookwebappApplicationTests in 18.088 seconds (JVM running for 23.34)
2021-03-02 18:24:48,950 [SpringContextShutdownHook] INFO  o.s.s.concurrent.ThreadPoolTaskExecutor            - Shutting down ExecutorService 'applicationTaskExecutor'
2021-03-02 18:24:48,964 [SpringContextShutdownHook] INFO  o.s.o.j.LocalContainerEntityManagerFactoryBean     - Closing JPA EntityManagerFactory for persistence unit 'default'
2021-03-02 18:24:48,965 [SpringContextShutdownHook] INFO  o.h.t.s.i.SchemaDropperImpl$DelayedDropActionImpl  - HHH000477: Starting delayed evictData of schema as part of SessionFactory shut-down'
2021-03-02 18:24:49,010 [SpringContextShutdownHook] INFO  com.zaxxer.hikari.HikariDataSource                 - HikariPool-1 - Shutdown initiated...
2021-03-02 18:24:49,019 [SpringContextShutdownHook] INFO  com.zaxxer.hikari.HikariDataSource                 - HikariPool-1 - Shutdown completed.
2021-03-02 18:27:45,340 [main] INFO  o.s.b.t.c.SpringBootTestContextBootstrapper        - Neither @ContextConfiguration nor @ContextHierarchy found for test class [com.java.phonebook.PhonebookwebappApplicationTests], using SpringBootContextLoader
2021-03-02 18:27:45,349 [main] INFO  o.s.t.c.support.AbstractContextLoader              - Could not detect default resource locations for test class [com.java.phonebook.PhonebookwebappApplicationTests]: no resource found for suffixes {-context.xml, Context.groovy}.
2021-03-02 18:27:45,351 [main] INFO  o.s.t.c.s.AnnotationConfigContextLoaderUtils       - Could not detect default configuration classes for test class [com.java.phonebook.PhonebookwebappApplicationTests]: PhonebookwebappApplicationTests does not declare any static, non-private, non-final, nested classes annotated with @Configuration.
2021-03-02 18:27:45,577 [main] INFO  o.s.b.t.c.SpringBootTestContextBootstrapper        - Found @SpringBootConfiguration com.java.phonebook.PhonebookwebappApplication for test class com.java.phonebook.PhonebookwebappApplicationTests
2021-03-02 18:27:45,741 [main] INFO  o.s.b.t.c.SpringBootTestContextBootstrapper        - Loaded default TestExecutionListener class names from location [META-INF/spring.factories]: [org.springframework.boot.test.mock.mockito.MockitoTestExecutionListener, org.springframework.boot.test.mock.mockito.ResetMocksTestExecutionListener, org.springframework.boot.test.autoconfigure.restdocs.RestDocsTestExecutionListener, org.springframework.boot.test.autoconfigure.web.client.MockRestServiceServerResetTestExecutionListener, org.springframework.boot.test.autoconfigure.web.servlet.MockMvcPrintOnlyOnFailureTestExecutionListener, org.springframework.boot.test.autoconfigure.web.servlet.WebDriverTestExecutionListener, org.springframework.boot.test.autoconfigure.webservices.client.MockWebServiceServerTestExecutionListener, org.springframework.test.context.web.ServletTestExecutionListener, org.springframework.test.context.support.DirtiesContextBeforeModesTestExecutionListener, org.springframework.test.context.event.ApplicationEventsTestExecutionListener, org.springframework.test.context.support.DependencyInjectionTestExecutionListener, org.springframework.test.context.support.DirtiesContextTestExecutionListener, org.springframework.test.context.transaction.TransactionalTestExecutionListener, org.springframework.test.context.jdbc.SqlScriptsTestExecutionListener, org.springframework.test.context.event.EventPublishingTestExecutionListener]
2021-03-02 18:27:45,768 [main] INFO  o.s.b.t.c.SpringBootTestContextBootstrapper        - Using TestExecutionListeners: [org.springframework.test.context.web.ServletTestExecutionListener@35d6ca49, org.springframework.test.context.support.DirtiesContextBeforeModesTestExecutionListener@1950e8a6, org.springframework.test.context.event.ApplicationEventsTestExecutionListener@47289387, org.springframework.boot.test.mock.mockito.MockitoTestExecutionListener@12cd9150, org.springframework.boot.test.autoconfigure.SpringBootDependencyInjectionTestExecutionListener@114a85c2, org.springframework.test.context.support.DirtiesContextTestExecutionListener@f415a95, org.springframework.test.context.transaction.TransactionalTestExecutionListener@cf65451, org.springframework.test.context.jdbc.SqlScriptsTestExecutionListener@724f138e, org.springframework.test.context.event.EventPublishingTestExecutionListener@37eeec90, org.springframework.boot.test.mock.mockito.ResetMocksTestExecutionListener@32fe9d0a, org.springframework.boot.test.autoconfigure.restdocs.RestDocsTestExecutionListener@c9413d8, org.springframework.boot.test.autoconfigure.web.client.MockRestServiceServerResetTestExecutionListener@64da2a7, org.springframework.boot.test.autoconfigure.web.servlet.MockMvcPrintOnlyOnFailureTestExecutionListener@46074492, org.springframework.boot.test.autoconfigure.web.servlet.WebDriverTestExecutionListener@d78795, org.springframework.boot.test.autoconfigure.webservices.client.MockWebServiceServerTestExecutionListener@2c715e84]
2021-03-02 18:27:46,230 [main] INFO  c.j.p.PhonebookwebappApplicationTests              - Starting PhonebookwebappApplicationTests using Java 14.0.2 on DESKTOP-A5TPVQF with PID 12640 (started by anave in E:\AshokIT tasks\projects\Phonebookwebapp)
2021-03-02 18:27:46,237 [main] INFO  c.j.p.PhonebookwebappApplicationTests              - No active profile set, falling back to default profiles: default
2021-03-02 18:27:47,365 [main] INFO  o.s.d.r.c.RepositoryConfigurationDelegate          - Bootstrapping Spring Data JPA repositories in DEFAULT mode.
2021-03-02 18:27:47,435 [main] INFO  o.s.d.r.c.RepositoryConfigurationDelegate          - Finished Spring Data repository scanning in 61 ms. Found 1 JPA repository interfaces.
2021-03-02 18:27:48,594 [main] INFO  com.zaxxer.hikari.HikariDataSource                 - HikariPool-1 - Starting...
2021-03-02 18:27:48,818 [main] INFO  com.zaxxer.hikari.HikariDataSource                 - HikariPool-1 - Start completed.
2021-03-02 18:27:48,925 [main] INFO  o.hibernate.jpa.internal.util.LogHelper            - HHH000204: Processing PersistenceUnitInfo [name: default]
2021-03-02 18:27:49,003 [main] INFO  org.hibernate.Version                              - HHH000412: Hibernate ORM core version 5.4.27.Final
2021-03-02 18:27:49,197 [main] INFO  org.hibernate.annotations.common.Version           - HCANN000001: Hibernate Commons Annotations {5.1.2.Final}
2021-03-02 18:27:49,411 [main] INFO  org.hibernate.dialect.Dialect                      - HHH000400: Using dialect: org.hibernate.dialect.H2Dialect
2021-03-02 18:27:50,288 [main] INFO  o.h.e.t.j.p.i.JtaPlatformInitiator                 - HHH000490: Using JtaPlatform implementation: [org.hibernate.engine.transaction.jta.platform.internal.NoJtaPlatform]
2021-03-02 18:27:50,297 [main] INFO  o.s.o.j.LocalContainerEntityManagerFactoryBean     - Initialized JPA EntityManagerFactory for persistence unit 'default'
2021-03-02 18:27:51,154 [main] WARN  o.s.b.a.o.j.JpaBaseConfiguration$JpaWebConfiguration - spring.jpa.open-in-view is enabled by default. Therefore, database queries may be performed during view rendering. Explicitly configure spring.jpa.open-in-view to disable this warning
2021-03-02 18:27:51,477 [main] INFO  o.s.b.a.h2.H2ConsoleAutoConfiguration              - H2 console available at '/h2-console'. Database available at 'jdbc:h2:mem:testdb'
2021-03-02 18:27:51,789 [main] INFO  o.s.b.a.e.web.EndpointLinksResolver                - Exposing 2 endpoint(s) beneath base path '/actuator'
2021-03-02 18:27:52,420 [main] INFO  o.s.s.concurrent.ThreadPoolTaskExecutor            - Initializing ExecutorService 'applicationTaskExecutor'
2021-03-02 18:27:52,963 [main] INFO  s.d.s.w.p.DocumentationPluginsBootstrapper         - Context refreshed
2021-03-02 18:27:52,992 [main] INFO  s.d.s.w.p.DocumentationPluginsBootstrapper         - Found 1 custom documentation plugin(s)
2021-03-02 18:27:53,006 [main] INFO  s.d.s.w.s.ApiListingReferenceScanner               - Scanning for api listing references
2021-03-02 18:27:53,206 [main] INFO  c.j.p.PhonebookwebappApplicationTests              - Started PhonebookwebappApplicationTests in 7.382 seconds (JVM running for 9.902)
2021-03-02 18:27:53,618 [SpringContextShutdownHook] INFO  o.s.s.concurrent.ThreadPoolTaskExecutor            - Shutting down ExecutorService 'applicationTaskExecutor'
2021-03-02 18:27:53,635 [SpringContextShutdownHook] INFO  o.s.o.j.LocalContainerEntityManagerFactoryBean     - Closing JPA EntityManagerFactory for persistence unit 'default'
2021-03-02 18:27:53,637 [SpringContextShutdownHook] INFO  o.h.t.s.i.SchemaDropperImpl$DelayedDropActionImpl  - HHH000477: Starting delayed evictData of schema as part of SessionFactory shut-down'
2021-03-02 18:27:53,657 [SpringContextShutdownHook] INFO  com.zaxxer.hikari.HikariDataSource                 - HikariPool-1 - Shutdown initiated...
2021-03-02 18:27:53,678 [SpringContextShutdownHook] INFO  com.zaxxer.hikari.HikariDataSource                 - HikariPool-1 - Shutdown completed.
2021-03-02 18:38:13,645 [main] INFO  o.s.b.t.c.SpringBootTestContextBootstrapper        - Neither @ContextConfiguration nor @ContextHierarchy found for test class [com.java.phonebook.PhonebookwebappApplicationTests], using SpringBootContextLoader
2021-03-02 18:38:13,662 [main] INFO  o.s.t.c.support.AbstractContextLoader              - Could not detect default resource locations for test class [com.java.phonebook.PhonebookwebappApplicationTests]: no resource found for suffixes {-context.xml, Context.groovy}.
2021-03-02 18:38:13,664 [main] INFO  o.s.t.c.s.AnnotationConfigContextLoaderUtils       - Could not detect default configuration classes for test class [com.java.phonebook.PhonebookwebappApplicationTests]: PhonebookwebappApplicationTests does not declare any static, non-private, non-final, nested classes annotated with @Configuration.
2021-03-02 18:38:13,814 [main] INFO  o.s.b.t.c.SpringBootTestContextBootstrapper        - Found @SpringBootConfiguration com.java.phonebook.PhonebookwebappApplication for test class com.java.phonebook.PhonebookwebappApplicationTests
2021-03-02 18:38:13,988 [main] INFO  o.s.b.t.c.SpringBootTestContextBootstrapper        - Loaded default TestExecutionListener class names from location [META-INF/spring.factories]: [org.springframework.boot.test.mock.mockito.MockitoTestExecutionListener, org.springframework.boot.test.mock.mockito.ResetMocksTestExecutionListener, org.springframework.boot.test.autoconfigure.restdocs.RestDocsTestExecutionListener, org.springframework.boot.test.autoconfigure.web.client.MockRestServiceServerResetTestExecutionListener, org.springframework.boot.test.autoconfigure.web.servlet.MockMvcPrintOnlyOnFailureTestExecutionListener, org.springframework.boot.test.autoconfigure.web.servlet.WebDriverTestExecutionListener, org.springframework.boot.test.autoconfigure.webservices.client.MockWebServiceServerTestExecutionListener, org.springframework.test.context.web.ServletTestExecutionListener, org.springframework.test.context.support.DirtiesContextBeforeModesTestExecutionListener, org.springframework.test.context.event.ApplicationEventsTestExecutionListener, org.springframework.test.context.support.DependencyInjectionTestExecutionListener, org.springframework.test.context.support.DirtiesContextTestExecutionListener, org.springframework.test.context.transaction.TransactionalTestExecutionListener, org.springframework.test.context.jdbc.SqlScriptsTestExecutionListener, org.springframework.test.context.event.EventPublishingTestExecutionListener]
2021-03-02 18:38:14,020 [main] INFO  o.s.b.t.c.SpringBootTestContextBootstrapper        - Using TestExecutionListeners: [org.springframework.test.context.web.ServletTestExecutionListener@5c1bd44c, org.springframework.test.context.support.DirtiesContextBeforeModesTestExecutionListener@9f46d94, org.springframework.test.context.event.ApplicationEventsTestExecutionListener@18cc679e, org.springframework.boot.test.mock.mockito.MockitoTestExecutionListener@2e77b8cf, org.springframework.boot.test.autoconfigure.SpringBootDependencyInjectionTestExecutionListener@2c4ca0f9, org.springframework.test.context.support.DirtiesContextTestExecutionListener@67ef029, org.springframework.test.context.transaction.TransactionalTestExecutionListener@7df587ef, org.springframework.test.context.jdbc.SqlScriptsTestExecutionListener@6e57e95e, org.springframework.test.context.event.EventPublishingTestExecutionListener@2755d705, org.springframework.boot.test.mock.mockito.ResetMocksTestExecutionListener@56db847e, org.springframework.boot.test.autoconfigure.restdocs.RestDocsTestExecutionListener@740abb5, org.springframework.boot.test.autoconfigure.web.client.MockRestServiceServerResetTestExecutionListener@560cbf1a, org.springframework.boot.test.autoconfigure.web.servlet.MockMvcPrintOnlyOnFailureTestExecutionListener@5fe8b721, org.springframework.boot.test.autoconfigure.web.servlet.WebDriverTestExecutionListener@551a20d6, org.springframework.boot.test.autoconfigure.webservices.client.MockWebServiceServerTestExecutionListener@578524c3]
2021-03-02 18:38:14,637 [main] INFO  c.j.p.PhonebookwebappApplicationTests              - Starting PhonebookwebappApplicationTests using Java 14.0.2 on DESKTOP-A5TPVQF with PID 7140 (started by anave in E:\AshokIT tasks\projects\Phonebookwebapp)
2021-03-02 18:38:14,642 [main] INFO  c.j.p.PhonebookwebappApplicationTests              - No active profile set, falling back to default profiles: default
2021-03-02 18:38:17,012 [main] INFO  o.s.d.r.c.RepositoryConfigurationDelegate          - Bootstrapping Spring Data JPA repositories in DEFAULT mode.
2021-03-02 18:38:17,099 [main] INFO  o.s.d.r.c.RepositoryConfigurationDelegate          - Finished Spring Data repository scanning in 77 ms. Found 1 JPA repository interfaces.
2021-03-02 18:38:18,173 [main] INFO  com.zaxxer.hikari.HikariDataSource                 - HikariPool-1 - Starting...
2021-03-02 18:38:18,736 [main] INFO  com.zaxxer.hikari.HikariDataSource                 - HikariPool-1 - Start completed.
2021-03-02 18:38:19,100 [main] INFO  o.hibernate.jpa.internal.util.LogHelper            - HHH000204: Processing PersistenceUnitInfo [name: default]
2021-03-02 18:38:19,534 [main] INFO  org.hibernate.Version                              - HHH000412: Hibernate ORM core version 5.4.27.Final
2021-03-02 18:38:19,968 [main] INFO  org.hibernate.annotations.common.Version           - HCANN000001: Hibernate Commons Annotations {5.1.2.Final}
2021-03-02 18:38:20,206 [main] INFO  org.hibernate.dialect.Dialect                      - HHH000400: Using dialect: org.hibernate.dialect.H2Dialect
2021-03-02 18:38:21,238 [main] INFO  o.h.e.t.j.p.i.JtaPlatformInitiator                 - HHH000490: Using JtaPlatform implementation: [org.hibernate.engine.transaction.jta.platform.internal.NoJtaPlatform]
2021-03-02 18:38:21,246 [main] INFO  o.s.o.j.LocalContainerEntityManagerFactoryBean     - Initialized JPA EntityManagerFactory for persistence unit 'default'
2021-03-02 18:38:22,539 [main] WARN  o.s.b.a.o.j.JpaBaseConfiguration$JpaWebConfiguration - spring.jpa.open-in-view is enabled by default. Therefore, database queries may be performed during view rendering. Explicitly configure spring.jpa.open-in-view to disable this warning
2021-03-02 18:38:22,928 [main] INFO  o.s.b.a.h2.H2ConsoleAutoConfiguration              - H2 console available at '/h2-console'. Database available at 'jdbc:h2:mem:testdb'
2021-03-02 18:38:23,164 [main] INFO  o.s.b.a.e.web.EndpointLinksResolver                - Exposing 2 endpoint(s) beneath base path '/actuator'
2021-03-02 18:38:25,425 [main] INFO  o.s.s.concurrent.ThreadPoolTaskExecutor            - Initializing ExecutorService 'applicationTaskExecutor'
2021-03-02 18:38:26,442 [main] INFO  s.d.s.w.p.DocumentationPluginsBootstrapper         - Context refreshed
2021-03-02 18:38:26,466 [main] INFO  s.d.s.w.p.DocumentationPluginsBootstrapper         - Found 1 custom documentation plugin(s)
2021-03-02 18:38:26,480 [main] INFO  s.d.s.w.s.ApiListingReferenceScanner               - Scanning for api listing references
2021-03-02 18:38:26,770 [main] INFO  c.j.p.PhonebookwebappApplicationTests              - Started PhonebookwebappApplicationTests in 12.708 seconds (JVM running for 15.1)
2021-03-02 18:38:27,227 [SpringContextShutdownHook] INFO  o.s.s.concurrent.ThreadPoolTaskExecutor            - Shutting down ExecutorService 'applicationTaskExecutor'
2021-03-02 18:38:27,235 [SpringContextShutdownHook] INFO  o.s.o.j.LocalContainerEntityManagerFactoryBean     - Closing JPA EntityManagerFactory for persistence unit 'default'
2021-03-02 18:38:27,236 [SpringContextShutdownHook] INFO  o.h.t.s.i.SchemaDropperImpl$DelayedDropActionImpl  - HHH000477: Starting delayed evictData of schema as part of SessionFactory shut-down'
2021-03-02 18:38:27,251 [SpringContextShutdownHook] INFO  com.zaxxer.hikari.HikariDataSource                 - HikariPool-1 - Shutdown initiated...
2021-03-02 18:38:27,255 [SpringContextShutdownHook] INFO  com.zaxxer.hikari.HikariDataSource                 - HikariPool-1 - Shutdown completed.
2021-03-02 19:13:40,824 [HikariPool-1 housekeeper] WARN  com.zaxxer.hikari.pool.HikariPool                  - HikariPool-1 - Thread starvation or clock leap detected (housekeeper delta=12m47s318ms431µs100ns).
2021-03-02 19:14:22,318 [HikariPool-1 housekeeper] WARN  com.zaxxer.hikari.pool.HikariPool                  - HikariPool-1 - Thread starvation or clock leap detected (housekeeper delta=46s319ms233µs).
2021-03-02 20:30:42,296 [main] INFO  o.s.b.t.c.SpringBootTestContextBootstrapper        - Neither @ContextConfiguration nor @ContextHierarchy found for test class [com.java.phonebook.PhonebookwebappApplicationTests], using SpringBootContextLoader
2021-03-02 20:30:42,393 [main] INFO  o.s.t.c.support.AbstractContextLoader              - Could not detect default resource locations for test class [com.java.phonebook.PhonebookwebappApplicationTests]: no resource found for suffixes {-context.xml, Context.groovy}.
2021-03-02 20:30:42,397 [main] INFO  o.s.t.c.s.AnnotationConfigContextLoaderUtils       - Could not detect default configuration classes for test class [com.java.phonebook.PhonebookwebappApplicationTests]: PhonebookwebappApplicationTests does not declare any static, non-private, non-final, nested classes annotated with @Configuration.
2021-03-02 20:30:42,981 [main] INFO  o.s.b.t.c.SpringBootTestContextBootstrapper        - Found @SpringBootConfiguration com.java.phonebook.PhonebookwebappApplication for test class com.java.phonebook.PhonebookwebappApplicationTests
2021-03-02 20:30:43,479 [main] INFO  o.s.b.t.c.SpringBootTestContextBootstrapper        - Loaded default TestExecutionListener class names from location [META-INF/spring.factories]: [org.springframework.boot.test.mock.mockito.MockitoTestExecutionListener, org.springframework.boot.test.mock.mockito.ResetMocksTestExecutionListener, org.springframework.boot.test.autoconfigure.restdocs.RestDocsTestExecutionListener, org.springframework.boot.test.autoconfigure.web.client.MockRestServiceServerResetTestExecutionListener, org.springframework.boot.test.autoconfigure.web.servlet.MockMvcPrintOnlyOnFailureTestExecutionListener, org.springframework.boot.test.autoconfigure.web.servlet.WebDriverTestExecutionListener, org.springframework.boot.test.autoconfigure.webservices.client.MockWebServiceServerTestExecutionListener, org.springframework.test.context.web.ServletTestExecutionListener, org.springframework.test.context.support.DirtiesContextBeforeModesTestExecutionListener, org.springframework.test.context.event.ApplicationEventsTestExecutionListener, org.springframework.test.context.support.DependencyInjectionTestExecutionListener, org.springframework.test.context.support.DirtiesContextTestExecutionListener, org.springframework.test.context.transaction.TransactionalTestExecutionListener, org.springframework.test.context.jdbc.SqlScriptsTestExecutionListener, org.springframework.test.context.event.EventPublishingTestExecutionListener]
2021-03-02 20:30:43,598 [main] INFO  o.s.b.t.c.SpringBootTestContextBootstrapper        - Using TestExecutionListeners: [org.springframework.test.context.web.ServletTestExecutionListener@50b624da, org.springframework.test.context.support.DirtiesContextBeforeModesTestExecutionListener@1764e45e, org.springframework.test.context.event.ApplicationEventsTestExecutionListener@3892802b, org.springframework.boot.test.mock.mockito.MockitoTestExecutionListener@4745bcc6, org.springframework.boot.test.autoconfigure.SpringBootDependencyInjectionTestExecutionListener@2634d000, org.springframework.test.context.support.DirtiesContextTestExecutionListener@1642968c, org.springframework.test.context.transaction.TransactionalTestExecutionListener@3a7dcfb7, org.springframework.test.context.jdbc.SqlScriptsTestExecutionListener@50b4e7b2, org.springframework.test.context.event.EventPublishingTestExecutionListener@50008974, org.springframework.boot.test.mock.mockito.ResetMocksTestExecutionListener@5274830e, org.springframework.boot.test.autoconfigure.restdocs.RestDocsTestExecutionListener@6a0ee80, org.springframework.boot.test.autoconfigure.web.client.MockRestServiceServerResetTestExecutionListener@71de1091, org.springframework.boot.test.autoconfigure.web.servlet.MockMvcPrintOnlyOnFailureTestExecutionListener@25c16cf7, org.springframework.boot.test.autoconfigure.web.servlet.WebDriverTestExecutionListener@53dbe7b2, org.springframework.boot.test.autoconfigure.webservices.client.MockWebServiceServerTestExecutionListener@520ec7a7]
2021-03-02 20:30:45,993 [main] INFO  c.j.p.PhonebookwebappApplicationTests              - Starting PhonebookwebappApplicationTests using Java 14.0.2 on DESKTOP-A5TPVQF with PID 9120 (started by anave in E:\AshokIT tasks\projects\Phonebookwebapp)
2021-03-02 20:30:46,003 [main] INFO  c.j.p.PhonebookwebappApplicationTests              - No active profile set, falling back to default profiles: default
2021-03-02 20:30:53,533 [main] INFO  o.s.d.r.c.RepositoryConfigurationDelegate          - Bootstrapping Spring Data JPA repositories in DEFAULT mode.
2021-03-02 20:30:53,673 [main] INFO  o.s.d.r.c.RepositoryConfigurationDelegate          - Finished Spring Data repository scanning in 108 ms. Found 1 JPA repository interfaces.
2021-03-02 20:30:57,051 [main] INFO  com.zaxxer.hikari.HikariDataSource                 - HikariPool-1 - Starting...
2021-03-02 20:30:58,694 [main] INFO  com.zaxxer.hikari.HikariDataSource                 - HikariPool-1 - Start completed.
2021-03-02 20:30:59,499 [main] INFO  o.hibernate.jpa.internal.util.LogHelper            - HHH000204: Processing PersistenceUnitInfo [name: default]
2021-03-02 20:31:00,036 [main] INFO  org.hibernate.Version                              - HHH000412: Hibernate ORM core version 5.4.27.Final
2021-03-02 20:31:01,628 [main] INFO  org.hibernate.annotations.common.Version           - HCANN000001: Hibernate Commons Annotations {5.1.2.Final}
2021-03-02 20:31:03,087 [main] INFO  org.hibernate.dialect.Dialect                      - HHH000400: Using dialect: org.hibernate.dialect.H2Dialect
2021-03-02 20:31:05,528 [main] INFO  o.h.e.t.j.p.i.JtaPlatformInitiator                 - HHH000490: Using JtaPlatform implementation: [org.hibernate.engine.transaction.jta.platform.internal.NoJtaPlatform]
2021-03-02 20:31:05,564 [main] INFO  o.s.o.j.LocalContainerEntityManagerFactoryBean     - Initialized JPA EntityManagerFactory for persistence unit 'default'
2021-03-02 20:31:07,053 [main] WARN  o.s.b.a.o.j.JpaBaseConfiguration$JpaWebConfiguration - spring.jpa.open-in-view is enabled by default. Therefore, database queries may be performed during view rendering. Explicitly configure spring.jpa.open-in-view to disable this warning
2021-03-02 20:31:07,513 [main] INFO  o.s.b.a.h2.H2ConsoleAutoConfiguration              - H2 console available at '/h2-console'. Database available at 'jdbc:h2:mem:testdb'
2021-03-02 20:31:08,000 [main] INFO  o.s.b.a.e.web.EndpointLinksResolver                - Exposing 2 endpoint(s) beneath base path '/actuator'
2021-03-02 20:31:09,135 [main] INFO  o.s.s.concurrent.ThreadPoolTaskExecutor            - Initializing ExecutorService 'applicationTaskExecutor'
2021-03-02 20:31:09,879 [main] INFO  s.d.s.w.p.DocumentationPluginsBootstrapper         - Context refreshed
2021-03-02 20:31:09,923 [main] INFO  s.d.s.w.p.DocumentationPluginsBootstrapper         - Found 1 custom documentation plugin(s)
2021-03-02 20:31:09,939 [main] INFO  s.d.s.w.s.ApiListingReferenceScanner               - Scanning for api listing references
2021-03-02 20:31:10,358 [main] INFO  c.j.p.PhonebookwebappApplicationTests              - Started PhonebookwebappApplicationTests in 26.468 seconds (JVM running for 39.035)
2021-03-02 20:31:11,603 [SpringContextShutdownHook] INFO  o.s.s.concurrent.ThreadPoolTaskExecutor            - Shutting down ExecutorService 'applicationTaskExecutor'
2021-03-02 20:31:11,611 [SpringContextShutdownHook] INFO  o.s.o.j.LocalContainerEntityManagerFactoryBean     - Closing JPA EntityManagerFactory for persistence unit 'default'
2021-03-02 20:31:11,612 [SpringContextShutdownHook] INFO  o.h.t.s.i.SchemaDropperImpl$DelayedDropActionImpl  - HHH000477: Starting delayed evictData of schema as part of SessionFactory shut-down'
2021-03-02 20:31:11,628 [SpringContextShutdownHook] INFO  com.zaxxer.hikari.HikariDataSource                 - HikariPool-1 - Shutdown initiated...
2021-03-02 20:31:11,632 [SpringContextShutdownHook] INFO  com.zaxxer.hikari.HikariDataSource                 - HikariPool-1 - Shutdown completed.
2021-03-02 21:16:50,849 [main] INFO  o.s.b.t.c.SpringBootTestContextBootstrapper        - Neither @ContextConfiguration nor @ContextHierarchy found for test class [com.java.phonebook.PhonebookwebappApplicationTests], using SpringBootContextLoader
2021-03-02 21:16:50,870 [main] INFO  o.s.t.c.support.AbstractContextLoader              - Could not detect default resource locations for test class [com.java.phonebook.PhonebookwebappApplicationTests]: no resource found for suffixes {-context.xml, Context.groovy}.
2021-03-02 21:16:50,872 [main] INFO  o.s.t.c.s.AnnotationConfigContextLoaderUtils       - Could not detect default configuration classes for test class [com.java.phonebook.PhonebookwebappApplicationTests]: PhonebookwebappApplicationTests does not declare any static, non-private, non-final, nested classes annotated with @Configuration.
2021-03-02 21:16:51,751 [main] INFO  o.s.b.t.c.SpringBootTestContextBootstrapper        - Found @SpringBootConfiguration com.java.phonebook.PhonebookwebappApplication for test class com.java.phonebook.PhonebookwebappApplicationTests
2021-03-02 21:16:52,118 [main] INFO  o.s.b.t.c.SpringBootTestContextBootstrapper        - Loaded default TestExecutionListener class names from location [META-INF/spring.factories]: [org.springframework.boot.test.mock.mockito.MockitoTestExecutionListener, org.springframework.boot.test.mock.mockito.ResetMocksTestExecutionListener, org.springframework.boot.test.autoconfigure.restdocs.RestDocsTestExecutionListener, org.springframework.boot.test.autoconfigure.web.client.MockRestServiceServerResetTestExecutionListener, org.springframework.boot.test.autoconfigure.web.servlet.MockMvcPrintOnlyOnFailureTestExecutionListener, org.springframework.boot.test.autoconfigure.web.servlet.WebDriverTestExecutionListener, org.springframework.boot.test.autoconfigure.webservices.client.MockWebServiceServerTestExecutionListener, org.springframework.test.context.web.ServletTestExecutionListener, org.springframework.test.context.support.DirtiesContextBeforeModesTestExecutionListener, org.springframework.test.context.event.ApplicationEventsTestExecutionListener, org.springframework.test.context.support.DependencyInjectionTestExecutionListener, org.springframework.test.context.support.DirtiesContextTestExecutionListener, org.springframework.test.context.transaction.TransactionalTestExecutionListener, org.springframework.test.context.jdbc.SqlScriptsTestExecutionListener, org.springframework.test.context.event.EventPublishingTestExecutionListener]
2021-03-02 21:16:52,185 [main] INFO  o.s.b.t.c.SpringBootTestContextBootstrapper        - Using TestExecutionListeners: [org.springframework.test.context.web.ServletTestExecutionListener@3cab07dd, org.springframework.test.context.support.DirtiesContextBeforeModesTestExecutionListener@68f264bf, org.springframework.test.context.event.ApplicationEventsTestExecutionListener@77988c45, org.springframework.boot.test.mock.mockito.MockitoTestExecutionListener@f5f8de2, org.springframework.boot.test.autoconfigure.SpringBootDependencyInjectionTestExecutionListener@6baee63b, org.springframework.test.context.support.DirtiesContextTestExecutionListener@1002b06d, org.springframework.test.context.transaction.TransactionalTestExecutionListener@234bfc8c, org.springframework.test.context.jdbc.SqlScriptsTestExecutionListener@5008559a, org.springframework.test.context.event.EventPublishingTestExecutionListener@4c0bfe9e, org.springframework.boot.test.mock.mockito.ResetMocksTestExecutionListener@490fbeaa, org.springframework.boot.test.autoconfigure.restdocs.RestDocsTestExecutionListener@35dc849b, org.springframework.boot.test.autoconfigure.web.client.MockRestServiceServerResetTestExecutionListener@276aa33f, org.springframework.boot.test.autoconfigure.web.servlet.MockMvcPrintOnlyOnFailureTestExecutionListener@34065642, org.springframework.boot.test.autoconfigure.web.servlet.WebDriverTestExecutionListener@c85486, org.springframework.boot.test.autoconfigure.webservices.client.MockWebServiceServerTestExecutionListener@51e1e058]
2021-03-02 21:16:52,941 [main] INFO  c.j.p.PhonebookwebappApplicationTests              - Starting PhonebookwebappApplicationTests using Java 14.0.2 on DESKTOP-A5TPVQF with PID 10740 (started by anave in E:\AshokIT tasks\projects\Phonebookwebapp)
2021-03-02 21:16:52,946 [main] INFO  c.j.p.PhonebookwebappApplicationTests              - No active profile set, falling back to default profiles: default
2021-03-02 21:16:57,632 [main] INFO  o.s.d.r.c.RepositoryConfigurationDelegate          - Bootstrapping Spring Data JPA repositories in DEFAULT mode.
2021-03-02 21:16:57,722 [main] INFO  o.s.d.r.c.RepositoryConfigurationDelegate          - Finished Spring Data repository scanning in 77 ms. Found 1 JPA repository interfaces.
2021-03-02 21:16:59,655 [main] INFO  com.zaxxer.hikari.HikariDataSource                 - HikariPool-1 - Starting...
2021-03-02 21:17:00,890 [main] INFO  com.zaxxer.hikari.HikariDataSource                 - HikariPool-1 - Start completed.
2021-03-02 21:17:01,306 [main] INFO  o.hibernate.jpa.internal.util.LogHelper            - HHH000204: Processing PersistenceUnitInfo [name: default]
2021-03-02 21:17:01,601 [main] INFO  org.hibernate.Version                              - HHH000412: Hibernate ORM core version 5.4.27.Final
2021-03-02 21:17:02,672 [main] INFO  org.hibernate.annotations.common.Version           - HCANN000001: Hibernate Commons Annotations {5.1.2.Final}
2021-03-02 21:17:03,094 [main] INFO  org.hibernate.dialect.Dialect                      - HHH000400: Using dialect: org.hibernate.dialect.H2Dialect
2021-03-02 21:17:04,915 [main] INFO  o.h.e.t.j.p.i.JtaPlatformInitiator                 - HHH000490: Using JtaPlatform implementation: [org.hibernate.engine.transaction.jta.platform.internal.NoJtaPlatform]
2021-03-02 21:17:04,927 [main] INFO  o.s.o.j.LocalContainerEntityManagerFactoryBean     - Initialized JPA EntityManagerFactory for persistence unit 'default'
2021-03-02 21:17:06,499 [main] WARN  o.s.b.a.o.j.JpaBaseConfiguration$JpaWebConfiguration - spring.jpa.open-in-view is enabled by default. Therefore, database queries may be performed during view rendering. Explicitly configure spring.jpa.open-in-view to disable this warning
2021-03-02 21:17:07,011 [main] INFO  o.s.b.a.h2.H2ConsoleAutoConfiguration              - H2 console available at '/h2-console'. Database available at 'jdbc:h2:mem:testdb'
2021-03-02 21:17:07,433 [main] INFO  o.s.b.a.e.web.EndpointLinksResolver                - Exposing 2 endpoint(s) beneath base path '/actuator'
2021-03-02 21:17:08,362 [main] INFO  o.s.s.concurrent.ThreadPoolTaskExecutor            - Initializing ExecutorService 'applicationTaskExecutor'
2021-03-02 21:17:08,954 [main] INFO  s.d.s.w.p.DocumentationPluginsBootstrapper         - Context refreshed
2021-03-02 21:17:08,991 [main] INFO  s.d.s.w.p.DocumentationPluginsBootstrapper         - Found 1 custom documentation plugin(s)
2021-03-02 21:17:09,008 [main] INFO  s.d.s.w.s.ApiListingReferenceScanner               - Scanning for api listing references
2021-03-02 21:17:09,476 [main] INFO  c.j.p.PhonebookwebappApplicationTests              - Started PhonebookwebappApplicationTests in 17.163 seconds (JVM running for 23.161)
2021-03-02 21:17:10,948 [SpringContextShutdownHook] INFO  o.s.s.concurrent.ThreadPoolTaskExecutor            - Shutting down ExecutorService 'applicationTaskExecutor'
2021-03-02 21:17:10,956 [SpringContextShutdownHook] INFO  o.s.o.j.LocalContainerEntityManagerFactoryBean     - Closing JPA EntityManagerFactory for persistence unit 'default'
2021-03-02 21:17:10,956 [SpringContextShutdownHook] INFO  o.h.t.s.i.SchemaDropperImpl$DelayedDropActionImpl  - HHH000477: Starting delayed evictData of schema as part of SessionFactory shut-down'
2021-03-02 21:17:10,982 [SpringContextShutdownHook] INFO  com.zaxxer.hikari.HikariDataSource                 - HikariPool-1 - Shutdown initiated...
2021-03-02 21:17:10,989 [SpringContextShutdownHook] INFO  com.zaxxer.hikari.HikariDataSource                 - HikariPool-1 - Shutdown completed.
2021-03-02 22:15:03,678 [HikariPool-1 housekeeper] WARN  com.zaxxer.hikari.pool.HikariPool                  - HikariPool-1 - Thread starvation or clock leap detected (housekeeper delta=40m2s860ms438µs300ns).
2021-03-02 22:15:53,782 [HikariPool-1 housekeeper] WARN  com.zaxxer.hikari.pool.HikariPool                  - HikariPool-1 - Thread starvation or clock leap detected (housekeeper delta=55s262ms936µs300ns).
2021-03-02 22:50:18,256 [HikariPool-1 housekeeper] WARN  com.zaxxer.hikari.pool.HikariPool                  - HikariPool-1 - Thread starvation or clock leap detected (housekeeper delta=19m24s265ms663µs).
